<?xml version="1.0" encoding="UTF-8"?>
<robot generator="Robot 7.0 (Python 3.12.2 on win32)" generated="2024-05-29T09:42:53.106282" rpa="false" schemaversion="5">
<suite id="s1" name="DemoWebShop Team4" source="E:\EXPLEO\Narayana\sample_main_DemoWebShop\PilotProject__DemoWebShop_Team4">
<suite id="s1-s1" name="TestCase" source="E:\EXPLEO\Narayana\sample_main_DemoWebShop\PilotProject__DemoWebShop_Team4\TestCase">
<suite id="s1-s1-s1" name="JewelryTest" source="E:\EXPLEO\Narayana\sample_main_DemoWebShop\PilotProject__DemoWebShop_Team4\TestCase\JewelryTest.robot">
<test id="s1-s1-s1-t1" name="Validate the jewelry functionality" line="11">
<kw name="open the browser" owner="GenericResources" type="SETUP">
<kw name="Create Webdriver" owner="SeleniumLibrary">
<msg time="2024-05-29T09:42:53.498045" level="INFO">Creating an instance of the Chrome WebDriver.</msg>
<arg>${browser}</arg>
<doc>Creates an instance of Selenium WebDriver.</doc>
<status status="PASS" start="2024-05-29T09:42:53.498045" elapsed="15.587499"/>
</kw>
<kw name="Go To" owner="SeleniumLibrary">
<msg time="2024-05-29T09:43:09.088088" level="INFO">Opening url 'https://demowebshop.tricentis.com'</msg>
<arg>${url}</arg>
<doc>Navigates the current browser window to the provided ``url``.</doc>
<status status="PASS" start="2024-05-29T09:43:09.085544" elapsed="5.113825"/>
</kw>
<kw name="Maximize Browser Window" owner="SeleniumLibrary">
<doc>Maximizes current browser window.</doc>
<status status="PASS" start="2024-05-29T09:43:14.199874" elapsed="0.031177"/>
</kw>
<kw name="Set Selenium Implicit Wait" owner="SeleniumLibrary">
<arg>5</arg>
<doc>Sets the implicit wait value used by Selenium.</doc>
<status status="PASS" start="2024-05-29T09:43:14.231051" elapsed="0.040659"/>
</kw>
<status status="PASS" start="2024-05-29T09:42:53.498045" elapsed="20.773665"/>
</kw>
<kw name="Click the jewelry element" owner="JewelryResources">
<kw name="Click Element" owner="SeleniumLibrary">
<msg time="2024-05-29T09:43:14.273658" level="INFO">Clicking element 'xpath:(//a[@href='/jewelry'])[1]'.</msg>
<arg>${jewelry_button}</arg>
<doc>Click the element identified by ``locator``.</doc>
<status status="PASS" start="2024-05-29T09:43:14.272592" elapsed="0.886550"/>
</kw>
<status status="PASS" start="2024-05-29T09:43:14.272592" elapsed="0.886550"/>
</kw>
<kw name="Check whether the jewelry is visible" owner="JewelryResources">
<kw name="Element Text Should Be" owner="SeleniumLibrary">
<msg time="2024-05-29T09:43:15.160155" level="INFO">Verifying element 'xpath://div[@class='page-title']//h1' contains exact text 'Jewelry'.</msg>
<arg>${visible_jewelry}</arg>
<arg>Jewelry</arg>
<doc>Verifies that element ``locator`` contains exact the text ``expected``.</doc>
<status status="PASS" start="2024-05-29T09:43:15.160155" elapsed="0.030513"/>
</kw>
<status status="PASS" start="2024-05-29T09:43:15.159142" elapsed="0.031526"/>
</kw>
<kw name="Click the sort by dropdown button" owner="JewelryResources">
<kw name="Click Element" owner="SeleniumLibrary">
<msg time="2024-05-29T09:43:15.190668" level="INFO">Clicking element 'xpath://select[@id='products-orderby']'.</msg>
<arg>${click_dropdown}</arg>
<doc>Click the element identified by ``locator``.</doc>
<status status="PASS" start="2024-05-29T09:43:15.190668" elapsed="0.080493"/>
</kw>
<status status="PASS" start="2024-05-29T09:43:15.190668" elapsed="0.080493"/>
</kw>
<kw name="Click A to Z option in the dropdown list" owner="JewelryResources">
<kw name="Click Element" owner="SeleniumLibrary">
<msg time="2024-05-29T09:43:15.271161" level="INFO">Clicking element 'xpath:(//select[@id='products-orderby']//option)[2]'.</msg>
<arg>${click_A_to_Z_product}</arg>
<doc>Click the element identified by ``locator``.</doc>
<status status="PASS" start="2024-05-29T09:43:15.271161" elapsed="0.760827"/>
</kw>
<status status="PASS" start="2024-05-29T09:43:15.271161" elapsed="0.760827"/>
</kw>
<kw name="Verify whether Sorting Order in A to Z" owner="JewelryResources">
<kw name="Element Should Be Visible" owner="SeleniumLibrary">
<msg time="2024-05-29T09:43:16.164046" level="INFO">Element 'xpath://h2[@class='product-title']/a' is displayed.</msg>
<arg>${visible_product}</arg>
<arg>Black &amp; White Diamond Heart</arg>
<doc>Verifies that the element identified by ``locator`` is visible.</doc>
<status status="PASS" start="2024-05-29T09:43:16.033007" elapsed="0.131560"/>
</kw>
<status status="PASS" start="2024-05-29T09:43:16.033007" elapsed="0.131560"/>
</kw>
<kw name="Click the first product" owner="JewelryResources">
<kw name="Click Element" owner="SeleniumLibrary">
<msg time="2024-05-29T09:43:16.164567" level="INFO">Clicking element 'xpath://h2[@class='product-title']/a'.</msg>
<arg>${click_first_product}</arg>
<doc>Click the element identified by ``locator``.</doc>
<status status="PASS" start="2024-05-29T09:43:16.164567" elapsed="1.558955"/>
</kw>
<status status="PASS" start="2024-05-29T09:43:16.164567" elapsed="1.558955"/>
</kw>
<kw name="close browser session" owner="GenericResources" type="TEARDOWN">
<kw name="Close Browser" owner="SeleniumLibrary">
<doc>Closes the current browser.</doc>
<status status="PASS" start="2024-05-29T09:43:17.723522" elapsed="2.181563"/>
</kw>
<status status="PASS" start="2024-05-29T09:43:17.723522" elapsed="2.181563"/>
</kw>
<doc>This test case will validate the sort by functionality</doc>
<tag>smoke</tag>
<status status="PASS" start="2024-05-29T09:42:53.498045" elapsed="26.407040"/>
</test>
<test id="s1-s1-s1-t2" name="Validate the jewelry functionality without filtering" line="21">
<kw name="open the browser" owner="GenericResources" type="SETUP">
<kw name="Create Webdriver" owner="SeleniumLibrary">
<msg time="2024-05-29T09:43:19.905085" level="INFO">Creating an instance of the Chrome WebDriver.</msg>
<arg>${browser}</arg>
<doc>Creates an instance of Selenium WebDriver.</doc>
<status status="PASS" start="2024-05-29T09:43:19.905085" elapsed="2.645538"/>
</kw>
<kw name="Go To" owner="SeleniumLibrary">
<msg time="2024-05-29T09:43:22.551665" level="INFO">Opening url 'https://demowebshop.tricentis.com'</msg>
<arg>${url}</arg>
<doc>Navigates the current browser window to the provided ``url``.</doc>
<status status="PASS" start="2024-05-29T09:43:22.550623" elapsed="11.408087"/>
</kw>
<kw name="Maximize Browser Window" owner="SeleniumLibrary">
<doc>Maximizes current browser window.</doc>
<status status="PASS" start="2024-05-29T09:43:33.958710" elapsed="0.028199"/>
</kw>
<kw name="Set Selenium Implicit Wait" owner="SeleniumLibrary">
<arg>5</arg>
<doc>Sets the implicit wait value used by Selenium.</doc>
<status status="PASS" start="2024-05-29T09:43:33.986909" elapsed="0.006001"/>
</kw>
<status status="PASS" start="2024-05-29T09:43:19.905085" elapsed="14.087825"/>
</kw>
<kw name="Click the jewelry element" owner="JewelryResources">
<kw name="Click Element" owner="SeleniumLibrary">
<msg time="2024-05-29T09:43:33.994878" level="INFO">Clicking element 'xpath:(//a[@href='/jewelry'])[1]'.</msg>
<arg>${jewelry_button}</arg>
<doc>Click the element identified by ``locator``.</doc>
<status status="PASS" start="2024-05-29T09:43:33.994631" elapsed="0.803117"/>
</kw>
<status status="PASS" start="2024-05-29T09:43:33.992910" elapsed="0.805853"/>
</kw>
<kw name="Check whether the jewelry is visible" owner="JewelryResources">
<kw name="Element Text Should Be" owner="SeleniumLibrary">
<msg time="2024-05-29T09:43:34.799945" level="INFO">Verifying element 'xpath://div[@class='page-title']//h1' contains exact text 'Jewelry'.</msg>
<arg>${visible_jewelry}</arg>
<arg>Jewelry</arg>
<doc>Verifies that element ``locator`` contains exact the text ``expected``.</doc>
<status status="PASS" start="2024-05-29T09:43:34.799780" elapsed="0.025728"/>
</kw>
<status status="PASS" start="2024-05-29T09:43:34.798763" elapsed="0.026745"/>
</kw>
<kw name="Click the first product" owner="JewelryResources">
<kw name="Click Element" owner="SeleniumLibrary">
<msg time="2024-05-29T09:43:34.825508" level="INFO">Clicking element 'xpath://h2[@class='product-title']/a'.</msg>
<arg>${click_first_product}</arg>
<doc>Click the element identified by ``locator``.</doc>
<status status="PASS" start="2024-05-29T09:43:34.825508" elapsed="1.291366"/>
</kw>
<status status="PASS" start="2024-05-29T09:43:34.825508" elapsed="1.291616"/>
</kw>
<kw name="close browser session" owner="GenericResources" type="TEARDOWN">
<kw name="Close Browser" owner="SeleniumLibrary">
<doc>Closes the current browser.</doc>
<status status="PASS" start="2024-05-29T09:43:36.118022" elapsed="2.200946"/>
</kw>
<status status="PASS" start="2024-05-29T09:43:36.117124" elapsed="2.201844"/>
</kw>
<doc>This test case will validate that without sort by product</doc>
<tag>regression</tag>
<status status="PASS" start="2024-05-29T09:43:19.905085" elapsed="18.413883"/>
</test>
<test id="s1-s1-s1-t3" name="Validate the jewelry functionality with filtering all product" line="28">
<kw name="open the browser" owner="GenericResources" type="SETUP">
<kw name="Create Webdriver" owner="SeleniumLibrary">
<msg time="2024-05-29T09:43:38.322221" level="INFO">Creating an instance of the Chrome WebDriver.</msg>
<arg>${browser}</arg>
<doc>Creates an instance of Selenium WebDriver.</doc>
<status status="PASS" start="2024-05-29T09:43:38.320583" elapsed="2.700182"/>
</kw>
<kw name="Go To" owner="SeleniumLibrary">
<msg time="2024-05-29T09:43:41.020765" level="INFO">Opening url 'https://demowebshop.tricentis.com'</msg>
<arg>${url}</arg>
<doc>Navigates the current browser window to the provided ``url``.</doc>
<status status="PASS" start="2024-05-29T09:43:41.020765" elapsed="3.101695"/>
</kw>
<kw name="Maximize Browser Window" owner="SeleniumLibrary">
<doc>Maximizes current browser window.</doc>
<status status="PASS" start="2024-05-29T09:43:44.122460" elapsed="0.039247"/>
</kw>
<kw name="Set Selenium Implicit Wait" owner="SeleniumLibrary">
<arg>5</arg>
<doc>Sets the implicit wait value used by Selenium.</doc>
<status status="PASS" start="2024-05-29T09:43:44.163211" elapsed="0.000158"/>
</kw>
<status status="PASS" start="2024-05-29T09:43:38.320583" elapsed="5.842786"/>
</kw>
<kw name="Click the jewelry element" owner="JewelryResources">
<kw name="Click Element" owner="SeleniumLibrary">
<msg time="2024-05-29T09:43:44.165631" level="INFO">Clicking element 'xpath:(//a[@href='/jewelry'])[1]'.</msg>
<arg>${jewelry_button}</arg>
<doc>Click the element identified by ``locator``.</doc>
<status status="PASS" start="2024-05-29T09:43:44.165631" elapsed="1.298708"/>
</kw>
<status status="PASS" start="2024-05-29T09:43:44.165631" elapsed="1.298708"/>
</kw>
<kw name="Check whether the jewelry is visible" owner="JewelryResources">
<kw name="Element Text Should Be" owner="SeleniumLibrary">
<msg time="2024-05-29T09:43:45.465850" level="INFO">Verifying element 'xpath://div[@class='page-title']//h1' contains exact text 'Jewelry'.</msg>
<arg>${visible_jewelry}</arg>
<arg>Jewelry</arg>
<doc>Verifies that element ``locator`` contains exact the text ``expected``.</doc>
<status status="PASS" start="2024-05-29T09:43:45.465374" elapsed="0.032712"/>
</kw>
<status status="PASS" start="2024-05-29T09:43:45.465374" elapsed="0.032712"/>
</kw>
<kw name="Click the sort by dropdown button" owner="JewelryResources">
<kw name="Click Element" owner="SeleniumLibrary">
<msg time="2024-05-29T09:43:45.498086" level="INFO">Clicking element 'xpath://select[@id='products-orderby']'.</msg>
<arg>${click_dropdown}</arg>
<doc>Click the element identified by ``locator``.</doc>
<status status="PASS" start="2024-05-29T09:43:45.498086" elapsed="0.076771"/>
</kw>
<status status="PASS" start="2024-05-29T09:43:45.498086" elapsed="0.077288"/>
</kw>
<kw name="Click A to Z option in the dropdown list" owner="JewelryResources">
<kw name="Click Element" owner="SeleniumLibrary">
<msg time="2024-05-29T09:43:45.575708" level="INFO">Clicking element 'xpath:(//select[@id='products-orderby']//option)[2]'.</msg>
<arg>${click_A_to_Z_product}</arg>
<doc>Click the element identified by ``locator``.</doc>
<status status="PASS" start="2024-05-29T09:43:45.575708" elapsed="0.583668"/>
</kw>
<status status="PASS" start="2024-05-29T09:43:45.575708" elapsed="0.583668"/>
</kw>
<kw name="Verify whether Sorting Order in A to Z" owner="JewelryResources">
<kw name="Element Should Be Visible" owner="SeleniumLibrary">
<msg time="2024-05-29T09:43:46.187066" level="INFO">Element 'xpath://h2[@class='product-title']/a' is displayed.</msg>
<arg>${visible_product}</arg>
<arg>Black &amp; White Diamond Heart</arg>
<doc>Verifies that the element identified by ``locator`` is visible.</doc>
<status status="PASS" start="2024-05-29T09:43:46.160145" elapsed="0.026921"/>
</kw>
<status status="PASS" start="2024-05-29T09:43:46.160145" elapsed="0.026921"/>
</kw>
<kw name="Click dropdown display" owner="JewelryResources">
<kw name="Click Element" owner="SeleniumLibrary">
<msg time="2024-05-29T09:43:46.187066" level="INFO">Clicking element 'xpath://select[@id='products-pagesize']'.</msg>
<arg>${click_dropdown_display}</arg>
<doc>Click the element identified by ``locator``.</doc>
<status status="PASS" start="2024-05-29T09:43:46.187066" elapsed="0.079012"/>
</kw>
<status status="PASS" start="2024-05-29T09:43:46.187066" elapsed="0.079012"/>
</kw>
<kw name="Select the option in the display dropdown" owner="JewelryResources">
<kw name="Click Element" owner="SeleniumLibrary">
<msg time="2024-05-29T09:43:46.267126" level="INFO">Clicking element 'xpath:(//select[@id='products-pagesize']//option)[2]'.</msg>
<arg>${select_4_in display_option}</arg>
<doc>Click the element identified by ``locator``.</doc>
<status status="PASS" start="2024-05-29T09:43:46.267126" elapsed="0.039120"/>
</kw>
<status status="PASS" start="2024-05-29T09:43:46.267126" elapsed="0.039120"/>
</kw>
<kw name="Click view as option" owner="JewelryResources">
<kw name="Click Element" owner="SeleniumLibrary">
<msg time="2024-05-29T09:43:46.310292" level="INFO">Clicking element 'xpath://select[@id='products-viewmode']'.</msg>
<arg>${click_view_as}</arg>
<doc>Click the element identified by ``locator``.</doc>
<status status="PASS" start="2024-05-29T09:43:46.310292" elapsed="0.071773"/>
</kw>
<status status="PASS" start="2024-05-29T09:43:46.306246" elapsed="0.075819"/>
</kw>
<kw name="Select list in the view as option" owner="JewelryResources">
<kw name="Click Element" owner="SeleniumLibrary">
<msg time="2024-05-29T09:43:46.383122" level="INFO">Clicking element 'xpath://select[@id='products-viewmode']/option[text()='List']'.</msg>
<arg>${select_view_as}</arg>
<doc>Click the element identified by ``locator``.</doc>
<status status="PASS" start="2024-05-29T09:43:46.383122" elapsed="0.547241"/>
</kw>
<status status="PASS" start="2024-05-29T09:43:46.382065" elapsed="0.548298"/>
</kw>
<kw name="Check whether product are listed in one by one" owner="JewelryResources">
<kw name="Element Should Be Visible" owner="SeleniumLibrary">
<msg time="2024-05-29T09:43:46.952343" level="INFO">Element 'xpath://div[contains(@class, 'product-list')]' is displayed.</msg>
<arg>${list_visible}</arg>
<doc>Verifies that the element identified by ``locator`` is visible.</doc>
<status status="PASS" start="2024-05-29T09:43:46.930363" elapsed="0.021980"/>
</kw>
<status status="PASS" start="2024-05-29T09:43:46.930363" elapsed="0.021980"/>
</kw>
<kw name="close browser session" owner="GenericResources" type="TEARDOWN">
<kw name="Close Browser" owner="SeleniumLibrary">
<doc>Closes the current browser.</doc>
<status status="PASS" start="2024-05-29T09:43:46.952343" elapsed="2.157574"/>
</kw>
<status status="PASS" start="2024-05-29T09:43:46.952343" elapsed="2.157574"/>
</kw>
<doc>This test case will validate that product</doc>
<tag>regression</tag>
<status status="PASS" start="2024-05-29T09:43:38.320583" elapsed="10.789334"/>
</test>
<test id="s1-s1-s1-t4" name="Validate the jewelry with add to cart" line="42">
<kw name="open the browser" owner="GenericResources" type="SETUP">
<kw name="Create Webdriver" owner="SeleniumLibrary">
<msg time="2024-05-29T09:43:49.109917" level="INFO">Creating an instance of the Chrome WebDriver.</msg>
<arg>${browser}</arg>
<doc>Creates an instance of Selenium WebDriver.</doc>
<status status="PASS" start="2024-05-29T09:43:49.109917" elapsed="3.063119"/>
</kw>
<kw name="Go To" owner="SeleniumLibrary">
<msg time="2024-05-29T09:43:52.173036" level="INFO">Opening url 'https://demowebshop.tricentis.com'</msg>
<arg>${url}</arg>
<doc>Navigates the current browser window to the provided ``url``.</doc>
<status status="PASS" start="2024-05-29T09:43:52.173036" elapsed="4.227304"/>
</kw>
<kw name="Maximize Browser Window" owner="SeleniumLibrary">
<doc>Maximizes current browser window.</doc>
<status status="PASS" start="2024-05-29T09:43:56.402937" elapsed="0.030110"/>
</kw>
<kw name="Set Selenium Implicit Wait" owner="SeleniumLibrary">
<arg>5</arg>
<doc>Sets the implicit wait value used by Selenium.</doc>
<status status="PASS" start="2024-05-29T09:43:56.434700" elapsed="0.001508"/>
</kw>
<status status="PASS" start="2024-05-29T09:43:49.109917" elapsed="7.326291"/>
</kw>
<kw name="Click the jewelry element" owner="JewelryResources">
<kw name="Click Element" owner="SeleniumLibrary">
<msg time="2024-05-29T09:43:56.436208" level="INFO">Clicking element 'xpath:(//a[@href='/jewelry'])[1]'.</msg>
<arg>${jewelry_button}</arg>
<doc>Click the element identified by ``locator``.</doc>
<status status="PASS" start="2024-05-29T09:43:56.436208" elapsed="0.742245"/>
</kw>
<status status="PASS" start="2024-05-29T09:43:56.436208" elapsed="0.742245"/>
</kw>
<kw name="Click the sort by dropdown button" owner="JewelryResources">
<kw name="Click Element" owner="SeleniumLibrary">
<msg time="2024-05-29T09:43:57.178453" level="INFO">Clicking element 'xpath://select[@id='products-orderby']'.</msg>
<arg>${click_dropdown}</arg>
<doc>Click the element identified by ``locator``.</doc>
<status status="PASS" start="2024-05-29T09:43:57.178453" elapsed="0.076643"/>
</kw>
<status status="PASS" start="2024-05-29T09:43:57.178453" elapsed="0.076643"/>
</kw>
<kw name="Click low to high option in the dropdown list" owner="JewelryResources">
<kw name="Click Element" owner="SeleniumLibrary">
<msg time="2024-05-29T09:43:57.255096" level="INFO">Clicking element 'xpath:(//select[@id='products-orderby']//option)[4]'.</msg>
<arg>${click_low_to_high}</arg>
<doc>Click the element identified by ``locator``.</doc>
<status status="PASS" start="2024-05-29T09:43:57.255096" elapsed="0.614581"/>
</kw>
<status status="PASS" start="2024-05-29T09:43:57.255096" elapsed="0.614581"/>
</kw>
<kw name="Click second product in low to high" owner="JewelryResources">
<kw name="Click Link" owner="SeleniumLibrary">
<msg time="2024-05-29T09:43:57.869677" level="INFO">Clicking link 'xpath://a[text()='Black &amp; White Diamond Heart']'.</msg>
<arg>${click_product_inLowToHigh}</arg>
<doc>Clicks a link identified by ``locator``.</doc>
<status status="PASS" start="2024-05-29T09:43:57.869677" elapsed="0.939982"/>
</kw>
<status status="PASS" start="2024-05-29T09:43:57.869677" elapsed="0.939982"/>
</kw>
<kw name="Click add to cart button" owner="JewelryResources">
<kw name="Click Element" owner="SeleniumLibrary">
<msg time="2024-05-29T09:43:58.809659" level="INFO">Clicking element 'xpath://input[@id='add-to-cart-button-14']'.</msg>
<arg>${click_add_to_cart}</arg>
<doc>Click the element identified by ``locator``.</doc>
<status status="PASS" start="2024-05-29T09:43:58.809659" elapsed="0.080491"/>
</kw>
<status status="PASS" start="2024-05-29T09:43:58.809659" elapsed="0.080491"/>
</kw>
<kw name="Check whether selected product in cart" owner="JewelryResources">
<kw name="Element Text Should Be" owner="SeleniumLibrary">
<msg time="2024-05-29T09:43:58.890150" level="INFO">Verifying element 'xpath://p[@class='content']' contains exact text 'The product has been added to your shopping cart'.</msg>
<arg>${add_to_cart_notifi}</arg>
<arg>The product has been added to your shopping cart</arg>
<doc>Verifies that element ``locator`` contains exact the text ``expected``.</doc>
<status status="PASS" start="2024-05-29T09:43:58.890150" elapsed="0.351380"/>
</kw>
<status status="PASS" start="2024-05-29T09:43:58.890150" elapsed="0.353859"/>
</kw>
<kw name="close browser session" owner="GenericResources" type="TEARDOWN">
<kw name="Close Browser" owner="SeleniumLibrary">
<doc>Closes the current browser.</doc>
<status status="PASS" start="2024-05-29T09:43:59.244009" elapsed="2.174167"/>
</kw>
<status status="PASS" start="2024-05-29T09:43:59.244009" elapsed="2.174167"/>
</kw>
<doc>This test case will validate that product with add to cart</doc>
<tag>smoke</tag>
<status status="PASS" start="2024-05-29T09:43:49.109917" elapsed="12.308259"/>
</test>
<test id="s1-s1-s1-t5" name="Validate the price with range" line="52">
<kw name="open the browser" owner="GenericResources" type="SETUP">
<kw name="Create Webdriver" owner="SeleniumLibrary">
<msg time="2024-05-29T09:44:01.418176" level="INFO">Creating an instance of the Chrome WebDriver.</msg>
<arg>${browser}</arg>
<doc>Creates an instance of Selenium WebDriver.</doc>
<status status="PASS" start="2024-05-29T09:44:01.418176" elapsed="2.950316"/>
</kw>
<kw name="Go To" owner="SeleniumLibrary">
<msg time="2024-05-29T09:44:04.369508" level="INFO">Opening url 'https://demowebshop.tricentis.com'</msg>
<arg>${url}</arg>
<doc>Navigates the current browser window to the provided ``url``.</doc>
<status status="PASS" start="2024-05-29T09:44:04.369508" elapsed="4.384152"/>
</kw>
<kw name="Maximize Browser Window" owner="SeleniumLibrary">
<doc>Maximizes current browser window.</doc>
<status status="PASS" start="2024-05-29T09:44:08.753660" elapsed="0.043094"/>
</kw>
<kw name="Set Selenium Implicit Wait" owner="SeleniumLibrary">
<arg>5</arg>
<doc>Sets the implicit wait value used by Selenium.</doc>
<status status="PASS" start="2024-05-29T09:44:08.798160" elapsed="0.000193"/>
</kw>
<status status="PASS" start="2024-05-29T09:44:01.418176" elapsed="7.380177"/>
</kw>
<kw name="Click the jewelry element" owner="JewelryResources">
<kw name="Click Element" owner="SeleniumLibrary">
<msg time="2024-05-29T09:44:08.798353" level="INFO">Clicking element 'xpath:(//a[@href='/jewelry'])[1]'.</msg>
<arg>${jewelry_button}</arg>
<doc>Click the element identified by ``locator``.</doc>
<status status="PASS" start="2024-05-29T09:44:08.798353" elapsed="0.762291"/>
</kw>
<status status="PASS" start="2024-05-29T09:44:08.798353" elapsed="0.762291"/>
</kw>
<kw name="Click the sort by dropdown button" owner="JewelryResources">
<kw name="Click Element" owner="SeleniumLibrary">
<msg time="2024-05-29T09:44:09.562062" level="INFO">Clicking element 'xpath://select[@id='products-orderby']'.</msg>
<arg>${click_dropdown}</arg>
<doc>Click the element identified by ``locator``.</doc>
<status status="PASS" start="2024-05-29T09:44:09.562062" elapsed="0.078650"/>
</kw>
<status status="PASS" start="2024-05-29T09:44:09.560644" elapsed="0.080068"/>
</kw>
<kw name="Click low to high option in the dropdown list" owner="JewelryResources">
<kw name="Click Element" owner="SeleniumLibrary">
<msg time="2024-05-29T09:44:09.641872" level="INFO">Clicking element 'xpath:(//select[@id='products-orderby']//option)[4]'.</msg>
<arg>${click_low_to_high}</arg>
<doc>Click the element identified by ``locator``.</doc>
<status status="PASS" start="2024-05-29T09:44:09.641872" elapsed="0.598874"/>
</kw>
<status status="PASS" start="2024-05-29T09:44:09.641872" elapsed="0.598874"/>
</kw>
<kw name="Click A to Z option in the dropdown list" owner="JewelryResources">
<kw name="Click Element" owner="SeleniumLibrary">
<msg time="2024-05-29T09:44:10.242538" level="INFO">Clicking element 'xpath:(//select[@id='products-orderby']//option)[2]'.</msg>
<arg>${click_A_to_Z_product}</arg>
<doc>Click the element identified by ``locator``.</doc>
<status status="PASS" start="2024-05-29T09:44:10.240746" elapsed="0.600890"/>
</kw>
<status status="PASS" start="2024-05-29T09:44:10.240746" elapsed="0.600890"/>
</kw>
<kw name="Click between 0 to 500 range" owner="JewelryResources">
<kw name="Click Link" owner="SeleniumLibrary">
<msg time="2024-05-29T09:44:10.841636" level="INFO">Clicking link 'xpath://a[contains(@href, 'price=0-500')]'.</msg>
<arg>${click_first_range_price}</arg>
<doc>Clicks a link identified by ``locator``.</doc>
<status status="PASS" start="2024-05-29T09:44:10.841636" elapsed="0.620046"/>
</kw>
<status status="PASS" start="2024-05-29T09:44:10.841636" elapsed="0.620046"/>
</kw>
<kw name="close browser session" owner="GenericResources" type="TEARDOWN">
<kw name="Close Browser" owner="SeleniumLibrary">
<doc>Closes the current browser.</doc>
<status status="PASS" start="2024-05-29T09:44:11.463083" elapsed="2.201372"/>
</kw>
<status status="PASS" start="2024-05-29T09:44:11.462702" elapsed="2.201753"/>
</kw>
<doc>This test case will validate the price</doc>
<tag>regression</tag>
<status status="PASS" start="2024-05-29T09:44:01.418176" elapsed="12.246279"/>
</test>
<doc>To validate Profile information</doc>
<status status="PASS" start="2024-05-29T09:42:53.137533" elapsed="80.526922"/>
</suite>
<suite id="s1-s1-s2" name="MyAccountTest BackInStockSubscriptions" source="E:\EXPLEO\Narayana\sample_main_DemoWebShop\PilotProject__DemoWebShop_Team4\TestCase\MyAccountTest_BackInStockSubscriptions.robot">
<test id="s1-s1-s2-t1" name="Validate the back in stock subscriptions" line="10">
<kw name="open the browser" owner="GenericResources" type="SETUP">
<kw name="Create Webdriver" owner="SeleniumLibrary">
<msg time="2024-05-29T09:44:13.679912" level="INFO">Creating an instance of the Chrome WebDriver.</msg>
<arg>${browser}</arg>
<doc>Creates an instance of Selenium WebDriver.</doc>
<status status="PASS" start="2024-05-29T09:44:13.679912" elapsed="2.989976"/>
</kw>
<kw name="Go To" owner="SeleniumLibrary">
<msg time="2024-05-29T09:44:16.669888" level="INFO">Opening url 'https://demowebshop.tricentis.com'</msg>
<arg>${url}</arg>
<doc>Navigates the current browser window to the provided ``url``.</doc>
<status status="PASS" start="2024-05-29T09:44:16.669888" elapsed="3.672180"/>
</kw>
<kw name="Maximize Browser Window" owner="SeleniumLibrary">
<doc>Maximizes current browser window.</doc>
<status status="PASS" start="2024-05-29T09:44:20.342068" elapsed="0.031394"/>
</kw>
<kw name="Set Selenium Implicit Wait" owner="SeleniumLibrary">
<arg>5</arg>
<doc>Sets the implicit wait value used by Selenium.</doc>
<status status="PASS" start="2024-05-29T09:44:20.377198" elapsed="0.000505"/>
</kw>
<status status="PASS" start="2024-05-29T09:44:13.679912" elapsed="6.699616"/>
</kw>
<kw name="Fill login email" owner="MyAccountResources">
<kw name="Click Link" owner="SeleniumLibrary">
<msg time="2024-05-29T09:44:20.379633" level="INFO">Clicking link 'xpath=//a[text()='Log in']'.</msg>
<arg>${login}</arg>
<doc>Clicks a link identified by ``locator``.</doc>
<status status="PASS" start="2024-05-29T09:44:20.379633" elapsed="0.578883"/>
</kw>
<kw name="Input Text" owner="SeleniumLibrary">
<msg time="2024-05-29T09:44:20.959857" level="INFO">Typing text 'narayanasamy04082002@gmail.com' into text field 'xpath://input[@id='Email']'.</msg>
<arg>${login_email}</arg>
<arg>narayanasamy04082002@gmail.com</arg>
<doc>Types the given ``text`` into the text field identified by ``locator``.</doc>
<status status="PASS" start="2024-05-29T09:44:20.958516" elapsed="0.127007"/>
</kw>
<kw name="Input Text" owner="SeleniumLibrary">
<msg time="2024-05-29T09:44:21.085523" level="INFO">Typing text 'narayana' into text field 'xpath://input[@id='Password']'.</msg>
<arg>${login_pass}</arg>
<arg>narayana</arg>
<doc>Types the given ``text`` into the text field identified by ``locator``.</doc>
<status status="PASS" start="2024-05-29T09:44:21.085523" elapsed="0.125819"/>
</kw>
<kw name="Click Button" owner="SeleniumLibrary">
<msg time="2024-05-29T09:44:21.213037" level="INFO">Clicking button 'xpath=//input[@class='button-1 login-button']'.</msg>
<arg>${login_btn}</arg>
<doc>Clicks the button identified by ``locator``.</doc>
<status status="PASS" start="2024-05-29T09:44:21.212517" elapsed="1.096651"/>
</kw>
<status status="PASS" start="2024-05-29T09:44:20.379633" elapsed="1.931384"/>
</kw>
<kw name="Click account" owner="MyAccountResources">
<kw name="Click Link" owner="SeleniumLibrary">
<msg time="2024-05-29T09:44:22.311017" level="INFO">Clicking link 'xpath:(//li/a)[1]'.</msg>
<arg>${clickaccount}</arg>
<doc>Clicks a link identified by ``locator``.</doc>
<status status="PASS" start="2024-05-29T09:44:22.311017" elapsed="0.514087"/>
</kw>
<status status="PASS" start="2024-05-29T09:44:22.311017" elapsed="0.514087"/>
</kw>
<kw name="Click the back in stock subscriptions button" owner="MyAccountResources">
<kw name="Click Element" owner="SeleniumLibrary">
<msg time="2024-05-29T09:44:22.826730" level="INFO">Clicking element 'xpath://a[text()='Back in stock subscriptions']'.</msg>
<arg>${back_in_subscription}</arg>
<doc>Click the element identified by ``locator``.</doc>
<status status="PASS" start="2024-05-29T09:44:22.826158" elapsed="0.519698"/>
</kw>
<status status="PASS" start="2024-05-29T09:44:22.826158" elapsed="0.520719"/>
</kw>
<kw name="Close All Browsers" owner="SeleniumLibrary" type="TEARDOWN">
<doc>Closes all open browsers and resets the browser cache.</doc>
<status status="PASS" start="2024-05-29T09:44:23.347394" elapsed="6.245017"/>
</kw>
<status status="PASS" start="2024-05-29T09:44:13.679912" elapsed="15.912499"/>
</test>
<doc>To validate back in stock subscriptions</doc>
<status status="PASS" start="2024-05-29T09:44:13.664455" elapsed="15.927956"/>
</suite>
<suite id="s1-s1-s3" name="MyAccountTest ChangePassword" source="E:\EXPLEO\Narayana\sample_main_DemoWebShop\PilotProject__DemoWebShop_Team4\TestCase\MyAccountTest_ChangePassword.robot">
<test id="s1-s1-s3-t1" name="Validate the change password" line="11">
<kw name="open the browser" owner="GenericResources" type="SETUP">
<kw name="Create Webdriver" owner="SeleniumLibrary">
<msg time="2024-05-29T09:44:29.599432" level="INFO">Creating an instance of the Chrome WebDriver.</msg>
<arg>${browser}</arg>
<doc>Creates an instance of Selenium WebDriver.</doc>
<status status="PASS" start="2024-05-29T09:44:29.599432" elapsed="3.664916"/>
</kw>
<kw name="Go To" owner="SeleniumLibrary">
<msg time="2024-05-29T09:44:33.264348" level="INFO">Opening url 'https://demowebshop.tricentis.com'</msg>
<arg>${url}</arg>
<doc>Navigates the current browser window to the provided ``url``.</doc>
<status status="PASS" start="2024-05-29T09:44:33.264348" elapsed="3.799041"/>
</kw>
<kw name="Maximize Browser Window" owner="SeleniumLibrary">
<doc>Maximizes current browser window.</doc>
<status status="PASS" start="2024-05-29T09:44:37.063389" elapsed="0.028884"/>
</kw>
<kw name="Set Selenium Implicit Wait" owner="SeleniumLibrary">
<arg>5</arg>
<doc>Sets the implicit wait value used by Selenium.</doc>
<status status="PASS" start="2024-05-29T09:44:37.092273" elapsed="0.000000"/>
</kw>
<status status="PASS" start="2024-05-29T09:44:29.599432" elapsed="7.492841"/>
</kw>
<kw name="Fill login email" owner="MyAccountResources">
<kw name="Click Link" owner="SeleniumLibrary">
<msg time="2024-05-29T09:44:37.096299" level="INFO">Clicking link 'xpath=//a[text()='Log in']'.</msg>
<arg>${login}</arg>
<doc>Clicks a link identified by ``locator``.</doc>
<status status="PASS" start="2024-05-29T09:44:37.096083" elapsed="0.525662"/>
</kw>
<kw name="Input Text" owner="SeleniumLibrary">
<msg time="2024-05-29T09:44:37.621745" level="INFO">Typing text 'narayanasamy04082002@gmail.com' into text field 'xpath://input[@id='Email']'.</msg>
<arg>${login_email}</arg>
<arg>narayanasamy04082002@gmail.com</arg>
<doc>Types the given ``text`` into the text field identified by ``locator``.</doc>
<status status="PASS" start="2024-05-29T09:44:37.621745" elapsed="0.127727"/>
</kw>
<kw name="Input Text" owner="SeleniumLibrary">
<msg time="2024-05-29T09:44:37.749472" level="INFO">Typing text 'narayana' into text field 'xpath://input[@id='Password']'.</msg>
<arg>${login_pass}</arg>
<arg>narayana</arg>
<doc>Types the given ``text`` into the text field identified by ``locator``.</doc>
<status status="PASS" start="2024-05-29T09:44:37.749472" elapsed="0.119077"/>
</kw>
<kw name="Click Button" owner="SeleniumLibrary">
<msg time="2024-05-29T09:44:37.870667" level="INFO">Clicking button 'xpath=//input[@class='button-1 login-button']'.</msg>
<arg>${login_btn}</arg>
<doc>Clicks the button identified by ``locator``.</doc>
<status status="PASS" start="2024-05-29T09:44:37.870667" elapsed="0.976719"/>
</kw>
<status status="PASS" start="2024-05-29T09:44:37.092273" elapsed="1.755113"/>
</kw>
<kw name="Click account" owner="MyAccountResources">
<kw name="Click Link" owner="SeleniumLibrary">
<msg time="2024-05-29T09:44:38.850403" level="INFO">Clicking link 'xpath:(//li/a)[1]'.</msg>
<arg>${clickaccount}</arg>
<doc>Clicks a link identified by ``locator``.</doc>
<status status="PASS" start="2024-05-29T09:44:38.850403" elapsed="0.572642"/>
</kw>
<status status="PASS" start="2024-05-29T09:44:38.847386" elapsed="0.575659"/>
</kw>
<kw name="Click change password button" owner="MyAccountResources">
<kw name="Click Element" owner="SeleniumLibrary">
<msg time="2024-05-29T09:44:39.424712" level="INFO">Clicking element 'xpath://a[text()='Change password']'.</msg>
<arg>${change_password_path}</arg>
<doc>Click the element identified by ``locator``.</doc>
<status status="PASS" start="2024-05-29T09:44:39.424712" elapsed="0.765278"/>
</kw>
<status status="PASS" start="2024-05-29T09:44:39.424092" elapsed="0.765898"/>
</kw>
<kw name="Enter old password in the old password field" owner="MyAccountResources">
<kw name="Input Text" owner="SeleniumLibrary">
<msg time="2024-05-29T09:44:40.191314" level="INFO">Typing text 'narayana' into text field 'xpath://input[@id='OldPassword']'.</msg>
<arg>${old_password_path}</arg>
<arg>narayana</arg>
<doc>Types the given ``text`` into the text field identified by ``locator``.</doc>
<status status="PASS" start="2024-05-29T09:44:40.191314" elapsed="0.109095"/>
</kw>
<status status="PASS" start="2024-05-29T09:44:40.191314" elapsed="0.109095"/>
</kw>
<kw name="Enter new password in the new password field" owner="MyAccountResources">
<kw name="Input Text" owner="SeleniumLibrary">
<msg time="2024-05-29T09:44:40.301974" level="INFO">Typing text 'narayana' into text field 'xpath://input[@id='NewPassword']'.</msg>
<arg>${new_password_path}</arg>
<arg>narayana</arg>
<doc>Types the given ``text`` into the text field identified by ``locator``.</doc>
<status status="PASS" start="2024-05-29T09:44:40.301974" elapsed="0.118385"/>
</kw>
<status status="PASS" start="2024-05-29T09:44:40.301974" elapsed="0.118385"/>
</kw>
<kw name="Enter confirm password in the confirm password field" owner="MyAccountResources">
<kw name="Input Text" owner="SeleniumLibrary">
<msg time="2024-05-29T09:44:40.420359" level="INFO">Typing text 'narayana' into text field 'xpath://input[@id='ConfirmNewPassword']'.</msg>
<arg>${confirm_new_password_path}</arg>
<arg>narayana</arg>
<doc>Types the given ``text`` into the text field identified by ``locator``.</doc>
<status status="PASS" start="2024-05-29T09:44:40.420359" elapsed="0.114409"/>
</kw>
<status status="PASS" start="2024-05-29T09:44:40.420359" elapsed="0.114409"/>
</kw>
<kw name="Click change password button" owner="MyAccountResources">
<kw name="Click Element" owner="SeleniumLibrary">
<msg time="2024-05-29T09:44:40.535787" level="INFO">Clicking element 'xpath://a[text()='Change password']'.</msg>
<arg>${change_password_path}</arg>
<doc>Click the element identified by ``locator``.</doc>
<status status="PASS" start="2024-05-29T09:44:40.535787" elapsed="0.659084"/>
</kw>
<status status="PASS" start="2024-05-29T09:44:40.535787" elapsed="0.659084"/>
</kw>
<kw name="Close All Browsers" owner="SeleniumLibrary" type="TEARDOWN">
<doc>Closes all open browsers and resets the browser cache.</doc>
<status status="PASS" start="2024-05-29T09:44:41.194871" elapsed="6.246673"/>
</kw>
<status status="PASS" start="2024-05-29T09:44:29.599432" elapsed="17.842112"/>
</test>
<doc>To validate change password functionality</doc>
<status status="PASS" start="2024-05-29T09:44:29.592411" elapsed="17.849133"/>
</suite>
<suite id="s1-s1-s4" name="MyAccountTest CustomerAddress" source="E:\EXPLEO\Narayana\sample_main_DemoWebShop\PilotProject__DemoWebShop_Team4\TestCase\MyAccountTest_CustomerAddress.robot">
<test id="s1-s1-s4-t1" name="Validate the Customer Address" line="22">
<kw name="open the browser" owner="GenericResources" type="SETUP">
<kw name="Create Webdriver" owner="SeleniumLibrary">
<msg time="2024-05-29T09:44:50.627852" level="INFO">Creating an instance of the Chrome WebDriver.</msg>
<arg>${browser}</arg>
<doc>Creates an instance of Selenium WebDriver.</doc>
<status status="PASS" start="2024-05-29T09:44:50.627852" elapsed="3.115295"/>
</kw>
<kw name="Go To" owner="SeleniumLibrary">
<msg time="2024-05-29T09:44:53.743147" level="INFO">Opening url 'https://demowebshop.tricentis.com'</msg>
<arg>${url}</arg>
<doc>Navigates the current browser window to the provided ``url``.</doc>
<status status="PASS" start="2024-05-29T09:44:53.743147" elapsed="3.736218"/>
</kw>
<kw name="Maximize Browser Window" owner="SeleniumLibrary">
<doc>Maximizes current browser window.</doc>
<status status="PASS" start="2024-05-29T09:44:57.479365" elapsed="0.030790"/>
</kw>
<kw name="Set Selenium Implicit Wait" owner="SeleniumLibrary">
<arg>5</arg>
<doc>Sets the implicit wait value used by Selenium.</doc>
<status status="PASS" start="2024-05-29T09:44:57.511370" elapsed="0.000000"/>
</kw>
<status status="PASS" start="2024-05-29T09:44:50.627852" elapsed="6.883518"/>
</kw>
<kw name="Validate the Customer Address">
<kw name="Fill login email" owner="MyAccountResources">
<kw name="Click Link" owner="SeleniumLibrary">
<msg time="2024-05-29T09:44:57.513765" level="INFO">Clicking link 'xpath=//a[text()='Log in']'.</msg>
<arg>${login}</arg>
<doc>Clicks a link identified by ``locator``.</doc>
<status status="PASS" start="2024-05-29T09:44:57.513765" elapsed="0.534857"/>
</kw>
<kw name="Input Text" owner="SeleniumLibrary">
<msg time="2024-05-29T09:44:58.048983" level="INFO">Typing text 'narayanasamy04082002@gmail.com' into text field 'xpath://input[@id='Email']'.</msg>
<arg>${login_email}</arg>
<arg>narayanasamy04082002@gmail.com</arg>
<doc>Types the given ``text`` into the text field identified by ``locator``.</doc>
<status status="PASS" start="2024-05-29T09:44:58.048983" elapsed="0.133084"/>
</kw>
<kw name="Input Text" owner="SeleniumLibrary">
<msg time="2024-05-29T09:44:58.184332" level="INFO">Typing text 'narayana' into text field 'xpath://input[@id='Password']'.</msg>
<arg>${login_pass}</arg>
<arg>narayana</arg>
<doc>Types the given ``text`` into the text field identified by ``locator``.</doc>
<status status="PASS" start="2024-05-29T09:44:58.182067" elapsed="0.125746"/>
</kw>
<kw name="Click Button" owner="SeleniumLibrary">
<msg time="2024-05-29T09:44:58.307813" level="INFO">Clicking button 'xpath=//input[@class='button-1 login-button']'.</msg>
<arg>${login_btn}</arg>
<doc>Clicks the button identified by ``locator``.</doc>
<status status="PASS" start="2024-05-29T09:44:58.307813" elapsed="0.987690"/>
</kw>
<status status="PASS" start="2024-05-29T09:44:57.513765" elapsed="1.781738"/>
</kw>
<kw name="Click account" owner="MyAccountResources">
<kw name="Click Link" owner="SeleniumLibrary">
<msg time="2024-05-29T09:44:59.297826" level="INFO">Clicking link 'xpath:(//li/a)[1]'.</msg>
<arg>${clickaccount}</arg>
<doc>Clicks a link identified by ``locator``.</doc>
<status status="PASS" start="2024-05-29T09:44:59.297826" elapsed="0.593259"/>
</kw>
<status status="PASS" start="2024-05-29T09:44:59.297826" elapsed="0.593259"/>
</kw>
<kw name="Click the addresses button" owner="MyAccountResources">
<kw name="Click Element" owner="SeleniumLibrary">
<msg time="2024-05-29T09:44:59.892608" level="INFO">Clicking element 'xpath:(//a[text()='Addresses'])[1]'.</msg>
<arg>${addresses_path}</arg>
<doc>Click the element identified by ``locator``.</doc>
<status status="PASS" start="2024-05-29T09:44:59.892102" elapsed="1.791791"/>
</kw>
<status status="PASS" start="2024-05-29T09:44:59.892102" elapsed="1.793529"/>
</kw>
<kw name="Click new address button in the address page" owner="MyAccountResources">
<kw name="Click Button" owner="SeleniumLibrary">
<msg time="2024-05-29T09:45:01.685631" level="INFO">Clicking button 'css:input[class='button-1 add-address-button']'.</msg>
<arg>${click_button_path}</arg>
<doc>Clicks the button identified by ``locator``.</doc>
<status status="PASS" start="2024-05-29T09:45:01.685631" elapsed="0.824612"/>
</kw>
<status status="PASS" start="2024-05-29T09:45:01.685631" elapsed="0.824612"/>
</kw>
<kw name="Check whether the Add new address is visible" owner="MyAccountResources">
<kw name="Click Element" owner="SeleniumLibrary">
<msg time="2024-05-29T09:45:02.511259" level="INFO">Clicking element 'xpath://input[@id='Address_City']'.</msg>
<arg>${add_city}</arg>
<doc>Click the element identified by ``locator``.</doc>
<status status="PASS" start="2024-05-29T09:45:02.511259" elapsed="0.089370"/>
</kw>
<status status="PASS" start="2024-05-29T09:45:02.511259" elapsed="0.089370"/>
</kw>
<kw name="Enter the first name in the company field" owner="MyAccountResources">
<kw name="Input Text" owner="SeleniumLibrary">
<msg time="2024-05-29T09:45:02.600629" level="INFO">Typing text 'narayana' into text field 'xpath://input[@id='Address_FirstName']'.</msg>
<arg>${add_firstname}</arg>
<arg>${firstname1}</arg>
<doc>Types the given ``text`` into the text field identified by ``locator``.</doc>
<status status="PASS" start="2024-05-29T09:45:02.600629" elapsed="0.129625"/>
</kw>
<arg>${_firstname}</arg>
<status status="PASS" start="2024-05-29T09:45:02.600629" elapsed="0.129625"/>
</kw>
<kw name="Enter the last name in the company field" owner="MyAccountResources">
<kw name="Input Text" owner="SeleniumLibrary">
<msg time="2024-05-29T09:45:02.730771" level="INFO">Typing text 'samy' into text field 'xpath://input[@id='Address_LastName']'.</msg>
<arg>${add_lastname}</arg>
<arg>${lastname1}</arg>
<doc>Types the given ``text`` into the text field identified by ``locator``.</doc>
<status status="PASS" start="2024-05-29T09:45:02.730771" elapsed="0.115886"/>
</kw>
<arg>${_lastname}</arg>
<status status="PASS" start="2024-05-29T09:45:02.730771" elapsed="0.115886"/>
</kw>
<kw name="Enter the email in the company field" owner="MyAccountResources">
<kw name="Input Text" owner="SeleniumLibrary">
<msg time="2024-05-29T09:45:02.846657" level="INFO">Typing text 'narayanasamy04082002@gmail.com' into text field 'xpath://input[@id='Address_Email']'.</msg>
<arg>${add_email}</arg>
<arg>${email1}</arg>
<doc>Types the given ``text`` into the text field identified by ``locator``.</doc>
<status status="PASS" start="2024-05-29T09:45:02.846657" elapsed="0.128945"/>
</kw>
<arg>${_email}</arg>
<status status="PASS" start="2024-05-29T09:45:02.846657" elapsed="0.128945"/>
</kw>
<kw name="Enter company in the company field" owner="MyAccountResources">
<kw name="Input Text" owner="SeleniumLibrary">
<msg time="2024-05-29T09:45:02.975602" level="INFO">Typing text 'expleo' into text field 'xpath://input[@id='Address_Company']'.</msg>
<arg>${add_company}</arg>
<arg>${company}</arg>
<doc>Types the given ``text`` into the text field identified by ``locator``.</doc>
<status status="PASS" start="2024-05-29T09:45:02.975602" elapsed="0.109062"/>
</kw>
<arg>${_company}</arg>
<status status="PASS" start="2024-05-29T09:45:02.975602" elapsed="0.115333"/>
</kw>
<kw name="Click country in the dropdown" owner="MyAccountResources">
<kw name="Click Element" owner="SeleniumLibrary">
<msg time="2024-05-29T09:45:03.090935" level="INFO">Clicking element 'xpath://select[@id='Address_CountryId']'.</msg>
<arg>${add_country}</arg>
<doc>Click the element identified by ``locator``.</doc>
<status status="PASS" start="2024-05-29T09:45:03.090935" elapsed="0.090881"/>
</kw>
<status status="PASS" start="2024-05-29T09:45:03.090935" elapsed="0.090881"/>
</kw>
<kw name="Select country in the dropdown" owner="MyAccountResources">
<kw name="Click Element" owner="SeleniumLibrary">
<msg time="2024-05-29T09:45:03.181816" level="INFO">Clicking element 'xpath://option[@value='41']'.</msg>
<arg>${select_country}</arg>
<doc>Click the element identified by ``locator``.</doc>
<status status="PASS" start="2024-05-29T09:45:03.181816" elapsed="0.065425"/>
</kw>
<status status="PASS" start="2024-05-29T09:45:03.181816" elapsed="0.065942"/>
</kw>
<kw name="Enter city in the city text field" owner="MyAccountResources">
<kw name="Input Text" owner="SeleniumLibrary">
<msg time="2024-05-29T09:45:03.247758" level="INFO">Typing text 'salem' into text field 'xpath://input[@id='Address_City']'.</msg>
<arg>${add_city}</arg>
<arg>${city}</arg>
<doc>Types the given ``text`` into the text field identified by ``locator``.</doc>
<status status="PASS" start="2024-05-29T09:45:03.247758" elapsed="0.108867"/>
</kw>
<arg>${_city}</arg>
<status status="PASS" start="2024-05-29T09:45:03.247758" elapsed="0.108867"/>
</kw>
<kw name="Enter address1 in the address field" owner="MyAccountResources">
<kw name="Input Text" owner="SeleniumLibrary">
<msg time="2024-05-29T09:45:03.356625" level="INFO">Typing text '2-25 erusa street' into text field 'xpath://input[@id='Address_Address1']'.</msg>
<arg>${add_address}</arg>
<arg>${address}</arg>
<doc>Types the given ``text`` into the text field identified by ``locator``.</doc>
<status status="PASS" start="2024-05-29T09:45:03.356625" elapsed="0.125069"/>
</kw>
<arg>${_address}</arg>
<status status="PASS" start="2024-05-29T09:45:03.356625" elapsed="0.125832"/>
</kw>
<kw name="Enter zip or postal number in the field" owner="MyAccountResources">
<kw name="Input Text" owner="SeleniumLibrary">
<msg time="2024-05-29T09:45:03.482457" level="INFO">Typing text '123456' into text field 'xpath://input[@id='Address_ZipPostalCode']'.</msg>
<arg>${add_zip}</arg>
<arg>${zip}</arg>
<doc>Types the given ``text`` into the text field identified by ``locator``.</doc>
<status status="PASS" start="2024-05-29T09:45:03.482457" elapsed="0.124271"/>
</kw>
<arg>${_zip}</arg>
<status status="PASS" start="2024-05-29T09:45:03.482457" elapsed="0.124271"/>
</kw>
<kw name="Enter phone number in the phone number field" owner="MyAccountResources">
<kw name="Input Text" owner="SeleniumLibrary">
<msg time="2024-05-29T09:45:03.606728" level="INFO">Typing text '7766554433' into text field 'xpath://input[@id='Address_PhoneNumber']'.</msg>
<arg>${add_phonenumber}</arg>
<arg>${phone}</arg>
<doc>Types the given ``text`` into the text field identified by ``locator``.</doc>
<status status="PASS" start="2024-05-29T09:45:03.606728" elapsed="0.116437"/>
</kw>
<arg>${_phone}</arg>
<status status="PASS" start="2024-05-29T09:45:03.606728" elapsed="0.116437"/>
</kw>
<kw name="Click save button" owner="MyAccountResources">
<kw name="Click Button" owner="SeleniumLibrary">
<msg time="2024-05-29T09:45:03.723165" level="INFO">Clicking button 'xpath://input[@value='Save']'.</msg>
<arg>${save_path}</arg>
<doc>Clicks the button identified by ``locator``.</doc>
<status status="PASS" start="2024-05-29T09:45:03.723165" elapsed="3.283336"/>
</kw>
<status status="PASS" start="2024-05-29T09:45:03.723165" elapsed="3.283336"/>
</kw>
<arg>_firstname=narayana</arg>
<arg>_lastname=samy</arg>
<arg>_email=narayanasamy04082002@gmail.com</arg>
<arg>_company=expleo</arg>
<arg>_city=salem</arg>
<arg>_address=2-25 erusa street</arg>
<arg>_zip=123456</arg>
<arg>_phone=7766554433</arg>
<doc>This test case will validate the customer address</doc>
<status status="PASS" start="2024-05-29T09:44:57.513765" elapsed="9.492736"/>
</kw>
<kw name="Close All Browsers" owner="SeleniumLibrary" type="TEARDOWN">
<doc>Closes all open browsers and resets the browser cache.</doc>
<status status="PASS" start="2024-05-29T09:45:07.006501" elapsed="6.244775"/>
</kw>
<status status="PASS" start="2024-05-29T09:44:50.627852" elapsed="22.623424"/>
</test>
<doc>To validate customer address information</doc>
<status status="PASS" start="2024-05-29T09:44:47.441544" elapsed="25.809732"/>
</suite>
<suite id="s1-s1-s5" name="MyAccountTest EditCustomerAddress" source="E:\EXPLEO\Narayana\sample_main_DemoWebShop\PilotProject__DemoWebShop_Team4\TestCase\MyAccountTest_EditCustomerAddress.robot">
<test id="s1-s1-s5-t1" name="Validate that edit the customer address" line="15">
<kw name="open the browser" owner="GenericResources" type="SETUP">
<kw name="Create Webdriver" owner="SeleniumLibrary">
<msg time="2024-05-29T09:45:13.377400" level="INFO">Creating an instance of the Chrome WebDriver.</msg>
<arg>${browser}</arg>
<doc>Creates an instance of Selenium WebDriver.</doc>
<status status="PASS" start="2024-05-29T09:45:13.377400" elapsed="3.177134"/>
</kw>
<kw name="Go To" owner="SeleniumLibrary">
<msg time="2024-05-29T09:45:16.554534" level="INFO">Opening url 'https://demowebshop.tricentis.com'</msg>
<arg>${url}</arg>
<doc>Navigates the current browser window to the provided ``url``.</doc>
<status status="PASS" start="2024-05-29T09:45:16.554534" elapsed="4.346732"/>
</kw>
<kw name="Maximize Browser Window" owner="SeleniumLibrary">
<doc>Maximizes current browser window.</doc>
<status status="PASS" start="2024-05-29T09:45:20.901266" elapsed="0.027516"/>
</kw>
<kw name="Set Selenium Implicit Wait" owner="SeleniumLibrary">
<arg>5</arg>
<doc>Sets the implicit wait value used by Selenium.</doc>
<status status="PASS" start="2024-05-29T09:45:20.928782" elapsed="0.002216"/>
</kw>
<status status="PASS" start="2024-05-29T09:45:13.377400" elapsed="7.553598"/>
</kw>
<kw name="Validate that edit the customer address">
<kw name="Fill login email" owner="MyAccountResources">
<kw name="Click Link" owner="SeleniumLibrary">
<msg time="2024-05-29T09:45:20.933256" level="INFO">Clicking link 'xpath=//a[text()='Log in']'.</msg>
<arg>${login}</arg>
<doc>Clicks a link identified by ``locator``.</doc>
<status status="PASS" start="2024-05-29T09:45:20.933256" elapsed="0.522202"/>
</kw>
<kw name="Input Text" owner="SeleniumLibrary">
<msg time="2024-05-29T09:45:21.455458" level="INFO">Typing text 'narayanasamy04082002@gmail.com' into text field 'xpath://input[@id='Email']'.</msg>
<arg>${login_email}</arg>
<arg>narayanasamy04082002@gmail.com</arg>
<doc>Types the given ``text`` into the text field identified by ``locator``.</doc>
<status status="PASS" start="2024-05-29T09:45:21.455458" elapsed="0.127349"/>
</kw>
<kw name="Input Text" owner="SeleniumLibrary">
<msg time="2024-05-29T09:45:21.582807" level="INFO">Typing text 'narayana' into text field 'xpath://input[@id='Password']'.</msg>
<arg>${login_pass}</arg>
<arg>narayana</arg>
<doc>Types the given ``text`` into the text field identified by ``locator``.</doc>
<status status="PASS" start="2024-05-29T09:45:21.582807" elapsed="0.124856"/>
</kw>
<kw name="Click Button" owner="SeleniumLibrary">
<msg time="2024-05-29T09:45:21.708748" level="INFO">Clicking button 'xpath=//input[@class='button-1 login-button']'.</msg>
<arg>${login_btn}</arg>
<doc>Clicks the button identified by ``locator``.</doc>
<status status="PASS" start="2024-05-29T09:45:21.707663" elapsed="1.086325"/>
</kw>
<status status="PASS" start="2024-05-29T09:45:20.933131" elapsed="1.861364"/>
</kw>
<kw name="Click account" owner="MyAccountResources">
<kw name="Click Link" owner="SeleniumLibrary">
<msg time="2024-05-29T09:45:22.794495" level="INFO">Clicking link 'xpath:(//li/a)[1]'.</msg>
<arg>${clickaccount}</arg>
<doc>Clicks a link identified by ``locator``.</doc>
<status status="PASS" start="2024-05-29T09:45:22.794495" elapsed="0.554700"/>
</kw>
<status status="PASS" start="2024-05-29T09:45:22.794495" elapsed="0.554700"/>
</kw>
<kw name="Click the addresses button" owner="MyAccountResources">
<kw name="Click Element" owner="SeleniumLibrary">
<msg time="2024-05-29T09:45:23.354874" level="INFO">Clicking element 'xpath:(//a[text()='Addresses'])[1]'.</msg>
<arg>${addresses_path}</arg>
<doc>Click the element identified by ``locator``.</doc>
<status status="PASS" start="2024-05-29T09:45:23.354143" elapsed="2.091457"/>
</kw>
<status status="PASS" start="2024-05-29T09:45:23.349195" elapsed="2.096405"/>
</kw>
<kw name="Click edit button in the address page" owner="MyAccountResources">
<kw name="Click Button" owner="SeleniumLibrary">
<msg time="2024-05-29T09:45:25.445600" level="INFO">Clicking button 'xpath:(//input[@value='Edit'])[1]'.</msg>
<arg>${edit_button}</arg>
<doc>Clicks the button identified by ``locator``.</doc>
<status status="PASS" start="2024-05-29T09:45:25.445600" elapsed="0.825284"/>
</kw>
<status status="PASS" start="2024-05-29T09:45:25.445600" elapsed="0.826339"/>
</kw>
<kw name="Enter address1 in the address field" owner="MyAccountResources">
<kw name="Input Text" owner="SeleniumLibrary">
<msg time="2024-05-29T09:45:26.272472" level="INFO">Typing text '2-25 erusa street' into text field 'xpath://input[@id='Address_Address1']'.</msg>
<arg>${add_address}</arg>
<arg>${address}</arg>
<doc>Types the given ``text`` into the text field identified by ``locator``.</doc>
<status status="PASS" start="2024-05-29T09:45:26.272472" elapsed="0.128784"/>
</kw>
<arg>${_address}</arg>
<status status="PASS" start="2024-05-29T09:45:26.272472" elapsed="0.128784"/>
</kw>
<kw name="Click save button" owner="MyAccountResources">
<kw name="Click Button" owner="SeleniumLibrary">
<msg time="2024-05-29T09:45:26.401256" level="INFO">Clicking button 'xpath://input[@value='Save']'.</msg>
<arg>${save_path}</arg>
<doc>Clicks the button identified by ``locator``.</doc>
<status status="PASS" start="2024-05-29T09:45:26.401256" elapsed="2.629592"/>
</kw>
<status status="PASS" start="2024-05-29T09:45:26.401256" elapsed="2.629592"/>
</kw>
<arg>_address=2-25 erusa street</arg>
<status status="PASS" start="2024-05-29T09:45:20.930998" elapsed="8.099850"/>
</kw>
<kw name="Close All Browsers" owner="SeleniumLibrary" type="TEARDOWN">
<doc>Closes all open browsers and resets the browser cache.</doc>
<status status="PASS" start="2024-05-29T09:45:29.030848" elapsed="6.238287"/>
</kw>
<status status="PASS" start="2024-05-29T09:45:13.377400" elapsed="21.891735"/>
</test>
<doc>To validate editing customer address</doc>
<status status="PASS" start="2024-05-29T09:45:13.251276" elapsed="22.017859"/>
</suite>
<suite id="s1-s1-s6" name="MyAccountTest Login" source="E:\EXPLEO\Narayana\sample_main_DemoWebShop\PilotProject__DemoWebShop_Team4\TestCase\MyAccountTest_Login.robot">
<test id="s1-s1-s6-t1" name="Validate MyAccount Information" line="17">
<kw name="open the browser" owner="GenericResources" type="SETUP">
<kw name="Create Webdriver" owner="SeleniumLibrary">
<msg time="2024-05-29T09:45:35.300863" level="INFO">Creating an instance of the Chrome WebDriver.</msg>
<arg>${browser}</arg>
<doc>Creates an instance of Selenium WebDriver.</doc>
<status status="PASS" start="2024-05-29T09:45:35.300863" elapsed="3.183305"/>
</kw>
<kw name="Go To" owner="SeleniumLibrary">
<msg time="2024-05-29T09:45:38.484168" level="INFO">Opening url 'https://demowebshop.tricentis.com'</msg>
<arg>${url}</arg>
<doc>Navigates the current browser window to the provided ``url``.</doc>
<status status="PASS" start="2024-05-29T09:45:38.484168" elapsed="4.449449"/>
</kw>
<kw name="Maximize Browser Window" owner="SeleniumLibrary">
<doc>Maximizes current browser window.</doc>
<status status="PASS" start="2024-05-29T09:45:42.933617" elapsed="0.041521"/>
</kw>
<kw name="Set Selenium Implicit Wait" owner="SeleniumLibrary">
<arg>5</arg>
<doc>Sets the implicit wait value used by Selenium.</doc>
<status status="PASS" start="2024-05-29T09:45:42.975138" elapsed="0.002028"/>
</kw>
<status status="PASS" start="2024-05-29T09:45:35.300863" elapsed="7.676303"/>
</kw>
<kw name="Validate the MyAccount information">
<kw name="Fill login email" owner="MyAccountResources">
<kw name="Click Link" owner="SeleniumLibrary">
<msg time="2024-05-29T09:45:42.979332" level="INFO">Clicking link 'xpath=//a[text()='Log in']'.</msg>
<arg>${login}</arg>
<doc>Clicks a link identified by ``locator``.</doc>
<status status="PASS" start="2024-05-29T09:45:42.978690" elapsed="0.512152"/>
</kw>
<kw name="Input Text" owner="SeleniumLibrary">
<msg time="2024-05-29T09:45:43.491865" level="INFO">Typing text 'narayanasamy04082002@gmail.com' into text field 'xpath://input[@id='Email']'.</msg>
<arg>${login_email}</arg>
<arg>narayanasamy04082002@gmail.com</arg>
<doc>Types the given ``text`` into the text field identified by ``locator``.</doc>
<status status="PASS" start="2024-05-29T09:45:43.490842" elapsed="0.125178"/>
</kw>
<kw name="Input Text" owner="SeleniumLibrary">
<msg time="2024-05-29T09:45:43.616020" level="INFO">Typing text 'narayana' into text field 'xpath://input[@id='Password']'.</msg>
<arg>${login_pass}</arg>
<arg>narayana</arg>
<doc>Types the given ``text`` into the text field identified by ``locator``.</doc>
<status status="PASS" start="2024-05-29T09:45:43.616020" elapsed="0.120569"/>
</kw>
<kw name="Click Button" owner="SeleniumLibrary">
<msg time="2024-05-29T09:45:43.738497" level="INFO">Clicking button 'xpath=//input[@class='button-1 login-button']'.</msg>
<arg>${login_btn}</arg>
<doc>Clicks the button identified by ``locator``.</doc>
<status status="PASS" start="2024-05-29T09:45:43.736589" elapsed="0.979838"/>
</kw>
<status status="PASS" start="2024-05-29T09:45:42.978690" elapsed="1.737737"/>
</kw>
<kw name="Click account" owner="MyAccountResources">
<kw name="Click Link" owner="SeleniumLibrary">
<msg time="2024-05-29T09:45:44.719437" level="INFO">Clicking link 'xpath:(//li/a)[1]'.</msg>
<arg>${clickaccount}</arg>
<doc>Clicks a link identified by ``locator``.</doc>
<status status="PASS" start="2024-05-29T09:45:44.716427" elapsed="0.557873"/>
</kw>
<status status="PASS" start="2024-05-29T09:45:44.716427" elapsed="0.558892"/>
</kw>
<kw name="Click the gender in checkbox field" owner="MyAccountResources">
<kw name="Click Element" owner="SeleniumLibrary">
<msg time="2024-05-29T09:45:45.276029" level="INFO">Clicking element 'xpath://input[@id='gender-male']'.</msg>
<arg>${gender_male_path}</arg>
<doc>Click the element identified by ``locator``.</doc>
<status status="PASS" start="2024-05-29T09:45:45.276029" elapsed="0.067739"/>
</kw>
<status status="PASS" start="2024-05-29T09:45:45.275319" elapsed="0.068449"/>
</kw>
<kw name="Enter first name in the firstname field" owner="MyAccountResources">
<kw name="Input Text" owner="SeleniumLibrary">
<msg time="2024-05-29T09:45:45.344761" level="INFO">Typing text 'narayana' into text field 'xpath://input[@id='FirstName']'.</msg>
<arg>${firstname_path}</arg>
<arg>${firstname}</arg>
<doc>Types the given ``text`` into the text field identified by ``locator``.</doc>
<status status="PASS" start="2024-05-29T09:45:45.344761" elapsed="0.110188"/>
</kw>
<arg>${_firstname}</arg>
<status status="PASS" start="2024-05-29T09:45:45.343768" elapsed="0.111181"/>
</kw>
<kw name="Enter last name in the lastname field" owner="MyAccountResources">
<kw name="Input Text" owner="SeleniumLibrary">
<msg time="2024-05-29T09:45:45.458785" level="INFO">Typing text 'samy' into text field 'xpath://input[@id='LastName']'.</msg>
<arg>${lastname_path}</arg>
<arg>${lastname}</arg>
<doc>Types the given ``text`` into the text field identified by ``locator``.</doc>
<status status="PASS" start="2024-05-29T09:45:45.458785" elapsed="0.121876"/>
</kw>
<kw name="Input Password" owner="SeleniumLibrary">
<msg time="2024-05-29T09:45:45.580661" level="INFO">Typing password into text field 'xpath://input[@id='LastName']'.</msg>
<msg time="2024-05-29T09:45:45.626387" level="INFO">Temporally setting log level to: NONE</msg>
<arg>${lastname_path}</arg>
<arg>${lastname}</arg>
<doc>Types the given password into the text field identified by ``locator``.</doc>
<status status="PASS" start="2024-05-29T09:45:45.580661" elapsed="0.100293"/>
</kw>
<arg>${_lastname}</arg>
<status status="PASS" start="2024-05-29T09:45:45.458785" elapsed="0.222169"/>
</kw>
<kw name="Enter email id in the email field" owner="MyAccountResources">
<kw name="Input Text" owner="SeleniumLibrary">
<msg time="2024-05-29T09:45:45.681983" level="INFO">Typing text 'narayanasamy04082002@gmail.com' into text field 'xpath://input[@id='Email']'.</msg>
<arg>${email_path}</arg>
<arg>${email}</arg>
<doc>Types the given ``text`` into the text field identified by ``locator``.</doc>
<status status="PASS" start="2024-05-29T09:45:45.681983" elapsed="0.135889"/>
</kw>
<arg>${_email}</arg>
<status status="PASS" start="2024-05-29T09:45:45.681983" elapsed="0.135889"/>
</kw>
<kw name="Click save button" owner="MyAccountResources">
<kw name="Click Button" owner="SeleniumLibrary">
<msg time="2024-05-29T09:45:45.817872" level="INFO">Clicking button 'xpath://input[@value='Save']'.</msg>
<arg>${save_path}</arg>
<doc>Clicks the button identified by ``locator``.</doc>
<status status="PASS" start="2024-05-29T09:45:45.817872" elapsed="0.865586"/>
</kw>
<status status="PASS" start="2024-05-29T09:45:45.817872" elapsed="0.865586"/>
</kw>
<arg>_firstname=narayana</arg>
<arg>_lastname=samy</arg>
<arg>_email=narayanasamy04082002@gmail.com</arg>
<doc>This test case will validate the customer info</doc>
<status status="PASS" start="2024-05-29T09:45:42.977166" elapsed="3.709025"/>
</kw>
<kw name="Close All Browsers" owner="SeleniumLibrary" type="TEARDOWN">
<doc>Closes all open browsers and resets the browser cache.</doc>
<status status="PASS" start="2024-05-29T09:45:46.686633" elapsed="6.254868"/>
</kw>
<status status="PASS" start="2024-05-29T09:45:35.300863" elapsed="17.640638"/>
</test>
<doc>To validate login and profile information</doc>
<status status="PASS" start="2024-05-29T09:45:35.269135" elapsed="17.672366"/>
</suite>
<suite id="s1-s1-s7" name="MyAccountTest RewardPoints" source="E:\EXPLEO\Narayana\sample_main_DemoWebShop\PilotProject__DemoWebShop_Team4\TestCase\MyAccountTest_RewardPoints.robot">
<test id="s1-s1-s7-t1" name="Validate the Reward points" line="10">
<kw name="open the browser" owner="GenericResources" type="SETUP">
<kw name="Create Webdriver" owner="SeleniumLibrary">
<msg time="2024-05-29T09:45:52.941501" level="INFO">Creating an instance of the Chrome WebDriver.</msg>
<arg>${browser}</arg>
<doc>Creates an instance of Selenium WebDriver.</doc>
<status status="PASS" start="2024-05-29T09:45:52.941501" elapsed="3.271814"/>
</kw>
<kw name="Go To" owner="SeleniumLibrary">
<msg time="2024-05-29T09:45:56.213315" level="INFO">Opening url 'https://demowebshop.tricentis.com'</msg>
<arg>${url}</arg>
<doc>Navigates the current browser window to the provided ``url``.</doc>
<status status="PASS" start="2024-05-29T09:45:56.213315" elapsed="3.509595"/>
</kw>
<kw name="Maximize Browser Window" owner="SeleniumLibrary">
<doc>Maximizes current browser window.</doc>
<status status="PASS" start="2024-05-29T09:45:59.723960" elapsed="0.025725"/>
</kw>
<kw name="Set Selenium Implicit Wait" owner="SeleniumLibrary">
<arg>5</arg>
<doc>Sets the implicit wait value used by Selenium.</doc>
<status status="PASS" start="2024-05-29T09:45:59.749685" elapsed="0.004530"/>
</kw>
<status status="PASS" start="2024-05-29T09:45:52.941501" elapsed="6.812714"/>
</kw>
<kw name="Fill login email" owner="MyAccountResources">
<kw name="Click Link" owner="SeleniumLibrary">
<msg time="2024-05-29T09:45:59.756648" level="INFO">Clicking link 'xpath=//a[text()='Log in']'.</msg>
<arg>${login}</arg>
<doc>Clicks a link identified by ``locator``.</doc>
<status status="PASS" start="2024-05-29T09:45:59.754215" elapsed="0.719095"/>
</kw>
<kw name="Input Text" owner="SeleniumLibrary">
<msg time="2024-05-29T09:46:00.474765" level="INFO">Typing text 'narayanasamy04082002@gmail.com' into text field 'xpath://input[@id='Email']'.</msg>
<arg>${login_email}</arg>
<arg>narayanasamy04082002@gmail.com</arg>
<doc>Types the given ``text`` into the text field identified by ``locator``.</doc>
<status status="PASS" start="2024-05-29T09:46:00.474373" elapsed="0.126106"/>
</kw>
<kw name="Input Text" owner="SeleniumLibrary">
<msg time="2024-05-29T09:46:00.601513" level="INFO">Typing text 'narayana' into text field 'xpath://input[@id='Password']'.</msg>
<arg>${login_pass}</arg>
<arg>narayana</arg>
<doc>Types the given ``text`` into the text field identified by ``locator``.</doc>
<status status="PASS" start="2024-05-29T09:46:00.600479" elapsed="0.122776"/>
</kw>
<kw name="Click Button" owner="SeleniumLibrary">
<msg time="2024-05-29T09:46:00.723255" level="INFO">Clicking button 'xpath=//input[@class='button-1 login-button']'.</msg>
<arg>${login_btn}</arg>
<doc>Clicks the button identified by ``locator``.</doc>
<status status="PASS" start="2024-05-29T09:46:00.723255" elapsed="1.086303"/>
</kw>
<status status="PASS" start="2024-05-29T09:45:59.754215" elapsed="2.059989"/>
</kw>
<kw name="Click account" owner="MyAccountResources">
<kw name="Click Link" owner="SeleniumLibrary">
<msg time="2024-05-29T09:46:01.814204" level="INFO">Clicking link 'xpath:(//li/a)[1]'.</msg>
<arg>${clickaccount}</arg>
<doc>Clicks a link identified by ``locator``.</doc>
<status status="PASS" start="2024-05-29T09:46:01.814204" elapsed="0.568089"/>
</kw>
<status status="PASS" start="2024-05-29T09:46:01.814204" elapsed="0.570162"/>
</kw>
<kw name="Click Reward points button" owner="MyAccountResources">
<kw name="Click Element" owner="SeleniumLibrary">
<msg time="2024-05-29T09:46:02.384366" level="INFO">Clicking element 'css:a[class='active']'.</msg>
<arg>${reward_points}</arg>
<doc>Click the element identified by ``locator``.</doc>
<status status="PASS" start="2024-05-29T09:46:02.384366" elapsed="0.506384"/>
</kw>
<status status="PASS" start="2024-05-29T09:46:02.384366" elapsed="0.506384"/>
</kw>
<kw name="Close All Browsers" owner="SeleniumLibrary" type="TEARDOWN">
<doc>Closes all open browsers and resets the browser cache.</doc>
<status status="PASS" start="2024-05-29T09:46:02.890750" elapsed="6.257732"/>
</kw>
<status status="PASS" start="2024-05-29T09:45:52.941501" elapsed="16.206981"/>
</test>
<doc>To validate reward points</doc>
<status status="PASS" start="2024-05-29T09:45:52.941501" elapsed="16.209037"/>
</suite>
<suite id="s1-s1-s8" name="MyAddressTest Orders" source="E:\EXPLEO\Narayana\sample_main_DemoWebShop\PilotProject__DemoWebShop_Team4\TestCase\MyAddressTest_Orders.robot">
<test id="s1-s1-s8-t1" name="Validate the order" line="12">
<kw name="open the browser" owner="GenericResources" type="SETUP">
<kw name="Create Webdriver" owner="SeleniumLibrary">
<msg time="2024-05-29T09:46:09.150538" level="INFO">Creating an instance of the Chrome WebDriver.</msg>
<arg>${browser}</arg>
<doc>Creates an instance of Selenium WebDriver.</doc>
<status status="PASS" start="2024-05-29T09:46:09.150538" elapsed="3.210394"/>
</kw>
<kw name="Go To" owner="SeleniumLibrary">
<msg time="2024-05-29T09:46:12.360932" level="INFO">Opening url 'https://demowebshop.tricentis.com'</msg>
<arg>${url}</arg>
<doc>Navigates the current browser window to the provided ``url``.</doc>
<status status="PASS" start="2024-05-29T09:46:12.360932" elapsed="1.733869"/>
</kw>
<kw name="Maximize Browser Window" owner="SeleniumLibrary">
<doc>Maximizes current browser window.</doc>
<status status="PASS" start="2024-05-29T09:46:14.094801" elapsed="2.318417"/>
</kw>
<kw name="Set Selenium Implicit Wait" owner="SeleniumLibrary">
<arg>5</arg>
<doc>Sets the implicit wait value used by Selenium.</doc>
<status status="PASS" start="2024-05-29T09:46:16.413218" elapsed="0.003273"/>
</kw>
<status status="PASS" start="2024-05-29T09:46:09.150538" elapsed="7.265953"/>
</kw>
<kw name="Fill login email" owner="MyAccountResources">
<kw name="Click Link" owner="SeleniumLibrary">
<msg time="2024-05-29T09:46:16.418999" level="INFO">Clicking link 'xpath=//a[text()='Log in']'.</msg>
<arg>${login}</arg>
<doc>Clicks a link identified by ``locator``.</doc>
<status status="PASS" start="2024-05-29T09:46:16.416491" elapsed="0.532036"/>
</kw>
<kw name="Input Text" owner="SeleniumLibrary">
<msg time="2024-05-29T09:46:16.950747" level="INFO">Typing text 'narayanasamy04082002@gmail.com' into text field 'xpath://input[@id='Email']'.</msg>
<arg>${login_email}</arg>
<arg>narayanasamy04082002@gmail.com</arg>
<doc>Types the given ``text`` into the text field identified by ``locator``.</doc>
<status status="PASS" start="2024-05-29T09:46:16.949562" elapsed="0.126433"/>
</kw>
<kw name="Input Text" owner="SeleniumLibrary">
<msg time="2024-05-29T09:46:17.075995" level="INFO">Typing text 'narayana' into text field 'xpath://input[@id='Password']'.</msg>
<arg>${login_pass}</arg>
<arg>narayana</arg>
<doc>Types the given ``text`` into the text field identified by ``locator``.</doc>
<status status="PASS" start="2024-05-29T09:46:17.075995" elapsed="0.122651"/>
</kw>
<kw name="Click Button" owner="SeleniumLibrary">
<msg time="2024-05-29T09:46:17.198646" level="INFO">Clicking button 'xpath=//input[@class='button-1 login-button']'.</msg>
<arg>${login_btn}</arg>
<doc>Clicks the button identified by ``locator``.</doc>
<status status="PASS" start="2024-05-29T09:46:17.198646" elapsed="1.066853"/>
</kw>
<status status="PASS" start="2024-05-29T09:46:16.416491" elapsed="1.849008"/>
</kw>
<kw name="Click account" owner="MyAccountResources">
<kw name="Click Link" owner="SeleniumLibrary">
<msg time="2024-05-29T09:46:18.270882" level="INFO">Clicking link 'xpath:(//li/a)[1]'.</msg>
<arg>${clickaccount}</arg>
<doc>Clicks a link identified by ``locator``.</doc>
<status status="PASS" start="2024-05-29T09:46:18.265499" elapsed="0.537837"/>
</kw>
<status status="PASS" start="2024-05-29T09:46:18.265499" elapsed="0.537837"/>
</kw>
<kw name="Click order button" owner="MyAccountResources">
<kw name="Click Element" owner="SeleniumLibrary">
<msg time="2024-05-29T09:46:18.804476" level="INFO">Clicking element 'xpath:(//a[text()='Orders'])[1]'.</msg>
<arg>${order_path}</arg>
<doc>Click the element identified by ``locator``.</doc>
<status status="PASS" start="2024-05-29T09:46:18.804476" elapsed="0.548034"/>
</kw>
<status status="PASS" start="2024-05-29T09:46:18.804476" elapsed="0.548034"/>
</kw>
<kw name="Close All Browsers" owner="SeleniumLibrary" type="TEARDOWN">
<doc>Closes all open browsers and resets the browser cache.</doc>
<status status="PASS" start="2024-05-29T09:46:19.353191" elapsed="6.238544"/>
</kw>
<status status="PASS" start="2024-05-29T09:46:09.150538" elapsed="16.441197"/>
</test>
<doc>To validate order information</doc>
<status status="PASS" start="2024-05-29T09:46:09.150538" elapsed="16.441197"/>
</suite>
<suite id="s1-s1-s9" name="Test Appeal" source="E:\EXPLEO\Narayana\sample_main_DemoWebShop\PilotProject__DemoWebShop_Team4\TestCase\Test_Appeal.robot">
<test id="s1-s1-s9-t1" name="verify the element of A to Z" line="10">
<kw name="open the browser" owner="GenericResources" type="SETUP">
<kw name="Create Webdriver" owner="SeleniumLibrary">
<msg time="2024-05-29T09:46:25.607441" level="INFO">Creating an instance of the Chrome WebDriver.</msg>
<arg>${browser}</arg>
<doc>Creates an instance of Selenium WebDriver.</doc>
<status status="PASS" start="2024-05-29T09:46:25.607441" elapsed="3.380668"/>
</kw>
<kw name="Go To" owner="SeleniumLibrary">
<msg time="2024-05-29T09:46:28.988109" level="INFO">Opening url 'https://demowebshop.tricentis.com'</msg>
<arg>${url}</arg>
<doc>Navigates the current browser window to the provided ``url``.</doc>
<status status="PASS" start="2024-05-29T09:46:28.988109" elapsed="3.902544"/>
</kw>
<kw name="Maximize Browser Window" owner="SeleniumLibrary">
<doc>Maximizes current browser window.</doc>
<status status="PASS" start="2024-05-29T09:46:32.890653" elapsed="0.037324"/>
</kw>
<kw name="Set Selenium Implicit Wait" owner="SeleniumLibrary">
<arg>5</arg>
<doc>Sets the implicit wait value used by Selenium.</doc>
<status status="PASS" start="2024-05-29T09:46:32.927977" elapsed="0.002462"/>
</kw>
<status status="PASS" start="2024-05-29T09:46:25.607441" elapsed="7.322998"/>
</kw>
<kw name="click the appereal A to z" owner="ApparealResources">
<kw name="Click Link" owner="SeleniumLibrary">
<msg time="2024-05-29T09:46:32.930439" level="INFO">Clicking link 'css:a[href='/apparel-shoes']'.</msg>
<arg>${appereal}</arg>
<doc>Clicks a link identified by ``locator``.</doc>
<status status="PASS" start="2024-05-29T09:46:32.930439" elapsed="0.930468"/>
</kw>
<kw name="Select From List By Label" owner="SeleniumLibrary">
<msg time="2024-05-29T09:46:33.860907" level="INFO">Selecting options from selection list 'id:products-orderby' by label Name: A to Z.</msg>
<arg>id:products-orderby</arg>
<arg>Name: A to Z</arg>
<doc>Selects options from selection list ``locator`` by ``labels``.</doc>
<status status="PASS" start="2024-05-29T09:46:33.860907" elapsed="0.652755"/>
</kw>
<kw name="Select From List By Label" owner="SeleniumLibrary">
<msg time="2024-05-29T09:46:34.514594" level="INFO">Selecting options from selection list 'id:products-pagesize' by label 4.</msg>
<arg>id:products-pagesize</arg>
<arg>4</arg>
<doc>Selects options from selection list ``locator`` by ``labels``.</doc>
<status status="PASS" start="2024-05-29T09:46:34.514594" elapsed="0.622256"/>
</kw>
<kw name="Select From List By Label" owner="SeleniumLibrary">
<msg time="2024-05-29T09:46:35.138362" level="INFO">Selecting options from selection list 'id:products-viewmode' by label Grid.</msg>
<arg>id:products-viewmode</arg>
<arg>Grid</arg>
<doc>Selects options from selection list ``locator`` by ``labels``.</doc>
<status status="PASS" start="2024-05-29T09:46:35.136850" elapsed="0.055069"/>
</kw>
<kw name="Click Element" owner="SeleniumLibrary">
<msg time="2024-05-29T09:46:35.191919" level="INFO">Clicking element 'xpath=//h2[@class='product-title']'.</msg>
<arg>${click}</arg>
<doc>Click the element identified by ``locator``.</doc>
<status status="PASS" start="2024-05-29T09:46:35.191919" elapsed="1.564957"/>
</kw>
<kw name="Element Text Should Be" owner="SeleniumLibrary">
<msg time="2024-05-29T09:46:36.756876" level="INFO">Verifying element 'xpath=//div[@class='product-name']' contains exact text '50's Rockabilly Polka Dot Top JR Plus Size'.</msg>
<arg>${select_prod}</arg>
<arg>50's Rockabilly Polka Dot Top JR Plus Size</arg>
<doc>Verifies that element ``locator`` contains exact the text ``expected``.</doc>
<status status="PASS" start="2024-05-29T09:46:36.756876" elapsed="0.036357"/>
</kw>
<status status="PASS" start="2024-05-29T09:46:32.930439" elapsed="3.863282"/>
</kw>
<kw name="close browser session" owner="GenericResources" type="TEARDOWN">
<kw name="Close Browser" owner="SeleniumLibrary">
<doc>Closes the current browser.</doc>
<status status="PASS" start="2024-05-29T09:46:36.793721" elapsed="2.205759"/>
</kw>
<status status="PASS" start="2024-05-29T09:46:36.793721" elapsed="2.205759"/>
</kw>
<tag>smoke</tag>
<status status="PASS" start="2024-05-29T09:46:25.604920" elapsed="13.394560"/>
</test>
<test id="s1-s1-s9-t2" name="Verify the element of Z to A" line="14">
<kw name="open the browser" owner="GenericResources" type="SETUP">
<kw name="Create Webdriver" owner="SeleniumLibrary">
<msg time="2024-05-29T09:46:38.999480" level="INFO">Creating an instance of the Chrome WebDriver.</msg>
<arg>${browser}</arg>
<doc>Creates an instance of Selenium WebDriver.</doc>
<status status="PASS" start="2024-05-29T09:46:38.999480" elapsed="2.651767"/>
</kw>
<kw name="Go To" owner="SeleniumLibrary">
<msg time="2024-05-29T09:46:41.651247" level="INFO">Opening url 'https://demowebshop.tricentis.com'</msg>
<arg>${url}</arg>
<doc>Navigates the current browser window to the provided ``url``.</doc>
<status status="PASS" start="2024-05-29T09:46:41.651247" elapsed="3.620372"/>
</kw>
<kw name="Maximize Browser Window" owner="SeleniumLibrary">
<doc>Maximizes current browser window.</doc>
<status status="PASS" start="2024-05-29T09:46:45.271619" elapsed="0.035878"/>
</kw>
<kw name="Set Selenium Implicit Wait" owner="SeleniumLibrary">
<arg>5</arg>
<doc>Sets the implicit wait value used by Selenium.</doc>
<status status="PASS" start="2024-05-29T09:46:45.307497" elapsed="0.001648"/>
</kw>
<status status="PASS" start="2024-05-29T09:46:38.999480" elapsed="6.309665"/>
</kw>
<kw name="click the appereal z to A" owner="ApparealResources">
<kw name="Click Link" owner="SeleniumLibrary">
<msg time="2024-05-29T09:46:45.310956" level="INFO">Clicking link 'css:a[href='/apparel-shoes']'.</msg>
<arg>${appereal}</arg>
<doc>Clicks a link identified by ``locator``.</doc>
<status status="PASS" start="2024-05-29T09:46:45.310956" elapsed="1.449864"/>
</kw>
<kw name="Select From List By Label" owner="SeleniumLibrary">
<msg time="2024-05-29T09:46:46.761946" level="INFO">Selecting options from selection list 'id:products-orderby' by label Name: Z to A.</msg>
<arg>id:products-orderby</arg>
<arg>Name: Z to A</arg>
<doc>Selects options from selection list ``locator`` by ``labels``.</doc>
<status status="PASS" start="2024-05-29T09:46:46.760820" elapsed="0.796001"/>
</kw>
<kw name="Select From List By Label" owner="SeleniumLibrary">
<msg time="2024-05-29T09:46:47.556821" level="INFO">Selecting options from selection list 'id:products-pagesize' by label 4.</msg>
<arg>id:products-pagesize</arg>
<arg>4</arg>
<doc>Selects options from selection list ``locator`` by ``labels``.</doc>
<status status="PASS" start="2024-05-29T09:46:47.556821" elapsed="0.641720"/>
</kw>
<kw name="Select From List By Label" owner="SeleniumLibrary">
<msg time="2024-05-29T09:46:48.199585" level="INFO">Selecting options from selection list 'id:products-viewmode' by label Grid.</msg>
<arg>id:products-viewmode</arg>
<arg>Grid</arg>
<doc>Selects options from selection list ``locator`` by ``labels``.</doc>
<status status="PASS" start="2024-05-29T09:46:48.198541" elapsed="0.058944"/>
</kw>
<kw name="Click Element" owner="SeleniumLibrary">
<msg time="2024-05-29T09:46:48.257485" level="INFO">Clicking element 'xpath=//h2[@class='product-title']'.</msg>
<arg>${click_Z to A}</arg>
<doc>Click the element identified by ``locator``.</doc>
<status status="PASS" start="2024-05-29T09:46:48.257485" elapsed="1.398557"/>
</kw>
<kw name="Element Text Should Be" owner="SeleniumLibrary">
<msg time="2024-05-29T09:46:49.656042" level="INFO">Verifying element 'css:div[class='product-name']' contains exact text 'Wool Hat'.</msg>
<arg>${check_pro}</arg>
<arg>Wool Hat</arg>
<doc>Verifies that element ``locator`` contains exact the text ``expected``.</doc>
<status status="PASS" start="2024-05-29T09:46:49.656042" elapsed="0.034188"/>
</kw>
<status status="PASS" start="2024-05-29T09:46:45.309145" elapsed="4.381085"/>
</kw>
<kw name="close browser session" owner="GenericResources" type="TEARDOWN">
<kw name="Close Browser" owner="SeleniumLibrary">
<doc>Closes the current browser.</doc>
<status status="PASS" start="2024-05-29T09:46:49.690230" elapsed="2.208160"/>
</kw>
<status status="PASS" start="2024-05-29T09:46:49.690230" elapsed="2.208160"/>
</kw>
<tag>smoke</tag>
<status status="PASS" start="2024-05-29T09:46:38.999480" elapsed="12.898910"/>
</test>
<test id="s1-s1-s9-t3" name="verify the element of low to high" line="18">
<kw name="open the browser" owner="GenericResources" type="SETUP">
<kw name="Create Webdriver" owner="SeleniumLibrary">
<msg time="2024-05-29T09:46:51.898390" level="INFO">Creating an instance of the Chrome WebDriver.</msg>
<arg>${browser}</arg>
<doc>Creates an instance of Selenium WebDriver.</doc>
<status status="PASS" start="2024-05-29T09:46:51.898390" elapsed="2.685874"/>
</kw>
<kw name="Go To" owner="SeleniumLibrary">
<msg time="2024-05-29T09:46:54.584264" level="INFO">Opening url 'https://demowebshop.tricentis.com'</msg>
<arg>${url}</arg>
<doc>Navigates the current browser window to the provided ``url``.</doc>
<status status="PASS" start="2024-05-29T09:46:54.584264" elapsed="3.140976"/>
</kw>
<kw name="Maximize Browser Window" owner="SeleniumLibrary">
<doc>Maximizes current browser window.</doc>
<status status="PASS" start="2024-05-29T09:46:57.728701" elapsed="0.036709"/>
</kw>
[...]
</kw>
<status status="PASS" start="2024-05-29T09:54:53.291265" elapsed="0.677947"/>
</kw>
<kw name="Close the browser" owner="Genericresource" type="TEARDOWN">
<kw name="Close Browser" owner="SeleniumLibrary">
<doc>Closes the current browser.</doc>
<status status="PASS" start="2024-05-29T09:54:53.969212" elapsed="2.164689"/>
</kw>
<status status="PASS" start="2024-05-29T09:54:53.969212" elapsed="2.164689"/>
</kw>
<tag>smoketest</tag>
<status status="PASS" start="2024-05-29T09:54:47.335734" elapsed="8.798167"/>
</test>
<doc>Test case for sitemap page</doc>
<status status="PASS" start="2024-05-29T09:54:47.335734" elapsed="8.798167"/>
</suite>
<suite id="s1-s1-s32" name="TestInformationmoduleprivacy" source="E:\EXPLEO\Narayana\sample_main_DemoWebShop\PilotProject__DemoWebShop_Team4\TestCase\TestInformationmoduleprivacy.robot">
<test id="s1-s1-s32-t1" name="Verifying for Privacy notice page" line="15">
<kw name="Open a browser with url" owner="Genericresource" type="SETUP">
<kw name="Create Webdriver" owner="SeleniumLibrary">
<msg time="2024-05-29T09:54:56.133901" level="INFO">Creating an instance of the Chrome WebDriver.</msg>
<arg>${browser}</arg>
<doc>Creates an instance of Selenium WebDriver.</doc>
<status status="PASS" start="2024-05-29T09:54:56.133901" elapsed="2.968177"/>
</kw>
<kw name="Go To" owner="SeleniumLibrary">
<msg time="2024-05-29T09:54:59.102078" level="INFO">Opening url 'https://demowebshop.tricentis.com/'</msg>
<arg>${url}</arg>
<doc>Navigates the current browser window to the provided ``url``.</doc>
<status status="PASS" start="2024-05-29T09:54:59.102078" elapsed="3.167871"/>
</kw>
<kw name="Set Selenium Implicit Wait" owner="SeleniumLibrary">
<arg>10</arg>
<doc>Sets the implicit wait value used by Selenium.</doc>
<status status="PASS" start="2024-05-29T09:55:02.269949" elapsed="0.002154"/>
</kw>
<status status="PASS" start="2024-05-29T09:54:56.133901" elapsed="6.138202"/>
</kw>
<kw name="To assert the Privacy notice page">
<kw name="Run Keyword And Ignore Error" owner="BuiltIn">
<kw name="To click on privacy option" owner="Informationmoduleresource">
<kw name="Click Link" owner="SeleniumLibrary">
<msg time="2024-05-29T09:55:02.273472" level="INFO">Clicking link 'xpath://a[text()="Privacy Notice"]'.</msg>
<arg>${privacy_l}</arg>
<doc>Clicks a link identified by ``locator``.</doc>
<status status="PASS" start="2024-05-29T09:55:02.273472" elapsed="0.694701"/>
</kw>
<status status="PASS" start="2024-05-29T09:55:02.273472" elapsed="0.695726"/>
</kw>
<arg>Informationmoduleresource.To click on privacy option</arg>
<doc>Runs the given keyword with the given arguments and ignores possible error.</doc>
<status status="PASS" start="2024-05-29T09:55:02.273472" elapsed="0.695726"/>
</kw>
<kw name="Run Keyword And Ignore Error" owner="BuiltIn">
<kw name="To verify privacy page" owner="Informationmoduleresource">
<kw name="Element Text Should Be" owner="SeleniumLibrary">
<msg time="2024-05-29T09:55:02.969715" level="INFO">Verifying element 'xpath://div[@class="page-title"]/h1' contains exact text 'Privacy policy'.</msg>
<arg>${pagetitle}</arg>
<arg>Privacy policy</arg>
<doc>Verifies that element ``locator`` contains exact the text ``expected``.</doc>
<status status="PASS" start="2024-05-29T09:55:02.969715" elapsed="0.037602"/>
</kw>
<status status="PASS" start="2024-05-29T09:55:02.969715" elapsed="0.038108"/>
</kw>
<arg>Informationmoduleresource.To verify privacy page</arg>
<doc>Runs the given keyword with the given arguments and ignores possible error.</doc>
<status status="PASS" start="2024-05-29T09:55:02.969198" elapsed="0.038625"/>
</kw>
<status status="PASS" start="2024-05-29T09:55:02.273472" elapsed="0.734351"/>
</kw>
<kw name="Close the browser" owner="Genericresource" type="TEARDOWN">
<kw name="Close Browser" owner="SeleniumLibrary">
<doc>Closes the current browser.</doc>
<status status="PASS" start="2024-05-29T09:55:03.007823" elapsed="2.168675"/>
</kw>
<status status="PASS" start="2024-05-29T09:55:03.007823" elapsed="2.168675"/>
</kw>
<tag>smoketest</tag>
<status status="PASS" start="2024-05-29T09:54:56.133901" elapsed="9.042597"/>
</test>
<doc>Test case for sitemap page</doc>
<status status="PASS" start="2024-05-29T09:54:56.133901" elapsed="9.042597"/>
</suite>
<suite id="s1-s1-s33" name="TestInformationmoduleshipping" source="E:\EXPLEO\Narayana\sample_main_DemoWebShop\PilotProject__DemoWebShop_Team4\TestCase\TestInformationmoduleshipping.robot">
<test id="s1-s1-s33-t1" name="Verifying for shipping and return page" line="14">
<kw name="Open a browser with url" owner="Genericresource" type="SETUP">
<kw name="Create Webdriver" owner="SeleniumLibrary">
<msg time="2024-05-29T09:55:05.176498" level="INFO">Creating an instance of the Chrome WebDriver.</msg>
<arg>${browser}</arg>
<doc>Creates an instance of Selenium WebDriver.</doc>
<status status="PASS" start="2024-05-29T09:55:05.176498" elapsed="2.697229"/>
</kw>
<kw name="Go To" owner="SeleniumLibrary">
<msg time="2024-05-29T09:55:07.873727" level="INFO">Opening url 'https://demowebshop.tricentis.com/'</msg>
<arg>${url}</arg>
<doc>Navigates the current browser window to the provided ``url``.</doc>
<status status="PASS" start="2024-05-29T09:55:07.873727" elapsed="2.917809"/>
</kw>
<kw name="Set Selenium Implicit Wait" owner="SeleniumLibrary">
<arg>10</arg>
<doc>Sets the implicit wait value used by Selenium.</doc>
<status status="PASS" start="2024-05-29T09:55:10.795688" elapsed="0.000000"/>
</kw>
<status status="PASS" start="2024-05-29T09:55:05.176498" elapsed="5.619190"/>
</kw>
<kw name="To assert the shipping and return page">
<kw name="Run Keyword And Ignore Error" owner="BuiltIn">
<kw name="To click on shipping option" owner="Informationmoduleresource">
<kw name="Click Link" owner="SeleniumLibrary">
<msg time="2024-05-29T09:55:10.795688" level="INFO">Clicking link 'xpath://a[text()="Shipping &amp; Returns"]'.</msg>
<arg>${shipping_l}</arg>
<doc>Clicks a link identified by ``locator``.</doc>
<status status="PASS" start="2024-05-29T09:55:10.795688" elapsed="0.513588"/>
</kw>
<status status="PASS" start="2024-05-29T09:55:10.795688" elapsed="0.513588"/>
</kw>
<arg>Informationmoduleresource.To click on shipping option</arg>
<doc>Runs the given keyword with the given arguments and ignores possible error.</doc>
<status status="PASS" start="2024-05-29T09:55:10.795688" elapsed="0.513588"/>
</kw>
<kw name="Run Keyword And Ignore Error" owner="BuiltIn">
<kw name="To verify shipping page" owner="Informationmoduleresource">
<kw name="Element Text Should Be" owner="SeleniumLibrary">
<msg time="2024-05-29T09:55:11.309276" level="INFO">Verifying element 'xpath://div[@class="page-title"]/h1' contains exact text 'Shipping &amp; Returns'.</msg>
<arg>${pagetitle}</arg>
<arg>Shipping &amp; Returns</arg>
<doc>Verifies that element ``locator`` contains exact the text ``expected``.</doc>
<status status="PASS" start="2024-05-29T09:55:11.309276" elapsed="0.033081"/>
</kw>
<status status="PASS" start="2024-05-29T09:55:11.309276" elapsed="0.033081"/>
</kw>
<arg>Informationmoduleresource.To verify shipping page</arg>
<doc>Runs the given keyword with the given arguments and ignores possible error.</doc>
<status status="PASS" start="2024-05-29T09:55:11.309276" elapsed="0.033081"/>
</kw>
<status status="PASS" start="2024-05-29T09:55:10.795688" elapsed="0.546669"/>
</kw>
<kw name="Close the browser" owner="Genericresource" type="TEARDOWN">
<kw name="Close Browser" owner="SeleniumLibrary">
<doc>Closes the current browser.</doc>
<status status="PASS" start="2024-05-29T09:55:11.343612" elapsed="2.161892"/>
</kw>
<status status="PASS" start="2024-05-29T09:55:11.343612" elapsed="2.161892"/>
</kw>
<tag>smoketest</tag>
<status status="PASS" start="2024-05-29T09:55:05.176498" elapsed="8.329006"/>
</test>
<doc>Test case to click shipping and return page</doc>
<status status="PASS" start="2024-05-29T09:55:05.176498" elapsed="8.329006"/>
</suite>
<suite id="s1-s1-s34" name="TestInformationmodulesitemap" source="E:\EXPLEO\Narayana\sample_main_DemoWebShop\PilotProject__DemoWebShop_Team4\TestCase\TestInformationmodulesitemap.robot">
<test id="s1-s1-s34-t1" name="Verifying for site map page" line="15">
<kw name="Open a browser with url" owner="Genericresource" type="SETUP">
<kw name="Create Webdriver" owner="SeleniumLibrary">
<msg time="2024-05-29T09:55:13.505504" level="INFO">Creating an instance of the Chrome WebDriver.</msg>
<arg>${browser}</arg>
<doc>Creates an instance of Selenium WebDriver.</doc>
<status status="PASS" start="2024-05-29T09:55:13.505504" elapsed="2.673896"/>
</kw>
<kw name="Go To" owner="SeleniumLibrary">
<msg time="2024-05-29T09:55:16.179400" level="INFO">Opening url 'https://demowebshop.tricentis.com/'</msg>
<arg>${url}</arg>
<doc>Navigates the current browser window to the provided ``url``.</doc>
<status status="PASS" start="2024-05-29T09:55:16.179400" elapsed="2.975382"/>
</kw>
<kw name="Set Selenium Implicit Wait" owner="SeleniumLibrary">
<arg>10</arg>
<doc>Sets the implicit wait value used by Selenium.</doc>
<status status="PASS" start="2024-05-29T09:55:19.154782" elapsed="0.000000"/>
</kw>
<status status="PASS" start="2024-05-29T09:55:13.505504" elapsed="5.649278"/>
</kw>
<kw name="To assert the site map page">
<kw name="Run Keyword And Ignore Error" owner="BuiltIn">
<kw name="To click on sitemap option" owner="Informationmoduleresource">
<kw name="Click Link" owner="SeleniumLibrary">
<msg time="2024-05-29T09:55:19.154782" level="INFO">Clicking link 'xpath://a[text()="Sitemap"]'.</msg>
<arg>${sitemap_l}</arg>
<doc>Clicks a link identified by ``locator``.</doc>
<status status="PASS" start="2024-05-29T09:55:19.154782" elapsed="0.797364"/>
</kw>
<status status="PASS" start="2024-05-29T09:55:19.154782" elapsed="0.797364"/>
</kw>
<arg>Informationmoduleresource.To click on sitemap option</arg>
<doc>Runs the given keyword with the given arguments and ignores possible error.</doc>
<status status="PASS" start="2024-05-29T09:55:19.154782" elapsed="0.797364"/>
</kw>
<kw name="Run Keyword And Ignore Error" owner="BuiltIn">
<kw name="To verify sitepage" owner="Informationmoduleresource">
<kw name="Element Text Should Be" owner="SeleniumLibrary">
<msg time="2024-05-29T09:55:19.953691" level="INFO">Verifying element 'xpath://div[@class="page-title"]/h1' contains exact text 'Sitemap'.</msg>
<arg>${pagetitle}</arg>
<arg>Sitemap</arg>
<doc>Verifies that element ``locator`` contains exact the text ``expected``.</doc>
<status status="PASS" start="2024-05-29T09:55:19.953691" elapsed="0.036304"/>
</kw>
<status status="PASS" start="2024-05-29T09:55:19.953171" elapsed="0.036824"/>
</kw>
<arg>Informationmoduleresource.To verify sitepage</arg>
<doc>Runs the given keyword with the given arguments and ignores possible error.</doc>
<status status="PASS" start="2024-05-29T09:55:19.952146" elapsed="0.037849"/>
</kw>
<kw name="Run Keyword And Ignore Error" owner="BuiltIn">
<kw name="To click book option" owner="bookmoduleresource">
<try>
<branch type="TRY">
<kw name="Click Link" owner="SeleniumLibrary">
<msg time="2024-05-29T09:55:19.989995" level="INFO">Clicking link 'xpath:(//li/a)[5]'.</msg>
<arg>${book_l}</arg>
<doc>Clicks a link identified by ``locator``.</doc>
<status status="PASS" start="2024-05-29T09:55:19.989995" elapsed="0.859630"/>
</kw>
<status status="PASS" start="2024-05-29T09:55:19.989995" elapsed="0.859630"/>
</branch>
<branch type="EXCEPT">
<kw name="Log To Console" owner="BuiltIn">
<arg>Error clicking book option: ${book_l}</arg>
<doc>Logs the given message to the console.</doc>
<status status="NOT RUN" start="2024-05-29T09:55:20.849625" elapsed="0.000000"/>
</kw>
<status status="NOT RUN" start="2024-05-29T09:55:20.849625" elapsed="0.001027"/>
</branch>
<status status="PASS" start="2024-05-29T09:55:19.989995" elapsed="0.860657"/>
</try>
<status status="PASS" start="2024-05-29T09:55:19.989995" elapsed="0.860657"/>
</kw>
<arg>bookmoduleresource.To click book option</arg>
<doc>Runs the given keyword with the given arguments and ignores possible error.</doc>
<status status="PASS" start="2024-05-29T09:55:19.989995" elapsed="0.860657"/>
</kw>
<kw name="Run Keyword And Ignore Error" owner="BuiltIn">
<kw name="To click book option" owner="bookmoduleresource">
<try>
<branch type="TRY">
<kw name="Click Link" owner="SeleniumLibrary">
<msg time="2024-05-29T09:55:20.851172" level="INFO">Clicking link 'xpath:(//li/a)[5]'.</msg>
<arg>${book_l}</arg>
<doc>Clicks a link identified by ``locator``.</doc>
<status status="PASS" start="2024-05-29T09:55:20.851172" elapsed="0.558194"/>
</kw>
<status status="PASS" start="2024-05-29T09:55:20.851172" elapsed="0.558478"/>
</branch>
<branch type="EXCEPT">
<kw name="Log To Console" owner="BuiltIn">
<arg>Error clicking book option: ${book_l}</arg>
<doc>Logs the given message to the console.</doc>
<status status="NOT RUN" start="2024-05-29T09:55:21.409650" elapsed="0.000000"/>
</kw>
<status status="NOT RUN" start="2024-05-29T09:55:21.409650" elapsed="0.000000"/>
</branch>
<status status="PASS" start="2024-05-29T09:55:20.851172" elapsed="0.558478"/>
</try>
<status status="PASS" start="2024-05-29T09:55:20.851172" elapsed="0.558478"/>
</kw>
<arg>bookmoduleresource.To click book option</arg>
<doc>Runs the given keyword with the given arguments and ignores possible error.</doc>
<status status="PASS" start="2024-05-29T09:55:20.850652" elapsed="0.558998"/>
</kw>
<status status="PASS" start="2024-05-29T09:55:19.154782" elapsed="2.254868"/>
</kw>
<kw name="Close the browser" owner="Genericresource" type="TEARDOWN">
<kw name="Close Browser" owner="SeleniumLibrary">
<doc>Closes the current browser.</doc>
<status status="PASS" start="2024-05-29T09:55:21.409650" elapsed="2.181227"/>
</kw>
<status status="PASS" start="2024-05-29T09:55:21.409650" elapsed="2.181227"/>
</kw>
<tag>smoketest</tag>
<status status="PASS" start="2024-05-29T09:55:13.505504" elapsed="10.085373"/>
</test>
<doc>Test case for sitemap page</doc>
<status status="PASS" start="2024-05-29T09:55:13.505504" elapsed="10.085373"/>
</suite>
<status status="PASS" start="2024-05-29T09:42:53.137533" elapsed="750.453344"/>
</suite>
<status status="PASS" start="2024-05-29T09:42:53.106282" elapsed="750.484595"/>
</suite>
<statistics>
<total>
<stat pass="59" fail="0" skip="0">All Tests</stat>
</total>
<tag>
<stat pass="1" fail="0" skip="0">regreesion</stat>
<stat pass="3" fail="0" skip="0">regression</stat>
<stat pass="6" fail="0" skip="0">Regression test</stat>
<stat pass="1" fail="0" skip="0">retest</stat>
<stat pass="6" fail="0" skip="0">smoke</stat>
<stat pass="9" fail="0" skip="0">smoketest</stat>
</tag>
<suite>
<stat pass="59" fail="0" skip="0" id="s1" name="DemoWebShop Team4">DemoWebShop Team4</stat>
<stat pass="59" fail="0" skip="0" id="s1-s1" name="TestCase">DemoWebShop Team4.TestCase</stat>
<stat pass="5" fail="0" skip="0" id="s1-s1-s1" name="JewelryTest">DemoWebShop Team4.TestCase.JewelryTest</stat>
<stat pass="1" fail="0" skip="0" id="s1-s1-s2" name="MyAccountTest BackInStockSubscriptions">DemoWebShop Team4.TestCase.MyAccountTest BackInStockSubscriptions</stat>
<stat pass="1" fail="0" skip="0" id="s1-s1-s3" name="MyAccountTest ChangePassword">DemoWebShop Team4.TestCase.MyAccountTest ChangePassword</stat>
<stat pass="1" fail="0" skip="0" id="s1-s1-s4" name="MyAccountTest CustomerAddress">DemoWebShop Team4.TestCase.MyAccountTest CustomerAddress</stat>
<stat pass="1" fail="0" skip="0" id="s1-s1-s5" name="MyAccountTest EditCustomerAddress">DemoWebShop Team4.TestCase.MyAccountTest EditCustomerAddress</stat>
<stat pass="1" fail="0" skip="0" id="s1-s1-s6" name="MyAccountTest Login">DemoWebShop Team4.TestCase.MyAccountTest Login</stat>
<stat pass="1" fail="0" skip="0" id="s1-s1-s7" name="MyAccountTest RewardPoints">DemoWebShop Team4.TestCase.MyAccountTest RewardPoints</stat>
<stat pass="1" fail="0" skip="0" id="s1-s1-s8" name="MyAddressTest Orders">DemoWebShop Team4.TestCase.MyAddressTest Orders</stat>
<stat pass="5" fail="0" skip="0" id="s1-s1-s9" name="Test Appeal">DemoWebShop Team4.TestCase.Test Appeal</stat>
<stat pass="3" fail="0" skip="0" id="s1-s1-s10" name="Test Computers">DemoWebShop Team4.TestCase.Test Computers</stat>
<stat pass="9" fail="0" skip="0" id="s1-s1-s11" name="Test Computerservice">DemoWebShop Team4.TestCase.Test Computerservice</stat>
<stat pass="5" fail="0" skip="0" id="s1-s1-s12" name="Test contact">DemoWebShop Team4.TestCase.Test contact</stat>
<stat pass="1" fail="0" skip="0" id="s1-s1-s13" name="Test Forgotpass">DemoWebShop Team4.TestCase.Test Forgotpass</stat>
<stat pass="4" fail="0" skip="0" id="s1-s1-s14" name="Test InvalidLogin">DemoWebShop Team4.TestCase.Test InvalidLogin</stat>
<stat pass="1" fail="0" skip="0" id="s1-s1-s15" name="Test Register Female">DemoWebShop Team4.TestCase.Test Register Female</stat>
<stat pass="1" fail="0" skip="0" id="s1-s1-s16" name="Test Register Invalid">DemoWebShop Team4.TestCase.Test Register Invalid</stat>
<stat pass="1" fail="0" skip="0" id="s1-s1-s17" name="Test Register Male">DemoWebShop Team4.TestCase.Test Register Male</stat>
<stat pass="1" fail="0" skip="0" id="s1-s1-s18" name="Test ValidLogin">DemoWebShop Team4.TestCase.Test ValidLogin</stat>
<stat pass="1" fail="0" skip="0" id="s1-s1-s19" name="TestBookmoduleaddtocart">DemoWebShop Team4.TestCase.TestBookmoduleaddtocart</stat>
<stat pass="1" fail="0" skip="0" id="s1-s1-s20" name="TestBookmoduleclickproduct">DemoWebShop Team4.TestCase.TestBookmoduleclickproduct</stat>
<stat pass="1" fail="0" skip="0" id="s1-s1-s21" name="TestBookmoduledisplay">DemoWebShop Team4.TestCase.TestBookmoduledisplay</stat>
<stat pass="1" fail="0" skip="0" id="s1-s1-s22" name="TestBookmodulefilterprice">DemoWebShop Team4.TestCase.TestBookmodulefilterprice</stat>
<stat pass="1" fail="0" skip="0" id="s1-s1-s23" name="TestBookmoduleremovefilter">DemoWebShop Team4.TestCase.TestBookmoduleremovefilter</stat>
<stat pass="1" fail="0" skip="0" id="s1-s1-s24" name="TestBookmoduleremoveproduct">DemoWebShop Team4.TestCase.TestBookmoduleremoveproduct</stat>
<stat pass="1" fail="0" skip="0" id="s1-s1-s25" name="TestBookmoduleshoppincart">DemoWebShop Team4.TestCase.TestBookmoduleshoppincart</stat>
<stat pass="1" fail="0" skip="0" id="s1-s1-s26" name="TestBookmodulesortby">DemoWebShop Team4.TestCase.TestBookmodulesortby</stat>
<stat pass="1" fail="0" skip="0" id="s1-s1-s27" name="TestBookmodulesortbyprice">DemoWebShop Team4.TestCase.TestBookmodulesortbyprice</stat>
<stat pass="1" fail="0" skip="0" id="s1-s1-s28" name="TestBookmoduleview">DemoWebShop Team4.TestCase.TestBookmoduleview</stat>
<stat pass="1" fail="0" skip="0" id="s1-s1-s29" name="TestInformationmoduleaboutus">DemoWebShop Team4.TestCase.TestInformationmoduleaboutus</stat>
<stat pass="1" fail="0" skip="0" id="s1-s1-s30" name="TestInformationmodulecondition">DemoWebShop Team4.TestCase.TestInformationmodulecondition</stat>
<stat pass="1" fail="0" skip="0" id="s1-s1-s31" name="TestInformationmodulecontactus">DemoWebShop Team4.TestCase.TestInformationmodulecontactus</stat>
<stat pass="1" fail="0" skip="0" id="s1-s1-s32" name="TestInformationmoduleprivacy">DemoWebShop Team4.TestCase.TestInformationmoduleprivacy</stat>
<stat pass="1" fail="0" skip="0" id="s1-s1-s33" name="TestInformationmoduleshipping">DemoWebShop Team4.TestCase.TestInformationmoduleshipping</stat>
<stat pass="1" fail="0" skip="0" id="s1-s1-s34" name="TestInformationmodulesitemap">DemoWebShop Team4.TestCase.TestInformationmodulesitemap</stat>
</suite>
</statistics>
<errors>
<msg time="2024-05-29T09:51:36.996316" level="WARN">Multiple tests with name 'Invalid Login test' executed in suite 'DemoWebShop Team4.TestCase.Test InvalidLogin'.</msg>
<msg time="2024-05-29T09:51:46.978709" level="WARN">Multiple tests with name 'Invalid Login test' executed in suite 'DemoWebShop Team4.TestCase.Test InvalidLogin'.</msg>
<msg time="2024-05-29T09:51:56.695686" level="WARN">Multiple tests with name 'Invalid Login test' executed in suite 'DemoWebShop Team4.TestCase.Test InvalidLogin'.</msg>
</errors>
</robot>
