<?xml version="1.0" encoding="UTF-8"?>
<robot generator="Robot 7.0 (Python 3.12.2 on win32)" generated="2024-07-15T23:06:58.570671" rpa="false" schemaversion="5">
<suite id="s1" name="PilotProject DemoWebShop Jayasuriyarepo" source="E:\EXPLEO\Expleo Project\PilotProject_DemoWebShop_Jayasuriyarepo">
<suite id="s1-s1" name="TestCase" source="E:\EXPLEO\Expleo Project\PilotProject_DemoWebShop_Jayasuriyarepo\TestCase">
<suite id="s1-s1-s1" name="JewelryTest" source="E:\EXPLEO\Expleo Project\PilotProject_DemoWebShop_Jayasuriyarepo\TestCase\JewelryTest.robot">
<test id="s1-s1-s1-t1" name="Validate the jewelry functionality" line="11">
<kw name="Open the Browser" owner="GenericResources" type="SETUP">
<kw name="Open Browser" owner="SeleniumLibrary">
<msg time="2024-07-15T23:06:59.036652" level="INFO">Opening browser 'Chrome' to base url 'https://demowebshop.tricentis.com/'.</msg>
<arg>${url}</arg>
<arg>${browser_name}</arg>
<doc>Opens a new browser instance to the optional ``url``.</doc>
<status status="PASS" start="2024-07-15T23:06:59.036652" elapsed="9.387204"/>
</kw>
<kw name="Maximize Browser Window" owner="SeleniumLibrary">
<doc>Maximizes current browser window.</doc>
<status status="PASS" start="2024-07-15T23:07:08.423856" elapsed="0.030652"/>
</kw>
<kw name="Set Selenium Implicit Wait" owner="SeleniumLibrary">
<arg>10 seconds</arg>
<doc>Sets the implicit wait value used by Selenium.</doc>
<status status="PASS" start="2024-07-15T23:07:08.454508" elapsed="0.002222"/>
</kw>
<status status="PASS" start="2024-07-15T23:06:59.036652" elapsed="9.420078"/>
</kw>
<kw name="Click the jewelry element" owner="JewelryResources">
<kw name="Click Element" owner="SeleniumLibrary">
<msg time="2024-07-15T23:07:08.456730" level="INFO">Clicking element 'xpath:(//a[@href='/jewelry'])[1]'.</msg>
<arg>${jewelry_button}</arg>
<doc>Click the element identified by ``locator``.</doc>
<status status="PASS" start="2024-07-15T23:07:08.456730" elapsed="1.146073"/>
</kw>
<status status="PASS" start="2024-07-15T23:07:08.456730" elapsed="1.146073"/>
</kw>
<kw name="Check whether the jewelry is visible" owner="JewelryResources">
<kw name="Element Text Should Be" owner="SeleniumLibrary">
<msg time="2024-07-15T23:07:09.602803" level="INFO">Verifying element 'xpath://div[@class='page-title']//h1' contains exact text 'Jewelry'.</msg>
<arg>${visible_jewelry}</arg>
<arg>Jewelry</arg>
<doc>Verifies that element ``locator`` contains exact the text ``expected``.</doc>
<status status="PASS" start="2024-07-15T23:07:09.602803" elapsed="0.035467"/>
</kw>
<status status="PASS" start="2024-07-15T23:07:09.602803" elapsed="0.035467"/>
</kw>
<kw name="Click the sort by dropdown button" owner="JewelryResources">
<kw name="Click Element" owner="SeleniumLibrary">
<msg time="2024-07-15T23:07:09.639362" level="INFO">Clicking element 'xpath://select[@id='products-orderby']'.</msg>
<arg>${click_dropdown}</arg>
<doc>Click the element identified by ``locator``.</doc>
<status status="PASS" start="2024-07-15T23:07:09.639362" elapsed="0.070921"/>
</kw>
<status status="PASS" start="2024-07-15T23:07:09.639362" elapsed="0.070921"/>
</kw>
<kw name="Click A to Z option in the dropdown list" owner="JewelryResources">
<kw name="Click Element" owner="SeleniumLibrary">
<msg time="2024-07-15T23:07:09.711082" level="INFO">Clicking element 'xpath:(//select[@id='products-orderby']//option)[2]'.</msg>
<arg>${click_A_to_Z_product}</arg>
<doc>Click the element identified by ``locator``.</doc>
<status status="PASS" start="2024-07-15T23:07:09.711082" elapsed="0.826953"/>
</kw>
<status status="PASS" start="2024-07-15T23:07:09.711082" elapsed="0.826953"/>
</kw>
<kw name="Verify whether Sorting Order in A to Z" owner="JewelryResources">
<kw name="Element Should Be Visible" owner="SeleniumLibrary">
<msg time="2024-07-15T23:07:10.579772" level="INFO">Element 'xpath://h2[@class='product-title']/a' is displayed.</msg>
<arg>${visible_product}</arg>
<arg>Black &amp; White Diamond Heart</arg>
<doc>Verifies that the element identified by ``locator`` is visible.</doc>
<status status="PASS" start="2024-07-15T23:07:10.539087" elapsed="0.040685"/>
</kw>
<status status="PASS" start="2024-07-15T23:07:10.538035" elapsed="0.041737"/>
</kw>
<kw name="Click the first product" owner="JewelryResources">
<kw name="Click Element" owner="SeleniumLibrary">
<msg time="2024-07-15T23:07:10.579772" level="INFO">Clicking element 'xpath://h2[@class='product-title']/a'.</msg>
<arg>${click_first_product}</arg>
<doc>Click the element identified by ``locator``.</doc>
<status status="PASS" start="2024-07-15T23:07:10.579772" elapsed="1.655076"/>
</kw>
<status status="PASS" start="2024-07-15T23:07:10.579772" elapsed="1.655076"/>
</kw>
<kw name="Close Browser Session" owner="GenericResources" type="TEARDOWN">
<kw name="Close Browser" owner="SeleniumLibrary">
<doc>Closes the current browser.</doc>
<status status="PASS" start="2024-07-15T23:07:12.234848" elapsed="2.181481"/>
</kw>
<status status="PASS" start="2024-07-15T23:07:12.234848" elapsed="2.181481"/>
</kw>
<doc>This test case will validate the sort by functionality</doc>
<tag>smoke</tag>
<status status="PASS" start="2024-07-15T23:06:59.036652" elapsed="15.379677"/>
</test>
<test id="s1-s1-s1-t2" name="Validate the jewelry functionality without filtering" line="21">
<kw name="Open the Browser" owner="GenericResources" type="SETUP">
<kw name="Open Browser" owner="SeleniumLibrary">
<msg time="2024-07-15T23:07:14.416329" level="INFO">Opening browser 'Chrome' to base url 'https://demowebshop.tricentis.com/'.</msg>
<arg>${url}</arg>
<arg>${browser_name}</arg>
<doc>Opens a new browser instance to the optional ``url``.</doc>
<status status="PASS" start="2024-07-15T23:07:14.416329" elapsed="7.173801"/>
</kw>
<kw name="Maximize Browser Window" owner="SeleniumLibrary">
<doc>Maximizes current browser window.</doc>
<status status="PASS" start="2024-07-15T23:07:21.590130" elapsed="0.028943"/>
</kw>
<kw name="Set Selenium Implicit Wait" owner="SeleniumLibrary">
<arg>10 seconds</arg>
<doc>Sets the implicit wait value used by Selenium.</doc>
<status status="PASS" start="2024-07-15T23:07:21.619073" elapsed="0.000000"/>
</kw>
<status status="PASS" start="2024-07-15T23:07:14.416329" elapsed="7.202744"/>
</kw>
<kw name="Click the jewelry element" owner="JewelryResources">
<kw name="Click Element" owner="SeleniumLibrary">
<msg time="2024-07-15T23:07:21.622774" level="INFO">Clicking element 'xpath:(//a[@href='/jewelry'])[1]'.</msg>
<arg>${jewelry_button}</arg>
<doc>Click the element identified by ``locator``.</doc>
<status status="PASS" start="2024-07-15T23:07:21.622774" elapsed="0.767533"/>
</kw>
<status status="PASS" start="2024-07-15T23:07:21.619073" elapsed="0.771234"/>
</kw>
<kw name="Check whether the jewelry is visible" owner="JewelryResources">
<kw name="Element Text Should Be" owner="SeleniumLibrary">
<msg time="2024-07-15T23:07:22.392348" level="INFO">Verifying element 'xpath://div[@class='page-title']//h1' contains exact text 'Jewelry'.</msg>
<arg>${visible_jewelry}</arg>
<arg>Jewelry</arg>
<doc>Verifies that element ``locator`` contains exact the text ``expected``.</doc>
<status status="PASS" start="2024-07-15T23:07:22.391828" elapsed="0.045394"/>
</kw>
<status status="PASS" start="2024-07-15T23:07:22.391828" elapsed="0.045394"/>
</kw>
<kw name="Click the first product" owner="JewelryResources">
<kw name="Click Element" owner="SeleniumLibrary">
<msg time="2024-07-15T23:07:22.437742" level="INFO">Clicking element 'xpath://h2[@class='product-title']/a'.</msg>
<arg>${click_first_product}</arg>
<doc>Click the element identified by ``locator``.</doc>
<status status="PASS" start="2024-07-15T23:07:22.437742" elapsed="1.613429"/>
</kw>
<status status="PASS" start="2024-07-15T23:07:22.437742" elapsed="1.613429"/>
</kw>
<kw name="Close Browser Session" owner="GenericResources" type="TEARDOWN">
<kw name="Close Browser" owner="SeleniumLibrary">
<doc>Closes the current browser.</doc>
<status status="PASS" start="2024-07-15T23:07:24.052191" elapsed="2.179241"/>
</kw>
<status status="PASS" start="2024-07-15T23:07:24.051171" elapsed="2.180261"/>
</kw>
<doc>This test case will validate that without sort by product</doc>
<tag>regression</tag>
<status status="PASS" start="2024-07-15T23:07:14.416329" elapsed="11.815103"/>
</test>
<test id="s1-s1-s1-t3" name="Validate the jewelry functionality with filtering all product" line="28">
<kw name="Open the Browser" owner="GenericResources" type="SETUP">
<kw name="Open Browser" owner="SeleniumLibrary">
<msg time="2024-07-15T23:07:26.234228" level="INFO">Opening browser 'Chrome' to base url 'https://demowebshop.tricentis.com/'.</msg>
<arg>${url}</arg>
<arg>${browser_name}</arg>
<doc>Opens a new browser instance to the optional ``url``.</doc>
<status status="PASS" start="2024-07-15T23:07:26.234228" elapsed="7.807980"/>
</kw>
<kw name="Maximize Browser Window" owner="SeleniumLibrary">
<doc>Maximizes current browser window.</doc>
<status status="PASS" start="2024-07-15T23:07:34.042208" elapsed="0.027502"/>
</kw>
<kw name="Set Selenium Implicit Wait" owner="SeleniumLibrary">
<arg>10 seconds</arg>
<doc>Sets the implicit wait value used by Selenium.</doc>
<status status="PASS" start="2024-07-15T23:07:34.071955" elapsed="0.000000"/>
</kw>
<status status="PASS" start="2024-07-15T23:07:26.234228" elapsed="7.837727"/>
</kw>
<kw name="Click the jewelry element" owner="JewelryResources">
<kw name="Click Element" owner="SeleniumLibrary">
<msg time="2024-07-15T23:07:34.073930" level="INFO">Clicking element 'xpath:(//a[@href='/jewelry'])[1]'.</msg>
<arg>${jewelry_button}</arg>
<doc>Click the element identified by ``locator``.</doc>
<status status="PASS" start="2024-07-15T23:07:34.073930" elapsed="1.668291"/>
</kw>
<status status="PASS" start="2024-07-15T23:07:34.073604" elapsed="1.668617"/>
</kw>
<kw name="Check whether the jewelry is visible" owner="JewelryResources">
<kw name="Element Text Should Be" owner="SeleniumLibrary">
<msg time="2024-07-15T23:07:35.743230" level="INFO">Verifying element 'xpath://div[@class='page-title']//h1' contains exact text 'Jewelry'.</msg>
<arg>${visible_jewelry}</arg>
<arg>Jewelry</arg>
<doc>Verifies that element ``locator`` contains exact the text ``expected``.</doc>
<status status="PASS" start="2024-07-15T23:07:35.743230" elapsed="0.032974"/>
</kw>
<status status="PASS" start="2024-07-15T23:07:35.742221" elapsed="0.033983"/>
</kw>
<kw name="Click the sort by dropdown button" owner="JewelryResources">
<kw name="Click Element" owner="SeleniumLibrary">
<msg time="2024-07-15T23:07:35.776723" level="INFO">Clicking element 'xpath://select[@id='products-orderby']'.</msg>
<arg>${click_dropdown}</arg>
<doc>Click the element identified by ``locator``.</doc>
<status status="PASS" start="2024-07-15T23:07:35.776723" elapsed="0.066221"/>
</kw>
<status status="PASS" start="2024-07-15T23:07:35.776723" elapsed="0.066221"/>
</kw>
<kw name="Click A to Z option in the dropdown list" owner="JewelryResources">
<kw name="Click Element" owner="SeleniumLibrary">
<msg time="2024-07-15T23:07:35.844229" level="INFO">Clicking element 'xpath:(//select[@id='products-orderby']//option)[2]'.</msg>
<arg>${click_A_to_Z_product}</arg>
<doc>Click the element identified by ``locator``.</doc>
<status status="PASS" start="2024-07-15T23:07:35.844229" elapsed="1.046100"/>
</kw>
<status status="PASS" start="2024-07-15T23:07:35.842944" elapsed="1.047385"/>
</kw>
<kw name="Verify whether Sorting Order in A to Z" owner="JewelryResources">
<kw name="Element Should Be Visible" owner="SeleniumLibrary">
<msg time="2024-07-15T23:07:36.918628" level="INFO">Element 'xpath://h2[@class='product-title']/a' is displayed.</msg>
<arg>${visible_product}</arg>
<arg>Black &amp; White Diamond Heart</arg>
<doc>Verifies that the element identified by ``locator`` is visible.</doc>
<status status="PASS" start="2024-07-15T23:07:36.891335" elapsed="0.027293"/>
</kw>
<status status="PASS" start="2024-07-15T23:07:36.890329" elapsed="0.028299"/>
</kw>
<kw name="Click dropdown display" owner="JewelryResources">
<kw name="Click Element" owner="SeleniumLibrary">
<msg time="2024-07-15T23:07:36.919985" level="INFO">Clicking element 'xpath://select[@id='products-pagesize']'.</msg>
<arg>${click_dropdown_display}</arg>
<doc>Click the element identified by ``locator``.</doc>
<status status="PASS" start="2024-07-15T23:07:36.919985" elapsed="0.067430"/>
</kw>
<status status="PASS" start="2024-07-15T23:07:36.918628" elapsed="0.068787"/>
</kw>
<kw name="Select the option in the display dropdown" owner="JewelryResources">
<kw name="Click Element" owner="SeleniumLibrary">
<msg time="2024-07-15T23:07:36.988893" level="INFO">Clicking element 'xpath:(//select[@id='products-pagesize']//option)[2]'.</msg>
<arg>${select_4_in display_option}</arg>
<doc>Click the element identified by ``locator``.</doc>
<status status="PASS" start="2024-07-15T23:07:36.988893" elapsed="0.035911"/>
</kw>
<status status="PASS" start="2024-07-15T23:07:36.987415" elapsed="0.037389"/>
</kw>
<kw name="Click view as option" owner="JewelryResources">
<kw name="Click Element" owner="SeleniumLibrary">
<msg time="2024-07-15T23:07:37.025812" level="INFO">Clicking element 'xpath://select[@id='products-viewmode']'.</msg>
<arg>${click_view_as}</arg>
<doc>Click the element identified by ``locator``.</doc>
<status status="PASS" start="2024-07-15T23:07:37.024804" elapsed="0.070370"/>
</kw>
<status status="PASS" start="2024-07-15T23:07:37.024804" elapsed="0.070370"/>
</kw>
<kw name="Select list in the view as option" owner="JewelryResources">
<kw name="Click Element" owner="SeleniumLibrary">
<msg time="2024-07-15T23:07:37.096373" level="INFO">Clicking element 'xpath://select[@id='products-viewmode']/option[text()='List']'.</msg>
<arg>${select_view_as}</arg>
<doc>Click the element identified by ``locator``.</doc>
<status status="PASS" start="2024-07-15T23:07:37.096373" elapsed="0.757843"/>
</kw>
<status status="PASS" start="2024-07-15T23:07:37.095174" elapsed="0.759042"/>
</kw>
<kw name="Check whether product are listed in one by one" owner="JewelryResources">
<kw name="Element Should Be Visible" owner="SeleniumLibrary">
<msg time="2024-07-15T23:07:37.882133" level="INFO">Element 'xpath://div[contains(@class, 'product-list')]' is displayed.</msg>
<arg>${list_visible}</arg>
<doc>Verifies that the element identified by ``locator`` is visible.</doc>
<status status="PASS" start="2024-07-15T23:07:37.855237" elapsed="0.026896"/>
</kw>
<status status="PASS" start="2024-07-15T23:07:37.854216" elapsed="0.027917"/>
</kw>
<kw name="Close Browser Session" owner="GenericResources" type="TEARDOWN">
<kw name="Close Browser" owner="SeleniumLibrary">
<doc>Closes the current browser.</doc>
<status status="PASS" start="2024-07-15T23:07:37.883138" elapsed="2.160841"/>
</kw>
<status status="PASS" start="2024-07-15T23:07:37.882133" elapsed="2.161846"/>
</kw>
<doc>This test case will validate that product</doc>
<tag>regression</tag>
<status status="PASS" start="2024-07-15T23:07:26.231432" elapsed="13.813552"/>
</test>
<test id="s1-s1-s1-t4" name="Validate the jewelry with add to cart" line="42">
<kw name="Open the Browser" owner="GenericResources" type="SETUP">
<kw name="Open Browser" owner="SeleniumLibrary">
<msg time="2024-07-15T23:07:40.047002" level="INFO">Opening browser 'Chrome' to base url 'https://demowebshop.tricentis.com/'.</msg>
<arg>${url}</arg>
<arg>${browser_name}</arg>
<doc>Opens a new browser instance to the optional ``url``.</doc>
<status status="PASS" start="2024-07-15T23:07:40.047002" elapsed="6.765078"/>
</kw>
<kw name="Maximize Browser Window" owner="SeleniumLibrary">
<doc>Maximizes current browser window.</doc>
<status status="PASS" start="2024-07-15T23:07:46.812080" elapsed="0.035791"/>
</kw>
<kw name="Set Selenium Implicit Wait" owner="SeleniumLibrary">
<arg>10 seconds</arg>
<doc>Sets the implicit wait value used by Selenium.</doc>
<status status="PASS" start="2024-07-15T23:07:46.847871" elapsed="0.000000"/>
</kw>
<status status="PASS" start="2024-07-15T23:07:40.046494" elapsed="6.801377"/>
</kw>
<kw name="Click the jewelry element" owner="JewelryResources">
<kw name="Click Element" owner="SeleniumLibrary">
<msg time="2024-07-15T23:07:46.847871" level="INFO">Clicking element 'xpath:(//a[@href='/jewelry'])[1]'.</msg>
<arg>${jewelry_button}</arg>
<doc>Click the element identified by ``locator``.</doc>
<status status="PASS" start="2024-07-15T23:07:46.847871" elapsed="0.760222"/>
</kw>
<status status="PASS" start="2024-07-15T23:07:46.847871" elapsed="0.760222"/>
</kw>
<kw name="Click the sort by dropdown button" owner="JewelryResources">
<kw name="Click Element" owner="SeleniumLibrary">
<msg time="2024-07-15T23:07:47.608093" level="INFO">Clicking element 'xpath://select[@id='products-orderby']'.</msg>
<arg>${click_dropdown}</arg>
<doc>Click the element identified by ``locator``.</doc>
<status status="PASS" start="2024-07-15T23:07:47.608093" elapsed="0.072233"/>
</kw>
<status status="PASS" start="2024-07-15T23:07:47.608093" elapsed="0.072233"/>
</kw>
<kw name="Click low to high option in the dropdown list" owner="JewelryResources">
<kw name="Click Element" owner="SeleniumLibrary">
<msg time="2024-07-15T23:07:47.681083" level="INFO">Clicking element 'xpath:(//select[@id='products-orderby']//option)[4]'.</msg>
<arg>${click_low_to_high}</arg>
<doc>Click the element identified by ``locator``.</doc>
<status status="PASS" start="2024-07-15T23:07:47.681083" elapsed="6.496011"/>
</kw>
<status status="PASS" start="2024-07-15T23:07:47.681083" elapsed="6.496250"/>
</kw>
<kw name="Click second product in low to high" owner="JewelryResources">
<kw name="Click Link" owner="SeleniumLibrary">
<msg time="2024-07-15T23:07:54.178294" level="INFO">Clicking link 'xpath://a[text()='Black &amp; White Diamond Heart']'.</msg>
<arg>${click_product_inLowToHigh}</arg>
<doc>Clicks a link identified by ``locator``.</doc>
<status status="PASS" start="2024-07-15T23:07:54.178294" elapsed="1.591371"/>
</kw>
<status status="PASS" start="2024-07-15T23:07:54.177333" elapsed="1.592332"/>
</kw>
<kw name="Click add to cart button" owner="JewelryResources">
<kw name="Click Element" owner="SeleniumLibrary">
<msg time="2024-07-15T23:07:55.769665" level="INFO">Clicking element 'xpath://input[@id='add-to-cart-button-14']'.</msg>
<arg>${click_add_to_cart}</arg>
<doc>Click the element identified by ``locator``.</doc>
<status status="PASS" start="2024-07-15T23:07:55.769665" elapsed="0.089710"/>
</kw>
<status status="PASS" start="2024-07-15T23:07:55.769665" elapsed="0.089710"/>
</kw>
<kw name="Check whether selected product in cart" owner="JewelryResources">
<kw name="Element Text Should Be" owner="SeleniumLibrary">
<msg time="2024-07-15T23:07:55.859375" level="INFO">Verifying element 'xpath://p[@class='content']' contains exact text 'The product has been added to your shopping cart'.</msg>
<arg>${add_to_cart_notifi}</arg>
<arg>The product has been added to your shopping cart</arg>
<doc>Verifies that element ``locator`` contains exact the text ``expected``.</doc>
<status status="PASS" start="2024-07-15T23:07:55.859375" elapsed="0.531403"/>
</kw>
<status status="PASS" start="2024-07-15T23:07:55.859375" elapsed="0.531403"/>
</kw>
<kw name="Close Browser Session" owner="GenericResources" type="TEARDOWN">
<kw name="Close Browser" owner="SeleniumLibrary">
<doc>Closes the current browser.</doc>
<status status="PASS" start="2024-07-15T23:07:56.391811" elapsed="2.780328"/>
</kw>
<status status="PASS" start="2024-07-15T23:07:56.391811" elapsed="2.780328"/>
</kw>
<doc>This test case will validate that product with add to cart</doc>
<tag>smoke</tag>
<status status="PASS" start="2024-07-15T23:07:40.044984" elapsed="19.127155"/>
</test>
<test id="s1-s1-s1-t5" name="Validate the price with range" line="52">
<kw name="Open the Browser" owner="GenericResources" type="SETUP">
<kw name="Open Browser" owner="SeleniumLibrary">
<msg time="2024-07-15T23:07:59.172139" level="INFO">Opening browser 'Chrome' to base url 'https://demowebshop.tricentis.com/'.</msg>
<arg>${url}</arg>
<arg>${browser_name}</arg>
<doc>Opens a new browser instance to the optional ``url``.</doc>
<status status="PASS" start="2024-07-15T23:07:59.172139" elapsed="7.141292"/>
</kw>
<kw name="Maximize Browser Window" owner="SeleniumLibrary">
<doc>Maximizes current browser window.</doc>
<status status="PASS" start="2024-07-15T23:08:06.313431" elapsed="0.032711"/>
</kw>
<kw name="Set Selenium Implicit Wait" owner="SeleniumLibrary">
<arg>10 seconds</arg>
<doc>Sets the implicit wait value used by Selenium.</doc>
<status status="PASS" start="2024-07-15T23:08:06.346142" elapsed="0.004627"/>
</kw>
<status status="PASS" start="2024-07-15T23:07:59.172139" elapsed="7.178866"/>
</kw>
<kw name="Click the jewelry element" owner="JewelryResources">
<kw name="Click Element" owner="SeleniumLibrary">
<msg time="2024-07-15T23:08:06.352074" level="INFO">Clicking element 'xpath:(//a[@href='/jewelry'])[1]'.</msg>
<arg>${jewelry_button}</arg>
<doc>Click the element identified by ``locator``.</doc>
<status status="PASS" start="2024-07-15T23:08:06.351005" elapsed="0.766974"/>
</kw>
<status status="PASS" start="2024-07-15T23:08:06.351005" elapsed="0.766974"/>
</kw>
<kw name="Click the sort by dropdown button" owner="JewelryResources">
<kw name="Click Element" owner="SeleniumLibrary">
<msg time="2024-07-15T23:08:07.119008" level="INFO">Clicking element 'xpath://select[@id='products-orderby']'.</msg>
<arg>${click_dropdown}</arg>
<doc>Click the element identified by ``locator``.</doc>
<status status="PASS" start="2024-07-15T23:08:07.119008" elapsed="0.070909"/>
</kw>
<status status="PASS" start="2024-07-15T23:08:07.117979" elapsed="0.071938"/>
</kw>
<kw name="Click low to high option in the dropdown list" owner="JewelryResources">
<kw name="Click Element" owner="SeleniumLibrary">
<msg time="2024-07-15T23:08:07.189917" level="INFO">Clicking element 'xpath:(//select[@id='products-orderby']//option)[4]'.</msg>
<arg>${click_low_to_high}</arg>
<doc>Click the element identified by ``locator``.</doc>
<status status="PASS" start="2024-07-15T23:08:07.189917" elapsed="0.641526"/>
</kw>
<status status="PASS" start="2024-07-15T23:08:07.189917" elapsed="0.641526"/>
</kw>
<kw name="Click A to Z option in the dropdown list" owner="JewelryResources">
<kw name="Click Element" owner="SeleniumLibrary">
<msg time="2024-07-15T23:08:07.831443" level="INFO">Clicking element 'xpath:(//select[@id='products-orderby']//option)[2]'.</msg>
<arg>${click_A_to_Z_product}</arg>
<doc>Click the element identified by ``locator``.</doc>
<status status="PASS" start="2024-07-15T23:08:07.831443" elapsed="0.629790"/>
</kw>
<status status="PASS" start="2024-07-15T23:08:07.831443" elapsed="0.629790"/>
</kw>
<kw name="Click between 0 to 500 range" owner="JewelryResources">
<kw name="Click Link" owner="SeleniumLibrary">
<msg time="2024-07-15T23:08:08.462777" level="INFO">Clicking link 'xpath://a[contains(@href, 'price=0-500')]'.</msg>
<arg>${click_first_range_price}</arg>
<doc>Clicks a link identified by ``locator``.</doc>
<status status="PASS" start="2024-07-15T23:08:08.462266" elapsed="0.632660"/>
</kw>
<status status="PASS" start="2024-07-15T23:08:08.461233" elapsed="0.633693"/>
</kw>
<kw name="Close Browser Session" owner="GenericResources" type="TEARDOWN">
<kw name="Close Browser" owner="SeleniumLibrary">
<doc>Closes the current browser.</doc>
<status status="PASS" start="2024-07-15T23:08:09.095977" elapsed="2.173042"/>
</kw>
<status status="PASS" start="2024-07-15T23:08:09.095977" elapsed="2.173042"/>
</kw>
<doc>This test case will validate the price</doc>
<tag>regression</tag>
<status status="PASS" start="2024-07-15T23:07:59.172139" elapsed="12.096880"/>
</test>
<doc>To validate Profile information</doc>
<status status="PASS" start="2024-07-15T23:06:58.601933" elapsed="72.667086"/>
</suite>
<suite id="s1-s1-s2" name="MyAccountTest BackInStockSubscriptions" source="E:\EXPLEO\Expleo Project\PilotProject_DemoWebShop_Jayasuriyarepo\TestCase\MyAccountTest_BackInStockSubscriptions.robot">
<test id="s1-s1-s2-t1" name="Validate the back in stock subscriptions" line="10">
<kw name="Open the Browser" owner="GenericResources" type="SETUP">
<kw name="Open Browser" owner="SeleniumLibrary">
<msg time="2024-07-15T23:08:11.289449" level="INFO">Opening browser 'Chrome' to base url 'https://demowebshop.tricentis.com/'.</msg>
<arg>${url}</arg>
<arg>${browser_name}</arg>
<doc>Opens a new browser instance to the optional ``url``.</doc>
<status status="PASS" start="2024-07-15T23:08:11.289449" elapsed="7.765256"/>
</kw>
<kw name="Maximize Browser Window" owner="SeleniumLibrary">
<doc>Maximizes current browser window.</doc>
<status status="PASS" start="2024-07-15T23:08:19.054705" elapsed="0.026919"/>
</kw>
<kw name="Set Selenium Implicit Wait" owner="SeleniumLibrary">
<arg>10 seconds</arg>
<doc>Sets the implicit wait value used by Selenium.</doc>
<status status="PASS" start="2024-07-15T23:08:19.083118" elapsed="0.000000"/>
</kw>
<status status="PASS" start="2024-07-15T23:08:11.288181" elapsed="7.794937"/>
</kw>
<kw name="Fill login email" owner="MyAccountResources">
<kw name="Click Link" owner="SeleniumLibrary">
<msg time="2024-07-15T23:08:19.083118" level="INFO">Clicking link 'xpath=//a[text()='Log in']'.</msg>
<arg>${login}</arg>
<doc>Clicks a link identified by ``locator``.</doc>
<status status="PASS" start="2024-07-15T23:08:19.083118" elapsed="0.609394"/>
</kw>
<kw name="Input Text" owner="SeleniumLibrary">
<msg time="2024-07-15T23:08:19.692512" level="INFO">Typing text 'narayanasamy04082002@gmail.com' into text field 'xpath://input[@id='Email']'.</msg>
<arg>${login_email}</arg>
<arg>narayanasamy04082002@gmail.com</arg>
<doc>Types the given ``text`` into the text field identified by ``locator``.</doc>
<status status="PASS" start="2024-07-15T23:08:19.692512" elapsed="0.114989"/>
</kw>
<kw name="Input Text" owner="SeleniumLibrary">
<msg time="2024-07-15T23:08:19.809487" level="INFO">Typing text 'narayana' into text field 'xpath://input[@id='Password']'.</msg>
<arg>${login_pass}</arg>
<arg>narayana</arg>
<doc>Types the given ``text`` into the text field identified by ``locator``.</doc>
<status status="PASS" start="2024-07-15T23:08:19.809487" elapsed="0.110858"/>
</kw>
<kw name="Click Button" owner="SeleniumLibrary">
<msg time="2024-07-15T23:08:19.920345" level="INFO">Clicking button 'xpath=//input[@class='button-1 login-button']'.</msg>
<arg>${login_btn}</arg>
<doc>Clicks the button identified by ``locator``.</doc>
<status status="PASS" start="2024-07-15T23:08:19.920345" elapsed="1.018717"/>
</kw>
<status status="PASS" start="2024-07-15T23:08:19.083118" elapsed="1.859027"/>
</kw>
<kw name="Click account" owner="MyAccountResources">
<kw name="Click Link" owner="SeleniumLibrary">
<msg time="2024-07-15T23:08:20.942145" level="INFO">Clicking link 'xpath:(//li/a)[1]'.</msg>
<arg>${clickaccount}</arg>
<doc>Clicks a link identified by ``locator``.</doc>
<status status="PASS" start="2024-07-15T23:08:20.942145" elapsed="0.574686"/>
</kw>
<status status="PASS" start="2024-07-15T23:08:20.942145" elapsed="0.574686"/>
</kw>
<kw name="Click the back in stock subscriptions button" owner="MyAccountResources">
<kw name="Click Element" owner="SeleniumLibrary">
<msg time="2024-07-15T23:08:21.517781" level="INFO">Clicking element 'xpath://a[text()='Back in stock subscriptions']'.</msg>
<arg>${back_in_subscription}</arg>
<doc>Click the element identified by ``locator``.</doc>
<status status="PASS" start="2024-07-15T23:08:21.517781" elapsed="0.539552"/>
</kw>
<status status="PASS" start="2024-07-15T23:08:21.517781" elapsed="0.539552"/>
</kw>
<kw name="Close All Browsers" owner="SeleniumLibrary" type="TEARDOWN">
<doc>Closes all open browsers and resets the browser cache.</doc>
<status status="PASS" start="2024-07-15T23:08:22.059151" elapsed="6.220580"/>
</kw>
<status status="PASS" start="2024-07-15T23:08:11.288181" elapsed="16.991550"/>
</test>
<doc>To validate back in stock subscriptions</doc>
<status status="PASS" start="2024-07-15T23:08:11.271891" elapsed="17.007840"/>
</suite>
<suite id="s1-s1-s3" name="MyAccountTest ChangePassword" source="E:\EXPLEO\Expleo Project\PilotProject_DemoWebShop_Jayasuriyarepo\TestCase\MyAccountTest_ChangePassword.robot">
<test id="s1-s1-s3-t1" name="Validate the change password" line="11">
<kw name="Open the Browser" owner="GenericResources" type="SETUP">
<kw name="Open Browser" owner="SeleniumLibrary">
<msg time="2024-07-15T23:08:28.279731" level="INFO">Opening browser 'Chrome' to base url 'https://demowebshop.tricentis.com/'.</msg>
<arg>${url}</arg>
<arg>${browser_name}</arg>
<doc>Opens a new browser instance to the optional ``url``.</doc>
<status status="PASS" start="2024-07-15T23:08:28.279731" elapsed="6.855826"/>
</kw>
<kw name="Maximize Browser Window" owner="SeleniumLibrary">
<doc>Maximizes current browser window.</doc>
<status status="PASS" start="2024-07-15T23:08:35.135557" elapsed="0.029252"/>
</kw>
<kw name="Set Selenium Implicit Wait" owner="SeleniumLibrary">
<arg>10 seconds</arg>
<doc>Sets the implicit wait value used by Selenium.</doc>
<status status="PASS" start="2024-07-15T23:08:35.165224" elapsed="0.001573"/>
</kw>
<status status="PASS" start="2024-07-15T23:08:28.279731" elapsed="6.887066"/>
</kw>
<kw name="Fill login email" owner="MyAccountResources">
<kw name="Click Link" owner="SeleniumLibrary">
<msg time="2024-07-15T23:08:35.168309" level="INFO">Clicking link 'xpath=//a[text()='Log in']'.</msg>
<arg>${login}</arg>
<doc>Clicks a link identified by ``locator``.</doc>
<status status="PASS" start="2024-07-15T23:08:35.166797" elapsed="0.519558"/>
</kw>
<kw name="Input Text" owner="SeleniumLibrary">
<msg time="2024-07-15T23:08:35.687415" level="INFO">Typing text 'narayanasamy04082002@gmail.com' into text field 'xpath://input[@id='Email']'.</msg>
<arg>${login_email}</arg>
<arg>narayanasamy04082002@gmail.com</arg>
<doc>Types the given ``text`` into the text field identified by ``locator``.</doc>
<status status="PASS" start="2024-07-15T23:08:35.686355" elapsed="0.116643"/>
</kw>
<kw name="Input Text" owner="SeleniumLibrary">
<msg time="2024-07-15T23:08:35.802998" level="INFO">Typing text 'narayana' into text field 'xpath://input[@id='Password']'.</msg>
<arg>${login_pass}</arg>
<arg>narayana</arg>
<doc>Types the given ``text`` into the text field identified by ``locator``.</doc>
<status status="PASS" start="2024-07-15T23:08:35.802998" elapsed="0.112633"/>
</kw>
<kw name="Click Button" owner="SeleniumLibrary">
<msg time="2024-07-15T23:08:35.915830" level="INFO">Clicking button 'xpath=//input[@class='button-1 login-button']'.</msg>
<arg>${login_btn}</arg>
<doc>Clicks the button identified by ``locator``.</doc>
<status status="PASS" start="2024-07-15T23:08:35.915830" elapsed="0.934406"/>
</kw>
<status status="PASS" start="2024-07-15T23:08:35.166797" elapsed="1.683439"/>
</kw>
<kw name="Click account" owner="MyAccountResources">
<kw name="Click Link" owner="SeleniumLibrary">
<msg time="2024-07-15T23:08:36.850236" level="INFO">Clicking link 'xpath:(//li/a)[1]'.</msg>
<arg>${clickaccount}</arg>
<doc>Clicks a link identified by ``locator``.</doc>
<status status="PASS" start="2024-07-15T23:08:36.850236" elapsed="0.577721"/>
</kw>
<status status="PASS" start="2024-07-15T23:08:36.850236" elapsed="0.577721"/>
</kw>
<kw name="Click change password button" owner="MyAccountResources">
<kw name="Click Element" owner="SeleniumLibrary">
<msg time="2024-07-15T23:08:37.427957" level="INFO">Clicking element 'xpath://a[text()='Change password']'.</msg>
<arg>${change_password_path}</arg>
<doc>Click the element identified by ``locator``.</doc>
<status status="PASS" start="2024-07-15T23:08:37.427957" elapsed="0.530740"/>
</kw>
<status status="PASS" start="2024-07-15T23:08:37.427957" elapsed="0.530740"/>
</kw>
<kw name="Enter old password in the old password field" owner="MyAccountResources">
<kw name="Input Text" owner="SeleniumLibrary">
<msg time="2024-07-15T23:08:37.958697" level="INFO">Typing text 'narayana' into text field 'xpath://input[@id='OldPassword']'.</msg>
<arg>${old_password_path}</arg>
<arg>narayana</arg>
<doc>Types the given ``text`` into the text field identified by ``locator``.</doc>
<status status="PASS" start="2024-07-15T23:08:37.958697" elapsed="0.108740"/>
</kw>
<status status="PASS" start="2024-07-15T23:08:37.958697" elapsed="0.108740"/>
</kw>
<kw name="Enter new password in the new password field" owner="MyAccountResources">
<kw name="Input Text" owner="SeleniumLibrary">
<msg time="2024-07-15T23:08:38.067437" level="INFO">Typing text 'narayana' into text field 'xpath://input[@id='NewPassword']'.</msg>
<arg>${new_password_path}</arg>
<arg>narayana</arg>
<doc>Types the given ``text`` into the text field identified by ``locator``.</doc>
<status status="PASS" start="2024-07-15T23:08:38.067437" elapsed="0.123982"/>
</kw>
<status status="PASS" start="2024-07-15T23:08:38.067437" elapsed="0.123982"/>
</kw>
<kw name="Enter confirm password in the confirm password field" owner="MyAccountResources">
<kw name="Input Text" owner="SeleniumLibrary">
<msg time="2024-07-15T23:08:38.192919" level="INFO">Typing text 'narayana' into text field 'xpath://input[@id='ConfirmNewPassword']'.</msg>
<arg>${confirm_new_password_path}</arg>
<arg>narayana</arg>
<doc>Types the given ``text`` into the text field identified by ``locator``.</doc>
<status status="PASS" start="2024-07-15T23:08:38.192919" elapsed="0.097506"/>
</kw>
<status status="PASS" start="2024-07-15T23:08:38.192919" elapsed="0.103620"/>
</kw>
<kw name="Click change password button" owner="MyAccountResources">
<kw name="Click Element" owner="SeleniumLibrary">
<msg time="2024-07-15T23:08:38.296539" level="INFO">Clicking element 'xpath://a[text()='Change password']'.</msg>
<arg>${change_password_path}</arg>
<doc>Click the element identified by ``locator``.</doc>
<status status="PASS" start="2024-07-15T23:08:38.296539" elapsed="0.530990"/>
</kw>
<status status="PASS" start="2024-07-15T23:08:38.296539" elapsed="0.530990"/>
</kw>
<kw name="Close All Browsers" owner="SeleniumLibrary" type="TEARDOWN">
<doc>Closes all open browsers and resets the browser cache.</doc>
<status status="PASS" start="2024-07-15T23:08:38.827529" elapsed="6.197541"/>
</kw>
<status status="PASS" start="2024-07-15T23:08:28.279731" elapsed="16.745339"/>
</test>
<doc>To validate change password functionality</doc>
<status status="PASS" start="2024-07-15T23:08:28.279731" elapsed="16.745339"/>
</suite>
<suite id="s1-s1-s4" name="MyAccountTest CustomerAddress" source="E:\EXPLEO\Expleo Project\PilotProject_DemoWebShop_Jayasuriyarepo\TestCase\MyAccountTest_CustomerAddress.robot">
<test id="s1-s1-s4-t1" name="Validate the Customer Address" line="22">
<kw name="Open the Browser" owner="GenericResources" type="SETUP">
<kw name="Open Browser" owner="SeleniumLibrary">
<msg time="2024-07-15T23:08:46.647497" level="INFO">Opening browser 'Chrome' to base url 'https://demowebshop.tricentis.com/'.</msg>
<arg>${url}</arg>
<arg>${browser_name}</arg>
<doc>Opens a new browser instance to the optional ``url``.</doc>
<status status="PASS" start="2024-07-15T23:08:46.647497" elapsed="4.974604"/>
</kw>
<kw name="Maximize Browser Window" owner="SeleniumLibrary">
<doc>Maximizes current browser window.</doc>
<status status="PASS" start="2024-07-15T23:08:51.622101" elapsed="2.233278"/>
</kw>
<kw name="Set Selenium Implicit Wait" owner="SeleniumLibrary">
<arg>10 seconds</arg>
<doc>Sets the implicit wait value used by Selenium.</doc>
<status status="PASS" start="2024-07-15T23:08:53.855379" elapsed="0.001868"/>
</kw>
<status status="PASS" start="2024-07-15T23:08:46.647497" elapsed="7.209750"/>
</kw>
<kw name="Validate the Customer Address">
<kw name="Fill login email" owner="MyAccountResources">
<kw name="Click Link" owner="SeleniumLibrary">
<msg time="2024-07-15T23:08:53.857247" level="INFO">Clicking link 'xpath=//a[text()='Log in']'.</msg>
<arg>${login}</arg>
<doc>Clicks a link identified by ``locator``.</doc>
<status status="PASS" start="2024-07-15T23:08:53.857247" elapsed="0.546177"/>
</kw>
<kw name="Input Text" owner="SeleniumLibrary">
<msg time="2024-07-15T23:08:54.404514" level="INFO">Typing text 'narayanasamy04082002@gmail.com' into text field 'xpath://input[@id='Email']'.</msg>
<arg>${login_email}</arg>
<arg>narayanasamy04082002@gmail.com</arg>
<doc>Types the given ``text`` into the text field identified by ``locator``.</doc>
<status status="PASS" start="2024-07-15T23:08:54.403424" elapsed="0.106828"/>
</kw>
<kw name="Input Text" owner="SeleniumLibrary">
<msg time="2024-07-15T23:08:54.510252" level="INFO">Typing text 'narayana' into text field 'xpath://input[@id='Password']'.</msg>
<arg>${login_pass}</arg>
<arg>narayana</arg>
<doc>Types the given ``text`` into the text field identified by ``locator``.</doc>
<status status="PASS" start="2024-07-15T23:08:54.510252" elapsed="0.121730"/>
</kw>
<kw name="Click Button" owner="SeleniumLibrary">
<msg time="2024-07-15T23:08:54.633564" level="INFO">Clicking button 'xpath=//input[@class='button-1 login-button']'.</msg>
<arg>${login_btn}</arg>
<doc>Clicks the button identified by ``locator``.</doc>
<status status="PASS" start="2024-07-15T23:08:54.633012" elapsed="1.018707"/>
</kw>
<status status="PASS" start="2024-07-15T23:08:53.857247" elapsed="1.794472"/>
</kw>
<kw name="Click account" owner="MyAccountResources">
<kw name="Click Link" owner="SeleniumLibrary">
<msg time="2024-07-15T23:08:55.651719" level="INFO">Clicking link 'xpath:(//li/a)[1]'.</msg>
<arg>${clickaccount}</arg>
<doc>Clicks a link identified by ``locator``.</doc>
<status status="PASS" start="2024-07-15T23:08:55.651719" elapsed="0.583875"/>
</kw>
<status status="PASS" start="2024-07-15T23:08:55.651719" elapsed="0.583875"/>
</kw>
<kw name="Click the addresses button" owner="MyAccountResources">
<kw name="Click Element" owner="SeleniumLibrary">
<msg time="2024-07-15T23:08:56.237131" level="INFO">Clicking element 'xpath:(//a[text()='Addresses'])[1]'.</msg>
<arg>${addresses_path}</arg>
<doc>Click the element identified by ``locator``.</doc>
<status status="PASS" start="2024-07-15T23:08:56.237131" elapsed="4.804077"/>
</kw>
<status status="PASS" start="2024-07-15T23:08:56.235594" elapsed="4.805614"/>
</kw>
<kw name="Click new address button in the address page" owner="MyAccountResources">
<kw name="Click Button" owner="SeleniumLibrary">
<msg time="2024-07-15T23:09:01.041730" level="INFO">Clicking button 'css:input[class='button-1 add-address-button']'.</msg>
<arg>${click_button_path}</arg>
<doc>Clicks the button identified by ``locator``.</doc>
<status status="PASS" start="2024-07-15T23:09:01.041730" elapsed="0.926486"/>
</kw>
<status status="PASS" start="2024-07-15T23:09:01.041730" elapsed="0.926486"/>
</kw>
<kw name="Check whether the Add new address is visible" owner="MyAccountResources">
<kw name="Click Element" owner="SeleniumLibrary">
<msg time="2024-07-15T23:09:01.969590" level="INFO">Clicking element 'xpath://input[@id='Address_City']'.</msg>
<arg>${add_city}</arg>
<doc>Click the element identified by ``locator``.</doc>
<status status="PASS" start="2024-07-15T23:09:01.969590" elapsed="0.062217"/>
</kw>
<status status="PASS" start="2024-07-15T23:09:01.969274" elapsed="0.062533"/>
</kw>
<kw name="Enter the first name in the company field" owner="MyAccountResources">
<kw name="Input Text" owner="SeleniumLibrary">
<msg time="2024-07-15T23:09:02.031807" level="INFO">Typing text 'narayana' into text field 'xpath://input[@id='Address_FirstName']'.</msg>
<arg>${add_firstname}</arg>
<arg>${firstname1}</arg>
<doc>Types the given ``text`` into the text field identified by ``locator``.</doc>
<status status="PASS" start="2024-07-15T23:09:02.031807" elapsed="0.097268"/>
</kw>
<arg>${_firstname}</arg>
<status status="PASS" start="2024-07-15T23:09:02.031807" elapsed="0.097268"/>
</kw>
<kw name="Enter the last name in the company field" owner="MyAccountResources">
<kw name="Input Text" owner="SeleniumLibrary">
<msg time="2024-07-15T23:09:02.129075" level="INFO">Typing text 'samy' into text field 'xpath://input[@id='Address_LastName']'.</msg>
<arg>${add_lastname}</arg>
<arg>${lastname1}</arg>
<doc>Types the given ``text`` into the text field identified by ``locator``.</doc>
<status status="PASS" start="2024-07-15T23:09:02.129075" elapsed="0.089581"/>
</kw>
<arg>${_lastname}</arg>
<status status="PASS" start="2024-07-15T23:09:02.129075" elapsed="0.089581"/>
</kw>
<kw name="Enter the email in the company field" owner="MyAccountResources">
<kw name="Input Text" owner="SeleniumLibrary">
<msg time="2024-07-15T23:09:02.226518" level="INFO">Typing text 'narayanasamy04082002@gmail.com' into text field 'xpath://input[@id='Address_Email']'.</msg>
<arg>${add_email}</arg>
<arg>${email1}</arg>
<doc>Types the given ``text`` into the text field identified by ``locator``.</doc>
<status status="PASS" start="2024-07-15T23:09:02.226518" elapsed="0.118647"/>
</kw>
<arg>${_email}</arg>
<status status="PASS" start="2024-07-15T23:09:02.218656" elapsed="0.126509"/>
</kw>
<kw name="Enter company in the company field" owner="MyAccountResources">
<kw name="Input Text" owner="SeleniumLibrary">
<msg time="2024-07-15T23:09:02.347815" level="INFO">Typing text 'expleo' into text field 'xpath://input[@id='Address_Company']'.</msg>
<arg>${add_company}</arg>
<arg>${company}</arg>
<doc>Types the given ``text`` into the text field identified by ``locator``.</doc>
<status status="PASS" start="2024-07-15T23:09:02.345165" elapsed="0.107818"/>
</kw>
<arg>${_company}</arg>
<status status="PASS" start="2024-07-15T23:09:02.345165" elapsed="0.107818"/>
</kw>
<kw name="Click country in the dropdown" owner="MyAccountResources">
<kw name="Click Element" owner="SeleniumLibrary">
<msg time="2024-07-15T23:09:02.452983" level="INFO">Clicking element 'xpath://select[@id='Address_CountryId']'.</msg>
<arg>${add_country}</arg>
<doc>Click the element identified by ``locator``.</doc>
<status status="PASS" start="2024-07-15T23:09:02.452983" elapsed="0.093933"/>
</kw>
<status status="PASS" start="2024-07-15T23:09:02.452983" elapsed="0.093933"/>
</kw>
<kw name="Select country in the dropdown" owner="MyAccountResources">
<kw name="Click Element" owner="SeleniumLibrary">
<msg time="2024-07-15T23:09:02.549304" level="INFO">Clicking element 'xpath://option[@value='41']'.</msg>
<arg>${select_country}</arg>
<doc>Click the element identified by ``locator``.</doc>
<status status="PASS" start="2024-07-15T23:09:02.546916" elapsed="0.065629"/>
</kw>
<status status="PASS" start="2024-07-15T23:09:02.546916" elapsed="0.066653"/>
</kw>
<kw name="Enter city in the city text field" owner="MyAccountResources">
<kw name="Input Text" owner="SeleniumLibrary">
<msg time="2024-07-15T23:09:02.614601" level="INFO">Typing text 'salem' into text field 'xpath://input[@id='Address_City']'.</msg>
<arg>${add_city}</arg>
<arg>${city}</arg>
<doc>Types the given ``text`` into the text field identified by ``locator``.</doc>
<status status="PASS" start="2024-07-15T23:09:02.614601" elapsed="0.102545"/>
</kw>
<arg>${_city}</arg>
<status status="PASS" start="2024-07-15T23:09:02.613569" elapsed="0.103577"/>
</kw>
<kw name="Enter address1 in the address field" owner="MyAccountResources">
<kw name="Input Text" owner="SeleniumLibrary">
<msg time="2024-07-15T23:09:02.717146" level="INFO">Typing text '2-25 erusa street' into text field 'xpath://input[@id='Address_Address1']'.</msg>
<arg>${add_address}</arg>
<arg>${address}</arg>
<doc>Types the given ``text`` into the text field identified by ``locator``.</doc>
<status status="PASS" start="2024-07-15T23:09:02.717146" elapsed="0.121825"/>
</kw>
<arg>${_address}</arg>
<status status="PASS" start="2024-07-15T23:09:02.717146" elapsed="0.121825"/>
</kw>
<kw name="Enter zip or postal number in the field" owner="MyAccountResources">
<kw name="Input Text" owner="SeleniumLibrary">
<msg time="2024-07-15T23:09:02.838971" level="INFO">Typing text '123456' into text field 'xpath://input[@id='Address_ZipPostalCode']'.</msg>
<arg>${add_zip}</arg>
<arg>${zip}</arg>
<doc>Types the given ``text`` into the text field identified by ``locator``.</doc>
<status status="PASS" start="2024-07-15T23:09:02.838971" elapsed="0.111481"/>
</kw>
<arg>${_zip}</arg>
<status status="PASS" start="2024-07-15T23:09:02.838971" elapsed="0.111481"/>
</kw>
<kw name="Enter phone number in the phone number field" owner="MyAccountResources">
<kw name="Input Text" owner="SeleniumLibrary">
<msg time="2024-07-15T23:09:02.952473" level="INFO">Typing text '7766554433' into text field 'xpath://input[@id='Address_PhoneNumber']'.</msg>
<arg>${add_phonenumber}</arg>
<arg>${phone}</arg>
<doc>Types the given ``text`` into the text field identified by ``locator``.</doc>
<status status="PASS" start="2024-07-15T23:09:02.952473" elapsed="0.114055"/>
</kw>
<arg>${_phone}</arg>
<status status="PASS" start="2024-07-15T23:09:02.950452" elapsed="0.116076"/>
</kw>
<kw name="Click save button" owner="MyAccountResources">
<kw name="Click Button" owner="SeleniumLibrary">
<msg time="2024-07-15T23:09:03.068800" level="INFO">Clicking button 'xpath://input[@value='Save']'.</msg>
<arg>${save_path}</arg>
<doc>Clicks the button identified by ``locator``.</doc>
<status status="PASS" start="2024-07-15T23:09:03.068800" elapsed="4.523097"/>
</kw>
<status status="PASS" start="2024-07-15T23:09:03.068322" elapsed="4.523575"/>
</kw>
<arg>_firstname=narayana</arg>
<arg>_lastname=samy</arg>
<arg>_email=narayanasamy04082002@gmail.com</arg>
<arg>_company=expleo</arg>
<arg>_city=salem</arg>
<arg>_address=2-25 erusa street</arg>
<arg>_zip=123456</arg>
<arg>_phone=7766554433</arg>
<doc>This test case will validate the customer address</doc>
<status status="PASS" start="2024-07-15T23:08:53.857247" elapsed="13.734650"/>
</kw>
<kw name="Close All Browsers" owner="SeleniumLibrary" type="TEARDOWN">
<doc>Closes all open browsers and resets the browser cache.</doc>
<status status="PASS" start="2024-07-15T23:09:07.592944" elapsed="7.556455"/>
</kw>
<status status="PASS" start="2024-07-15T23:08:46.632892" elapsed="28.516507"/>
</test>
<doc>To validate customer address information</doc>
<status status="PASS" start="2024-07-15T23:08:45.025070" elapsed="30.126280"/>
</suite>
<suite id="s1-s1-s5" name="MyAccountTest EditCustomerAddress" source="E:\EXPLEO\Expleo Project\PilotProject_DemoWebShop_Jayasuriyarepo\TestCase\MyAccountTest_EditCustomerAddress.robot">
<test id="s1-s1-s5-t1" name="Validate that edit the customer address" line="15">
<kw name="Open the Browser" owner="GenericResources" type="SETUP">
<kw name="Open Browser" owner="SeleniumLibrary">
<msg time="2024-07-15T23:09:15.181199" level="INFO">Opening browser 'Chrome' to base url 'https://demowebshop.tricentis.com/'.</msg>
<arg>${url}</arg>
<arg>${browser_name}</arg>
<doc>Opens a new browser instance to the optional ``url``.</doc>
<status status="PASS" start="2024-07-15T23:09:15.181199" elapsed="6.834600"/>
</kw>
<kw name="Maximize Browser Window" owner="SeleniumLibrary">
<doc>Maximizes current browser window.</doc>
<status status="PASS" start="2024-07-15T23:09:22.015799" elapsed="0.026279"/>
</kw>
<kw name="Set Selenium Implicit Wait" owner="SeleniumLibrary">
<arg>10 seconds</arg>
<doc>Sets the implicit wait value used by Selenium.</doc>
<status status="PASS" start="2024-07-15T23:09:22.043260" elapsed="0.000000"/>
</kw>
<status status="PASS" start="2024-07-15T23:09:15.181199" elapsed="6.862061"/>
</kw>
<kw name="Validate that edit the customer address">
<kw name="Fill login email" owner="MyAccountResources">
<kw name="Click Link" owner="SeleniumLibrary">
<msg time="2024-07-15T23:09:22.045845" level="INFO">Clicking link 'xpath=//a[text()='Log in']'.</msg>
<arg>${login}</arg>
<doc>Clicks a link identified by ``locator``.</doc>
<status status="PASS" start="2024-07-15T23:09:22.045845" elapsed="0.534335"/>
</kw>
<kw name="Input Text" owner="SeleniumLibrary">
<msg time="2024-07-15T23:09:22.582622" level="INFO">Typing text 'narayanasamy04082002@gmail.com' into text field 'xpath://input[@id='Email']'.</msg>
<arg>${login_email}</arg>
<arg>narayanasamy04082002@gmail.com</arg>
<doc>Types the given ``text`` into the text field identified by ``locator``.</doc>
<status status="PASS" start="2024-07-15T23:09:22.580180" elapsed="0.110028"/>
</kw>
<kw name="Input Text" owner="SeleniumLibrary">
<msg time="2024-07-15T23:09:22.690208" level="INFO">Typing text 'narayana' into text field 'xpath://input[@id='Password']'.</msg>
<arg>${login_pass}</arg>
<arg>narayana</arg>
<doc>Types the given ``text`` into the text field identified by ``locator``.</doc>
<status status="PASS" start="2024-07-15T23:09:22.690208" elapsed="0.102108"/>
</kw>
<kw name="Click Button" owner="SeleniumLibrary">
<msg time="2024-07-15T23:09:22.800794" level="INFO">Clicking button 'xpath=//input[@class='button-1 login-button']'.</msg>
<arg>${login_btn}</arg>
<doc>Clicks the button identified by ``locator``.</doc>
<status status="PASS" start="2024-07-15T23:09:22.800794" elapsed="0.955386"/>
</kw>
<status status="PASS" start="2024-07-15T23:09:22.045845" elapsed="1.710335"/>
</kw>
<kw name="Click account" owner="MyAccountResources">
<kw name="Click Link" owner="SeleniumLibrary">
<msg time="2024-07-15T23:09:23.756180" level="INFO">Clicking link 'xpath:(//li/a)[1]'.</msg>
<arg>${clickaccount}</arg>
<doc>Clicks a link identified by ``locator``.</doc>
<status status="PASS" start="2024-07-15T23:09:23.756180" elapsed="0.559583"/>
</kw>
<status status="PASS" start="2024-07-15T23:09:23.756180" elapsed="0.559583"/>
</kw>
<kw name="Click the addresses button" owner="MyAccountResources">
<kw name="Click Element" owner="SeleniumLibrary">
<msg time="2024-07-15T23:09:24.317287" level="INFO">Clicking element 'xpath:(//a[text()='Addresses'])[1]'.</msg>
<arg>${addresses_path}</arg>
<doc>Click the element identified by ``locator``.</doc>
<status status="PASS" start="2024-07-15T23:09:24.315763" elapsed="3.184428"/>
</kw>
<status status="PASS" start="2024-07-15T23:09:24.315763" elapsed="3.184428"/>
</kw>
<kw name="Click edit button in the address page" owner="MyAccountResources">
<kw name="Click Button" owner="SeleniumLibrary">
<msg time="2024-07-15T23:09:27.500191" level="INFO">Clicking button 'xpath:(//input[@value='Edit'])[1]'.</msg>
<arg>${edit_button}</arg>
<doc>Clicks the button identified by ``locator``.</doc>
<status status="PASS" start="2024-07-15T23:09:27.500191" elapsed="0.667773"/>
</kw>
<status status="PASS" start="2024-07-15T23:09:27.500191" elapsed="0.667773"/>
</kw>
<kw name="Enter address1 in the address field" owner="MyAccountResources">
<kw name="Input Text" owner="SeleniumLibrary">
<msg time="2024-07-15T23:09:28.169249" level="INFO">Typing text '2-25 erusa street' into text field 'xpath://input[@id='Address_Address1']'.</msg>
<arg>${add_address}</arg>
<arg>${address}</arg>
<doc>Types the given ``text`` into the text field identified by ``locator``.</doc>
<status status="PASS" start="2024-07-15T23:09:28.169249" elapsed="0.120529"/>
</kw>
<arg>${_address}</arg>
<status status="PASS" start="2024-07-15T23:09:28.167964" elapsed="0.121814"/>
</kw>
<kw name="Click save button" owner="MyAccountResources">
<kw name="Click Button" owner="SeleniumLibrary">
<msg time="2024-07-15T23:09:28.289778" level="INFO">Clicking button 'xpath://input[@value='Save']'.</msg>
<arg>${save_path}</arg>
<doc>Clicks the button identified by ``locator``.</doc>
<status status="PASS" start="2024-07-15T23:09:28.289778" elapsed="3.614773"/>
</kw>
<status status="PASS" start="2024-07-15T23:09:28.289778" elapsed="3.614773"/>
</kw>
<arg>_address=2-25 erusa street</arg>
<status status="PASS" start="2024-07-15T23:09:22.043260" elapsed="9.861291"/>
</kw>
<kw name="Close All Browsers" owner="SeleniumLibrary" type="TEARDOWN">
<doc>Closes all open browsers and resets the browser cache.</doc>
<status status="PASS" start="2024-07-15T23:09:31.904551" elapsed="6.926667"/>
</kw>
<status status="PASS" start="2024-07-15T23:09:15.181199" elapsed="23.650019"/>
</test>
<doc>To validate editing customer address</doc>
<status status="PASS" start="2024-07-15T23:09:15.151350" elapsed="23.679868"/>
</suite>
<suite id="s1-s1-s6" name="MyAccountTest Login" source="E:\EXPLEO\Expleo Project\PilotProject_DemoWebShop_Jayasuriyarepo\TestCase\MyAccountTest_Login.robot">
<test id="s1-s1-s6-t1" name="Validate MyAccount Information" line="17">
<kw name="Open the Browser" owner="GenericResources" type="SETUP">
<kw name="Open Browser" owner="SeleniumLibrary">
<msg time="2024-07-15T23:09:38.863443" level="INFO">Opening browser 'Chrome' to base url 'https://demowebshop.tricentis.com/'.</msg>
<arg>${url}</arg>
<arg>${browser_name}</arg>
<doc>Opens a new browser instance to the optional ``url``.</doc>
<status status="PASS" start="2024-07-15T23:09:38.863443" elapsed="4.568466"/>
</kw>
<kw name="Maximize Browser Window" owner="SeleniumLibrary">
<doc>Maximizes current browser window.</doc>
<status status="PASS" start="2024-07-15T23:09:43.431909" elapsed="2.143374"/>
</kw>
<kw name="Set Selenium Implicit Wait" owner="SeleniumLibrary">
<arg>10 seconds</arg>
<doc>Sets the implicit wait value used by Selenium.</doc>
<status status="PASS" start="2024-07-15T23:09:45.576509" elapsed="0.000000"/>
</kw>
<status status="PASS" start="2024-07-15T23:09:38.863443" elapsed="6.713066"/>
</kw>
<kw name="Validate the MyAccount information">
<kw name="Fill login email" owner="MyAccountResources">
<kw name="Click Link" owner="SeleniumLibrary">
<msg time="2024-07-15T23:09:45.580813" level="INFO">Clicking link 'xpath=//a[text()='Log in']'.</msg>
<arg>${login}</arg>
<doc>Clicks a link identified by ``locator``.</doc>
<status status="PASS" start="2024-07-15T23:09:45.579201" elapsed="0.548649"/>
</kw>
<kw name="Input Text" owner="SeleniumLibrary">
<msg time="2024-07-15T23:09:46.128243" level="INFO">Typing text 'narayanasamy04082002@gmail.com' into text field 'xpath://input[@id='Email']'.</msg>
<arg>${login_email}</arg>
<arg>narayanasamy04082002@gmail.com</arg>
<doc>Types the given ``text`` into the text field identified by ``locator``.</doc>
<status status="PASS" start="2024-07-15T23:09:46.128243" elapsed="0.113908"/>
</kw>
<kw name="Input Text" owner="SeleniumLibrary">
<msg time="2024-07-15T23:09:46.244015" level="INFO">Typing text 'narayana' into text field 'xpath://input[@id='Password']'.</msg>
<arg>${login_pass}</arg>
<arg>narayana</arg>
<doc>Types the given ``text`` into the text field identified by ``locator``.</doc>
<status status="PASS" start="2024-07-15T23:09:46.244015" elapsed="0.111053"/>
</kw>
<kw name="Click Button" owner="SeleniumLibrary">
<msg time="2024-07-15T23:09:46.355068" level="INFO">Clicking button 'xpath=//input[@class='button-1 login-button']'.</msg>
<arg>${login_btn}</arg>
<doc>Clicks the button identified by ``locator``.</doc>
<status status="PASS" start="2024-07-15T23:09:46.355068" elapsed="0.996492"/>
</kw>
<status status="PASS" start="2024-07-15T23:09:45.579201" elapsed="1.777020"/>
</kw>
<kw name="Click account" owner="MyAccountResources">
<kw name="Click Link" owner="SeleniumLibrary">
<msg time="2024-07-15T23:09:47.356221" level="INFO">Clicking link 'xpath:(//li/a)[1]'.</msg>
<arg>${clickaccount}</arg>
<doc>Clicks a link identified by ``locator``.</doc>
<status status="PASS" start="2024-07-15T23:09:47.356221" elapsed="0.559367"/>
</kw>
<status status="PASS" start="2024-07-15T23:09:47.356221" elapsed="0.559367"/>
</kw>
<kw name="Click the gender in checkbox field" owner="MyAccountResources">
<kw name="Click Element" owner="SeleniumLibrary">
<msg time="2024-07-15T23:09:47.915588" level="INFO">Clicking element 'xpath://input[@id='gender-male']'.</msg>
<arg>${gender_male_path}</arg>
<doc>Click the element identified by ``locator``.</doc>
<status status="PASS" start="2024-07-15T23:09:47.915588" elapsed="0.081200"/>
</kw>
<status status="PASS" start="2024-07-15T23:09:47.915588" elapsed="0.081200"/>
</kw>
<kw name="Enter first name in the firstname field" owner="MyAccountResources">
<kw name="Input Text" owner="SeleniumLibrary">
<msg time="2024-07-15T23:09:47.998591" level="INFO">Typing text 'narayana' into text field 'xpath://input[@id='FirstName']'.</msg>
<arg>${firstname_path}</arg>
<arg>${firstname}</arg>
<doc>Types the given ``text`` into the text field identified by ``locator``.</doc>
<status status="PASS" start="2024-07-15T23:09:47.998591" elapsed="0.119631"/>
</kw>
<arg>${_firstname}</arg>
<status status="PASS" start="2024-07-15T23:09:47.996788" elapsed="0.122519"/>
</kw>
<kw name="Enter last name in the lastname field" owner="MyAccountResources">
<kw name="Input Text" owner="SeleniumLibrary">
<msg time="2024-07-15T23:09:48.119307" level="INFO">Typing text 'samy' into text field 'xpath://input[@id='LastName']'.</msg>
<arg>${lastname_path}</arg>
<arg>${lastname}</arg>
<doc>Types the given ``text`` into the text field identified by ``locator``.</doc>
<status status="PASS" start="2024-07-15T23:09:48.119307" elapsed="0.111212"/>
</kw>
<kw name="Input Password" owner="SeleniumLibrary">
<msg time="2024-07-15T23:09:48.231948" level="INFO">Typing password into text field 'xpath://input[@id='LastName']'.</msg>
<msg time="2024-07-15T23:09:48.272761" level="INFO">Temporally setting log level to: NONE</msg>
<arg>${lastname_path}</arg>
<arg>${lastname}</arg>
<doc>Types the given password into the text field identified by ``locator``.</doc>
<status status="PASS" start="2024-07-15T23:09:48.231948" elapsed="0.094101"/>
</kw>
<arg>${_lastname}</arg>
<status status="PASS" start="2024-07-15T23:09:48.119307" elapsed="0.206742"/>
</kw>
<kw name="Enter email id in the email field" owner="MyAccountResources">
<kw name="Input Text" owner="SeleniumLibrary">
<msg time="2024-07-15T23:09:48.327883" level="INFO">Typing text 'narayanasamy04082002@gmail.com' into text field 'xpath://input[@id='Email']'.</msg>
<arg>${email_path}</arg>
<arg>${email}</arg>
<doc>Types the given ``text`` into the text field identified by ``locator``.</doc>
<status status="PASS" start="2024-07-15T23:09:48.327066" elapsed="0.127441"/>
</kw>
<arg>${_email}</arg>
<status status="PASS" start="2024-07-15T23:09:48.327066" elapsed="0.127441"/>
</kw>
<kw name="Click save button" owner="MyAccountResources">
<kw name="Click Button" owner="SeleniumLibrary">
<msg time="2024-07-15T23:09:48.454507" level="INFO">Clicking button 'xpath://input[@value='Save']'.</msg>
<arg>${save_path}</arg>
<doc>Clicks the button identified by ``locator``.</doc>
<status status="PASS" start="2024-07-15T23:09:48.454507" elapsed="1.231594"/>
</kw>
<status status="PASS" start="2024-07-15T23:09:48.454507" elapsed="1.231594"/>
</kw>
<arg>_firstname=narayana</arg>
<arg>_lastname=samy</arg>
<arg>_email=narayanasamy04082002@gmail.com</arg>
<doc>This test case will validate the customer info</doc>
<status status="PASS" start="2024-07-15T23:09:45.579201" elapsed="4.106900"/>
</kw>
<kw name="Close All Browsers" owner="SeleniumLibrary" type="TEARDOWN">
<doc>Closes all open browsers and resets the browser cache.</doc>
<status status="PASS" start="2024-07-15T23:09:49.687168" elapsed="6.253838"/>
</kw>
<status status="PASS" start="2024-07-15T23:09:38.863443" elapsed="17.077563"/>
</test>
<doc>To validate login and profile information</doc>
<status status="PASS" start="2024-07-15T23:09:38.831218" elapsed="17.109788"/>
</suite>
<suite id="s1-s1-s7" name="MyAccountTest RewardPoints" source="E:\EXPLEO\Expleo Project\PilotProject_DemoWebShop_Jayasuriyarepo\TestCase\MyAccountTest_RewardPoints.robot">
<test id="s1-s1-s7-t1" name="Validate the Reward points" line="10">
<kw name="Open the Browser" owner="GenericResources" type="SETUP">
<kw name="Open Browser" owner="SeleniumLibrary">
<msg time="2024-07-15T23:09:55.941006" level="INFO">Opening browser 'Chrome' to base url 'https://demowebshop.tricentis.com/'.</msg>
<arg>${url}</arg>
<arg>${browser_name}</arg>
<doc>Opens a new browser instance to the optional ``url``.</doc>
<status status="PASS" start="2024-07-15T23:09:55.941006" elapsed="6.742900"/>
</kw>
<kw name="Maximize Browser Window" owner="SeleniumLibrary">
<doc>Maximizes current browser window.</doc>
<status status="PASS" start="2024-07-15T23:10:02.683906" elapsed="0.033187"/>
</kw>
<kw name="Set Selenium Implicit Wait" owner="SeleniumLibrary">
<arg>10 seconds</arg>
<doc>Sets the implicit wait value used by Selenium.</doc>
<status status="PASS" start="2024-07-15T23:10:02.720287" elapsed="0.000380"/>
</kw>
<status status="PASS" start="2024-07-15T23:09:55.941006" elapsed="6.779661"/>
</kw>
<kw name="Fill login email" owner="MyAccountResources">
<kw name="Click Link" owner="SeleniumLibrary">
<msg time="2024-07-15T23:10:02.722969" level="INFO">Clicking link 'xpath=//a[text()='Log in']'.</msg>
<arg>${login}</arg>
<doc>Clicks a link identified by ``locator``.</doc>
<status status="PASS" start="2024-07-15T23:10:02.722969" elapsed="0.594853"/>
</kw>
<kw name="Input Text" owner="SeleniumLibrary">
<msg time="2024-07-15T23:10:03.317822" level="INFO">Typing text 'narayanasamy04082002@gmail.com' into text field 'xpath://input[@id='Email']'.</msg>
<arg>${login_email}</arg>
<arg>narayanasamy04082002@gmail.com</arg>
<doc>Types the given ``text`` into the text field identified by ``locator``.</doc>
<status status="PASS" start="2024-07-15T23:10:03.317822" elapsed="0.125152"/>
</kw>
<kw name="Input Text" owner="SeleniumLibrary">
<msg time="2024-07-15T23:10:03.442974" level="INFO">Typing text 'narayana' into text field 'xpath://input[@id='Password']'.</msg>
<arg>${login_pass}</arg>
<arg>narayana</arg>
<doc>Types the given ``text`` into the text field identified by ``locator``.</doc>
<status status="PASS" start="2024-07-15T23:10:03.442974" elapsed="0.108781"/>
</kw>
<kw name="Click Button" owner="SeleniumLibrary">
<msg time="2024-07-15T23:10:03.551755" level="INFO">Clicking button 'xpath=//input[@class='button-1 login-button']'.</msg>
<arg>${login_btn}</arg>
<doc>Clicks the button identified by ``locator``.</doc>
<status status="PASS" start="2024-07-15T23:10:03.551755" elapsed="1.006428"/>
</kw>
<status status="PASS" start="2024-07-15T23:10:02.722969" elapsed="1.835214"/>
</kw>
<kw name="Click account" owner="MyAccountResources">
<kw name="Click Link" owner="SeleniumLibrary">
<msg time="2024-07-15T23:10:04.559699" level="INFO">Clicking link 'xpath:(//li/a)[1]'.</msg>
<arg>${clickaccount}</arg>
<doc>Clicks a link identified by ``locator``.</doc>
<status status="PASS" start="2024-07-15T23:10:04.559699" elapsed="0.557144"/>
</kw>
<status status="PASS" start="2024-07-15T23:10:04.559699" elapsed="0.557144"/>
</kw>
<kw name="Click Reward points button" owner="MyAccountResources">
<kw name="Click Element" owner="SeleniumLibrary">
<msg time="2024-07-15T23:10:05.120813" level="INFO">Clicking element 'css:a[class='active']'.</msg>
<arg>${reward_points}</arg>
<doc>Click the element identified by ``locator``.</doc>
<status status="PASS" start="2024-07-15T23:10:05.120295" elapsed="0.836530"/>
</kw>
<status status="PASS" start="2024-07-15T23:10:05.120295" elapsed="0.836530"/>
</kw>
<kw name="Close All Browsers" owner="SeleniumLibrary" type="TEARDOWN">
<doc>Closes all open browsers and resets the browser cache.</doc>
<status status="PASS" start="2024-07-15T23:10:05.956825" elapsed="6.256756"/>
</kw>
<status status="PASS" start="2024-07-15T23:09:55.941006" elapsed="16.272575"/>
</test>
<doc>To validate reward points</doc>
<status status="PASS" start="2024-07-15T23:09:55.941006" elapsed="16.272575"/>
</suite>
<suite id="s1-s1-s8" name="MyAddressTest Orders" source="E:\EXPLEO\Expleo Project\PilotProject_DemoWebShop_Jayasuriyarepo\TestCase\MyAddressTest_Orders.robot">
<test id="s1-s1-s8-t1" name="Validate the order" line="12">
<kw name="Open the Browser" owner="GenericResources" type="SETUP">
<kw name="Open Browser" owner="SeleniumLibrary">
<msg time="2024-07-15T23:10:12.213581" level="INFO">Opening browser 'Chrome' to base url 'https://demowebshop.tricentis.com/'.</msg>
<arg>${url}</arg>
<arg>${browser_name}</arg>
<doc>Opens a new browser instance to the optional ``url``.</doc>
<status status="PASS" start="2024-07-15T23:10:12.213581" elapsed="7.792447"/>
</kw>
<kw name="Maximize Browser Window" owner="SeleniumLibrary">
<doc>Maximizes current browser window.</doc>
<status status="PASS" start="2024-07-15T23:10:20.007116" elapsed="0.022423"/>
</kw>
<kw name="Set Selenium Implicit Wait" owner="SeleniumLibrary">
<arg>10 seconds</arg>
<doc>Sets the implicit wait value used by Selenium.</doc>
<status status="PASS" start="2024-07-15T23:10:20.029539" elapsed="0.002582"/>
</kw>
<status status="PASS" start="2024-07-15T23:10:12.213581" elapsed="7.818540"/>
</kw>
<kw name="Fill login email" owner="MyAccountResources">
<kw name="Click Link" owner="SeleniumLibrary">
<msg time="2024-07-15T23:10:20.032121" level="INFO">Clicking link 'xpath=//a[text()='Log in']'.</msg>
<arg>${login}</arg>
<doc>Clicks a link identified by ``locator``.</doc>
<status status="PASS" start="2024-07-15T23:10:20.032121" elapsed="0.536740"/>
</kw>
<kw name="Input Text" owner="SeleniumLibrary">
<msg time="2024-07-15T23:10:20.569927" level="INFO">Typing text 'narayanasamy04082002@gmail.com' into text field 'xpath://input[@id='Email']'.</msg>
<arg>${login_email}</arg>
<arg>narayanasamy04082002@gmail.com</arg>
<doc>Types the given ``text`` into the text field identified by ``locator``.</doc>
<status status="PASS" start="2024-07-15T23:10:20.569927" elapsed="0.124594"/>
</kw>
<kw name="Input Text" owner="SeleniumLibrary">
<msg time="2024-07-15T23:10:20.694521" level="INFO">Typing text 'narayana' into text field 'xpath://input[@id='Password']'.</msg>
<arg>${login_pass}</arg>
<arg>narayana</arg>
<doc>Types the given ``text`` into the text field identified by ``locator``.</doc>
<status status="PASS" start="2024-07-15T23:10:20.694521" elapsed="0.108580"/>
</kw>
<kw name="Click Button" owner="SeleniumLibrary">
<msg time="2024-07-15T23:10:20.810242" level="INFO">Clicking button 'xpath=//input[@class='button-1 login-button']'.</msg>
<arg>${login_btn}</arg>
<doc>Clicks the button identified by ``locator``.</doc>
<status status="PASS" start="2024-07-15T23:10:20.810242" elapsed="0.962822"/>
</kw>
<status status="PASS" start="2024-07-15T23:10:20.032121" elapsed="1.740943"/>
</kw>
<kw name="Click account" owner="MyAccountResources">
<kw name="Click Link" owner="SeleniumLibrary">
<msg time="2024-07-15T23:10:21.773064" level="INFO">Clicking link 'xpath:(//li/a)[1]'.</msg>
<arg>${clickaccount}</arg>
<doc>Clicks a link identified by ``locator``.</doc>
<status status="PASS" start="2024-07-15T23:10:21.773064" elapsed="0.580574"/>
</kw>
<status status="PASS" start="2024-07-15T23:10:21.773064" elapsed="0.580574"/>
</kw>
<kw name="Click order button" owner="MyAccountResources">
<kw name="Click Element" owner="SeleniumLibrary">
<msg time="2024-07-15T23:10:22.355145" level="INFO">Clicking element 'xpath:(//a[text()='Orders'])[1]'.</msg>
<arg>${order_path}</arg>
<doc>Click the element identified by ``locator``.</doc>
<status status="PASS" start="2024-07-15T23:10:22.355145" elapsed="0.547749"/>
</kw>
<status status="PASS" start="2024-07-15T23:10:22.354693" elapsed="0.548201"/>
</kw>
<kw name="Close All Browsers" owner="SeleniumLibrary" type="TEARDOWN">
<doc>Closes all open browsers and resets the browser cache.</doc>
<status status="PASS" start="2024-07-15T23:10:22.902894" elapsed="6.202249"/>
</kw>
<status status="PASS" start="2024-07-15T23:10:12.213581" elapsed="16.891562"/>
</test>
<doc>To validate order information</doc>
<status status="PASS" start="2024-07-15T23:10:12.213581" elapsed="16.891562"/>
</suite>
<suite id="s1-s1-s9" name="Test Appeal" source="E:\EXPLEO\Expleo Project\PilotProject_DemoWebShop_Jayasuriyarepo\TestCase\Test_Appeal.robot">
<test id="s1-s1-s9-t1" name="verify the element of A to Z" line="10">
<kw name="Open the Browser" owner="GenericResources" type="SETUP">
<kw name="Open Browser" owner="SeleniumLibrary">
<msg time="2024-07-15T23:10:29.120769" level="INFO">Opening browser 'Chrome' to base url 'https://demowebshop.tricentis.com/'.</msg>
<arg>${url}</arg>
<arg>${browser_name}</arg>
<doc>Opens a new browser instance to the optional ``url``.</doc>
<status status="PASS" start="2024-07-15T23:10:29.120769" elapsed="6.719564"/>
</kw>
<kw name="Maximize Browser Window" owner="SeleniumLibrary">
<doc>Maximizes current browser window.</doc>
<status status="PASS" start="2024-07-15T23:10:35.840333" elapsed="0.030604"/>
</kw>
<kw name="Set Selenium Implicit Wait" owner="SeleniumLibrary">
<arg>10 seconds</arg>
<doc>Sets the implicit wait value used by Selenium.</doc>
<status status="PASS" start="2024-07-15T23:10:35.872062" elapsed="0.000000"/>
</kw>
<status status="PASS" start="2024-07-15T23:10:29.120769" elapsed="6.751293"/>
</kw>
<kw name="click the appereal A to z" owner="ApparealResources">
<kw name="Click Link" owner="SeleniumLibrary">
<msg time="2024-07-15T23:10:35.872062" level="INFO">Clicking link 'css:a[href='/apparel-shoes']'.</msg>
<arg>${appereal}</arg>
<doc>Clicks a link identified by ``locator``.</doc>
<status status="PASS" start="2024-07-15T23:10:35.872062" elapsed="1.213884"/>
</kw>
<kw name="Select From List By Label" owner="SeleniumLibrary">
<msg time="2024-07-15T23:10:37.085946" level="INFO">Selecting options from selection list 'id:products-orderby' by label Name: A to Z.</msg>
<arg>id:products-orderby</arg>
<arg>Name: A to Z</arg>
<doc>Selects options from selection list ``locator`` by ``labels``.</doc>
<status status="PASS" start="2024-07-15T23:10:37.085946" elapsed="0.734131"/>
</kw>
<kw name="Select From List By Label" owner="SeleniumLibrary">
<msg time="2024-07-15T23:10:37.820077" level="INFO">Selecting options from selection list 'id:products-pagesize' by label 4.</msg>
<arg>id:products-pagesize</arg>
<arg>4</arg>
<doc>Selects options from selection list ``locator`` by ``labels``.</doc>
<status status="PASS" start="2024-07-15T23:10:37.820077" elapsed="0.690158"/>
</kw>
<kw name="Select From List By Label" owner="SeleniumLibrary">
<msg time="2024-07-15T23:10:38.510235" level="INFO">Selecting options from selection list 'id:products-viewmode' by label Grid.</msg>
<arg>id:products-viewmode</arg>
<arg>Grid</arg>
<doc>Selects options from selection list ``locator`` by ``labels``.</doc>
<status status="PASS" start="2024-07-15T23:10:38.510235" elapsed="0.067395"/>
</kw>
<kw name="Click Element" owner="SeleniumLibrary">
<msg time="2024-07-15T23:10:38.577630" level="INFO">Clicking element 'xpath=//h2[@class='product-title']'.</msg>
<arg>${click}</arg>
<doc>Click the element identified by ``locator``.</doc>
<status status="PASS" start="2024-07-15T23:10:38.577630" elapsed="1.629265"/>
</kw>
<kw name="Element Text Should Be" owner="SeleniumLibrary">
<msg time="2024-07-15T23:10:40.207691" level="INFO">Verifying element 'xpath=//div[@class='product-name']' contains exact text '50's Rockabilly Polka Dot Top JR Plus Size'.</msg>
<arg>${select_prod}</arg>
<arg>50's Rockabilly Polka Dot Top JR Plus Size</arg>
<doc>Verifies that element ``locator`` contains exact the text ``expected``.</doc>
<status status="PASS" start="2024-07-15T23:10:40.206895" elapsed="0.025683"/>
</kw>
<status status="PASS" start="2024-07-15T23:10:35.872062" elapsed="4.360516"/>
</kw>
<kw name="Close Browser Session" owner="GenericResources" type="TEARDOWN">
<kw name="Close Browser" owner="SeleniumLibrary">
<doc>Closes the current browser.</doc>
<status status="PASS" start="2024-07-15T23:10:40.232578" elapsed="2.166655"/>
</kw>
<status status="PASS" start="2024-07-15T23:10:40.232578" elapsed="2.166655"/>
</kw>
<tag>smoke</tag>
<status status="PASS" start="2024-07-15T23:10:29.120769" elapsed="13.278464"/>
</test>
<test id="s1-s1-s9-t2" name="Verify the element of Z to A" line="14">
<kw name="Open the Browser" owner="GenericResources" type="SETUP">
<kw name="Open Browser" owner="SeleniumLibrary">
<msg time="2024-07-15T23:10:42.400853" level="INFO">Opening browser 'Chrome' to base url 'https://demowebshop.tricentis.com/'.</msg>
<arg>${url}</arg>
<arg>${browser_name}</arg>
<doc>Opens a new browser instance to the optional ``url``.</doc>
<status status="PASS" start="2024-07-15T23:10:42.400853" elapsed="4.934047"/>
</kw>
<kw name="Maximize Browser Window" owner="SeleniumLibrary">
<doc>Maximizes current browser window.</doc>
<status status="PASS" start="2024-07-15T23:10:47.337906" elapsed="1.782040"/>
</kw>
<kw name="Set Selenium Implicit Wait" owner="SeleniumLibrary">
<arg>10 seconds</arg>
<doc>Sets the implicit wait value used by Selenium.</doc>
<status status="PASS" start="2024-07-15T23:10:49.122901" elapsed="0.001122"/>
</kw>
<status status="PASS" start="2024-07-15T23:10:42.400853" elapsed="6.723170"/>
</kw>
<kw name="click the appereal z to A" owner="ApparealResources">
<kw name="Click Link" owner="SeleniumLibrary">
<msg time="2024-07-15T23:10:49.125234" level="INFO">Clicking link 'css:a[href='/apparel-shoes']'.</msg>
<arg>${appereal}</arg>
<doc>Clicks a link identified by ``locator``.</doc>
<status status="PASS" start="2024-07-15T23:10:49.125234" elapsed="0.953402"/>
</kw>
<kw name="Select From List By Label" owner="SeleniumLibrary">
<msg time="2024-07-15T23:10:50.078636" level="INFO">Selecting options from selection list 'id:products-orderby' by label Name: Z to A.</msg>
<arg>id:products-orderby</arg>
<arg>Name: Z to A</arg>
<doc>Selects options from selection list ``locator`` by ``labels``.</doc>
<status status="PASS" start="2024-07-15T23:10:50.078636" elapsed="5.340874"/>
</kw>
<kw name="Select From List By Label" owner="SeleniumLibrary">
<msg time="2024-07-15T23:10:55.419510" level="INFO">Selecting options from selection list 'id:products-pagesize' by label 4.</msg>
<arg>id:products-pagesize</arg>
<arg>4</arg>
<doc>Selects options from selection list ``locator`` by ``labels``.</doc>
<status status="PASS" start="2024-07-15T23:10:55.419510" elapsed="0.660230"/>
</kw>
<kw name="Select From List By Label" owner="SeleniumLibrary">
<msg time="2024-07-15T23:10:56.087739" level="INFO">Selecting options from selection list 'id:products-viewmode' by label Grid.</msg>
<arg>id:products-viewmode</arg>
<arg>Grid</arg>
<doc>Selects options from selection list ``locator`` by ``labels``.</doc>
<status status="PASS" start="2024-07-15T23:10:56.079740" elapsed="0.067163"/>
</kw>
<kw name="Click Element" owner="SeleniumLibrary">
<msg time="2024-07-15T23:10:56.146903" level="INFO">Clicking element 'xpath=//h2[@class='product-title']'.</msg>
<arg>${click_Z to A}</arg>
<doc>Click the element identified by ``locator``.</doc>
<status status="PASS" start="2024-07-15T23:10:56.146903" elapsed="2.378737"/>
</kw>
<kw name="Element Text Should Be" owner="SeleniumLibrary">
<msg time="2024-07-15T23:10:58.525640" level="INFO">Verifying element 'css:div[class='product-name']' contains exact text 'Wool Hat'.</msg>
<arg>${check_pro}</arg>
<arg>Wool Hat</arg>
<doc>Verifies that element ``locator`` contains exact the text ``expected``.</doc>
<status status="PASS" start="2024-07-15T23:10:58.525640" elapsed="0.029849"/>
</kw>
<status status="PASS" start="2024-07-15T23:10:49.124023" elapsed="9.431466"/>
</kw>
<kw name="Close Browser Session" owner="GenericResources" type="TEARDOWN">
<kw name="Close Browser" owner="SeleniumLibrary">
<doc>Closes the current browser.</doc>
<status status="PASS" start="2024-07-15T23:10:58.555489" elapsed="2.183105"/>
</kw>
<status status="PASS" start="2024-07-15T23:10:58.555489" elapsed="2.183105"/>
</kw>
<tag>smoke</tag>
<status status="PASS" start="2024-07-15T23:10:42.400333" elapsed="18.338261"/>
</test>
<test id="s1-s1-s9-t3" name="verify the element of low to high" line="18">
<kw name="Open the Browser" owner="GenericResources" type="SETUP">
<kw name="Open Browser" owner="SeleniumLibrary">
<msg time="2024-07-15T23:11:00.738594" level="INFO">Opening browser 'Chrome' to base url 'https://demowebshop.tricentis.com/'.</msg>
<arg>${url}</arg>
<arg>${browser_name}</arg>
<doc>Opens a new browser instance to the optional ``url``.</doc>
<status status="PASS" start="2024-07-15T23:11:00.738594" elapsed="7.679035"/>
</kw>
<kw name="Maximize Browser Window" owner="SeleniumLibrary">
<doc>Maximizes current browser window.</doc>
<status status="PASS" start="2024-07-15T23:11:08.417629" elapsed="0.035296"/>
</kw>
<kw name="Set Selenium Implicit Wait" owner="SeleniumLibrary">
<arg>10 seconds</arg>
<doc>Sets the implicit wait value used by Selenium.</doc>
<status status="PASS" start="2024-07-15T23:11:08.452925" elapsed="0.004512"/>
</kw>
<status status="PASS" start="2024-07-15T23:11:00.738594" elapsed="7.718843"/>
</kw>
<kw name="click the appereal low to high" owner="ApparealResources">
<kw name="Click Link" owner="SeleniumLibrary">
<msg time="2024-07-15T23:11:08.457437" level="INFO">Clicking link 'css:a[href='/apparel-shoes']'.</msg>
<arg>${appereal}</arg>
<doc>Clicks a link identified by ``locator``.</doc>
<status status="PASS" start="2024-07-15T23:11:08.457437" elapsed="1.004483"/>
</kw>
<kw name="Select From List By Label" owner="SeleniumLibrary">
<msg time="2024-07-15T23:11:09.463405" level="INFO">Selecting options from selection list 'id:products-orderby' by label Price: Low to High.</msg>
<arg>id:products-orderby</arg>
<arg>Price: Low to High</arg>
<doc>Selects options from selection list ``locator`` by ``labels``.</doc>
<status status="PASS" start="2024-07-15T23:11:09.462927" elapsed="0.756666"/>
</kw>
<kw name="Select From List By Label" owner="SeleniumLibrary">
<msg time="2024-07-15T23:11:10.219781" level="INFO">Selecting options from selection list 'id:products-pagesize' by label 4.</msg>
<arg>id:products-pagesize</arg>
<arg>4</arg>
<doc>Selects options from selection list ``locator`` by ``labels``.</doc>
<status status="PASS" start="2024-07-15T23:11:10.219781" elapsed="0.667798"/>
</kw>
<kw name="Select From List By Label" owner="SeleniumLibrary">
<msg time="2024-07-15T23:11:10.888617" level="INFO">Selecting options from selection list 'id:products-viewmode' by label Grid.</msg>
<arg>id:products-viewmode</arg>
<arg>Grid</arg>
<doc>Selects options from selection list ``locator`` by ``labels``.</doc>
<status status="PASS" start="2024-07-15T23:11:10.887579" elapsed="0.055186"/>
</kw>
<kw name="Click Element" owner="SeleniumLibrary">
<msg time="2024-07-15T23:11:10.942765" level="INFO">Clicking element 'css:h2[class='product-title']'.</msg>
<arg>${price}</arg>
<doc>Click the element identified by ``locator``.</doc>
<status status="PASS" start="2024-07-15T23:11:10.942765" elapsed="0.882806"/>
</kw>
<kw name="Element Text Should Be" owner="SeleniumLibrary">
<msg time="2024-07-15T23:11:11.825571" level="INFO">Verifying element 'css:div.product-price' contains exact text '1.00'.</msg>
<arg>${pro_price}</arg>
<arg>1.00</arg>
<doc>Verifies that element ``locator`` contains exact the text ``expected``.</doc>
<status status="PASS" start="2024-07-15T23:11:11.825571" elapsed="0.031235"/>
</kw>
<status status="PASS" start="2024-07-15T23:11:08.457437" elapsed="3.399369"/>
</kw>
<kw name="Close Browser Session" owner="GenericResources" type="TEARDOWN">
<kw name="Close Browser" owner="SeleniumLibrary">
<doc>Closes the current browser.</doc>
<status status="PASS" start="2024-07-15T23:11:11.856806" elapsed="2.168976"/>
</kw>
<status status="PASS" start="2024-07-15T23:11:11.856806" elapsed="2.168976"/>
</kw>
<status status="PASS" start="2024-07-15T23:11:00.738594" elapsed="13.287188"/>
</test>
<test id="s1-s1-s9-t4" name="verify the element of high to low" line="21">
<kw name="Open the Browser" owner="GenericResources" type="SETUP">
<kw name="Open Browser" owner="SeleniumLibrary">
<msg time="2024-07-15T23:11:14.029394" level="INFO">Opening browser 'Chrome' to base url 'https://demowebshop.tricentis.com/'.</msg>
<arg>${url}</arg>
<arg>${browser_name}</arg>
<doc>Opens a new browser instance to the optional ``url``.</doc>
<status status="PASS" start="2024-07-15T23:11:14.029394" elapsed="4.725652"/>
</kw>
<kw name="Maximize Browser Window" owner="SeleniumLibrary">
<doc>Maximizes current browser window.</doc>
<status status="PASS" start="2024-07-15T23:11:18.755046" elapsed="0.024927"/>
</kw>
<kw name="Set Selenium Implicit Wait" owner="SeleniumLibrary">
<arg>10 seconds</arg>
[...]
</suite>
<suite id="s1-s1-s32" name="TestInformationmoduleprivacy" source="E:\EXPLEO\Expleo Project\PilotProject_DemoWebShop_Jayasuriyarepo\TestCase\TestInformationmoduleprivacy.robot">
<test id="s1-s1-s32-t1" name="Verifying for Privacy notice page" line="16">
<kw name="Open the Browser" owner="GenericResources" type="SETUP">
<kw name="Open Browser" owner="SeleniumLibrary">
<msg time="2024-07-15T23:18:55.809938" level="INFO">Opening browser 'Chrome' to base url 'https://demowebshop.tricentis.com/'.</msg>
<arg>${url}</arg>
<arg>${browser_name}</arg>
<doc>Opens a new browser instance to the optional ``url``.</doc>
<status status="PASS" start="2024-07-15T23:18:55.809938" elapsed="6.112798"/>
</kw>
<kw name="Maximize Browser Window" owner="SeleniumLibrary">
<doc>Maximizes current browser window.</doc>
<status status="PASS" start="2024-07-15T23:19:01.922736" elapsed="0.023748"/>
</kw>
<kw name="Set Selenium Implicit Wait" owner="SeleniumLibrary">
<arg>10 seconds</arg>
<doc>Sets the implicit wait value used by Selenium.</doc>
<status status="PASS" start="2024-07-15T23:19:01.948538" elapsed="0.000000"/>
</kw>
<status status="PASS" start="2024-07-15T23:18:55.809938" elapsed="6.138600"/>
</kw>
<kw name="To assert the Privacy notice page">
<kw name="Run Keyword And Ignore Error" owner="BuiltIn">
<kw name="To click on privacy option" owner="Informationmoduleresource">
<kw name="Click Link" owner="SeleniumLibrary">
<msg time="2024-07-15T23:19:01.948538" level="INFO">Clicking link 'xpath://a[text()="Privacy Notice"]'.</msg>
<arg>${privacy_l}</arg>
<doc>Clicks a link identified by ``locator``.</doc>
<status status="PASS" start="2024-07-15T23:19:01.948538" elapsed="0.781055"/>
</kw>
<status status="PASS" start="2024-07-15T23:19:01.948538" elapsed="0.781055"/>
</kw>
<arg>Informationmoduleresource.To click on privacy option</arg>
<doc>Runs the given keyword with the given arguments and ignores possible error.</doc>
<status status="PASS" start="2024-07-15T23:19:01.948538" elapsed="0.781055"/>
</kw>
<kw name="Run Keyword And Ignore Error" owner="BuiltIn">
<kw name="To verify privacy page" owner="Informationmoduleresource">
<kw name="Element Text Should Be" owner="SeleniumLibrary">
<msg time="2024-07-15T23:19:02.729593" level="INFO">Verifying element 'xpath://div[@class="page-title"]/h1' contains exact text 'Privacy policy'.</msg>
<arg>${pagetitle}</arg>
<arg>Privacy policy</arg>
<doc>Verifies that element ``locator`` contains exact the text ``expected``.</doc>
<status status="PASS" start="2024-07-15T23:19:02.729593" elapsed="0.025777"/>
</kw>
<status status="PASS" start="2024-07-15T23:19:02.729593" elapsed="0.025777"/>
</kw>
<arg>Informationmoduleresource.To verify privacy page</arg>
<doc>Runs the given keyword with the given arguments and ignores possible error.</doc>
<status status="PASS" start="2024-07-15T23:19:02.729593" elapsed="0.025777"/>
</kw>
<status status="PASS" start="2024-07-15T23:19:01.948538" elapsed="0.806832"/>
</kw>
<kw name="Close Browser Session" owner="GenericResources" type="TEARDOWN">
<kw name="Close Browser" owner="SeleniumLibrary">
<doc>Closes the current browser.</doc>
<status status="PASS" start="2024-07-15T23:19:02.755370" elapsed="2.120597"/>
</kw>
<status status="PASS" start="2024-07-15T23:19:02.755370" elapsed="2.120597"/>
</kw>
<tag>smoketest</tag>
<status status="PASS" start="2024-07-15T23:18:55.809938" elapsed="9.066029"/>
</test>
<doc>Test case for sitemap page</doc>
<status status="PASS" start="2024-07-15T23:18:55.808479" elapsed="9.067488"/>
</suite>
<suite id="s1-s1-s33" name="TestInformationmoduleshipping" source="E:\EXPLEO\Expleo Project\PilotProject_DemoWebShop_Jayasuriyarepo\TestCase\TestInformationmoduleshipping.robot">
<test id="s1-s1-s33-t1" name="Verifying for shipping and return page" line="15">
<kw name="Open the Browser" owner="GenericResources" type="SETUP">
<kw name="Open Browser" owner="SeleniumLibrary">
<msg time="2024-07-15T23:19:04.875967" level="INFO">Opening browser 'Chrome' to base url 'https://demowebshop.tricentis.com/'.</msg>
<arg>${url}</arg>
<arg>${browser_name}</arg>
<doc>Opens a new browser instance to the optional ``url``.</doc>
<status status="PASS" start="2024-07-15T23:19:04.875967" elapsed="6.220618"/>
</kw>
<kw name="Maximize Browser Window" owner="SeleniumLibrary">
<doc>Maximizes current browser window.</doc>
<status status="PASS" start="2024-07-15T23:19:11.096585" elapsed="0.040004"/>
</kw>
<kw name="Set Selenium Implicit Wait" owner="SeleniumLibrary">
<arg>10 seconds</arg>
<doc>Sets the implicit wait value used by Selenium.</doc>
<status status="PASS" start="2024-07-15T23:19:11.136589" elapsed="0.000000"/>
</kw>
<status status="PASS" start="2024-07-15T23:19:04.875967" elapsed="6.260622"/>
</kw>
<kw name="To assert the shipping and return page">
<kw name="Run Keyword And Ignore Error" owner="BuiltIn">
<kw name="To click on shipping option" owner="Informationmoduleresource">
<kw name="Click Link" owner="SeleniumLibrary">
<msg time="2024-07-15T23:19:11.136589" level="INFO">Clicking link 'xpath://a[text()="Shipping &amp; Returns"]'.</msg>
<arg>${shipping_l}</arg>
<doc>Clicks a link identified by ``locator``.</doc>
<status status="PASS" start="2024-07-15T23:19:11.136589" elapsed="0.586757"/>
</kw>
<status status="PASS" start="2024-07-15T23:19:11.136589" elapsed="0.586757"/>
</kw>
<arg>Informationmoduleresource.To click on shipping option</arg>
<doc>Runs the given keyword with the given arguments and ignores possible error.</doc>
<status status="PASS" start="2024-07-15T23:19:11.136589" elapsed="0.586757"/>
</kw>
<kw name="Run Keyword And Ignore Error" owner="BuiltIn">
<kw name="To verify shipping page" owner="Informationmoduleresource">
<kw name="Element Text Should Be" owner="SeleniumLibrary">
<msg time="2024-07-15T23:19:11.723346" level="INFO">Verifying element 'xpath://div[@class="page-title"]/h1' contains exact text 'Shipping &amp; Returns'.</msg>
<arg>${pagetitle}</arg>
<arg>Shipping &amp; Returns</arg>
<doc>Verifies that element ``locator`` contains exact the text ``expected``.</doc>
<status status="PASS" start="2024-07-15T23:19:11.723346" elapsed="0.024217"/>
</kw>
<status status="PASS" start="2024-07-15T23:19:11.723346" elapsed="0.024217"/>
</kw>
<arg>Informationmoduleresource.To verify shipping page</arg>
<doc>Runs the given keyword with the given arguments and ignores possible error.</doc>
<status status="PASS" start="2024-07-15T23:19:11.723346" elapsed="0.024217"/>
</kw>
<status status="PASS" start="2024-07-15T23:19:11.136589" elapsed="0.610974"/>
</kw>
<kw name="Close Browser Session" owner="GenericResources" type="TEARDOWN">
<kw name="Close Browser" owner="SeleniumLibrary">
<doc>Closes the current browser.</doc>
<status status="PASS" start="2024-07-15T23:19:11.747563" elapsed="2.134542"/>
</kw>
<status status="PASS" start="2024-07-15T23:19:11.747563" elapsed="2.134542"/>
</kw>
<tag>smoketest</tag>
<status status="PASS" start="2024-07-15T23:19:04.875967" elapsed="9.006138"/>
</test>
<doc>Test case to click shipping and return page</doc>
<status status="PASS" start="2024-07-15T23:19:04.875967" elapsed="9.006138"/>
</suite>
<suite id="s1-s1-s34" name="TestInformationmodulesitemap" source="E:\EXPLEO\Expleo Project\PilotProject_DemoWebShop_Jayasuriyarepo\TestCase\TestInformationmodulesitemap.robot">
<test id="s1-s1-s34-t1" name="Verifying for site map page" line="15">
<kw name="Open the Browser" owner="GenericResources" type="SETUP">
<kw name="Open Browser" owner="SeleniumLibrary">
<msg time="2024-07-15T23:19:13.897731" level="INFO">Opening browser 'Chrome' to base url 'https://demowebshop.tricentis.com/'.</msg>
<arg>${url}</arg>
<arg>${browser_name}</arg>
<doc>Opens a new browser instance to the optional ``url``.</doc>
<status status="PASS" start="2024-07-15T23:19:13.897731" elapsed="5.264894"/>
</kw>
<kw name="Maximize Browser Window" owner="SeleniumLibrary">
<doc>Maximizes current browser window.</doc>
<status status="PASS" start="2024-07-15T23:19:19.162625" elapsed="0.032085"/>
</kw>
<kw name="Set Selenium Implicit Wait" owner="SeleniumLibrary">
<arg>10 seconds</arg>
<doc>Sets the implicit wait value used by Selenium.</doc>
<status status="PASS" start="2024-07-15T23:19:19.194710" elapsed="0.000000"/>
</kw>
<status status="PASS" start="2024-07-15T23:19:13.897731" elapsed="5.296979"/>
</kw>
<kw name="To assert the site map page">
<kw name="Run Keyword And Ignore Error" owner="BuiltIn">
<kw name="To click on sitemap option" owner="Informationmoduleresource">
<kw name="Click Link" owner="SeleniumLibrary">
<msg time="2024-07-15T23:19:19.194710" level="INFO">Clicking link 'xpath://a[text()="Sitemap"]'.</msg>
<arg>${sitemap_l}</arg>
<doc>Clicks a link identified by ``locator``.</doc>
<status status="PASS" start="2024-07-15T23:19:19.194710" elapsed="0.442818"/>
</kw>
<status status="PASS" start="2024-07-15T23:19:19.194710" elapsed="0.442818"/>
</kw>
<arg>Informationmoduleresource.To click on sitemap option</arg>
<doc>Runs the given keyword with the given arguments and ignores possible error.</doc>
<status status="PASS" start="2024-07-15T23:19:19.194710" elapsed="0.442818"/>
</kw>
<kw name="Run Keyword And Ignore Error" owner="BuiltIn">
<kw name="To verify sitepage" owner="Informationmoduleresource">
<kw name="Element Text Should Be" owner="SeleniumLibrary">
<msg time="2024-07-15T23:19:19.637528" level="INFO">Verifying element 'xpath://div[@class="page-title"]/h1' contains exact text 'Sitemap'.</msg>
<arg>${pagetitle}</arg>
<arg>Sitemap</arg>
<doc>Verifies that element ``locator`` contains exact the text ``expected``.</doc>
<status status="PASS" start="2024-07-15T23:19:19.637528" elapsed="0.032119"/>
</kw>
<status status="PASS" start="2024-07-15T23:19:19.637528" elapsed="0.032119"/>
</kw>
<arg>Informationmoduleresource.To verify sitepage</arg>
<doc>Runs the given keyword with the given arguments and ignores possible error.</doc>
<status status="PASS" start="2024-07-15T23:19:19.637528" elapsed="0.032119"/>
</kw>
<kw name="Run Keyword And Ignore Error" owner="BuiltIn">
<kw name="To click book option" owner="bookmoduleresource">
<try>
<branch type="TRY">
<kw name="Click Link" owner="SeleniumLibrary">
<msg time="2024-07-15T23:19:19.669647" level="INFO">Clicking link 'xpath:(//li/a)[5]'.</msg>
<arg>${book_l}</arg>
<doc>Clicks a link identified by ``locator``.</doc>
<status status="PASS" start="2024-07-15T23:19:19.669647" elapsed="1.221908"/>
</kw>
<status status="PASS" start="2024-07-15T23:19:19.669647" elapsed="1.221908"/>
</branch>
<branch type="EXCEPT">
<kw name="Log To Console" owner="BuiltIn">
<arg>Error clicking book option: ${book_l}</arg>
<doc>Logs the given message to the console.</doc>
<status status="NOT RUN" start="2024-07-15T23:19:20.891555" elapsed="0.000000"/>
</kw>
<status status="NOT RUN" start="2024-07-15T23:19:20.891555" elapsed="0.000000"/>
</branch>
<status status="PASS" start="2024-07-15T23:19:19.669647" elapsed="1.221908"/>
</try>
<status status="PASS" start="2024-07-15T23:19:19.669647" elapsed="1.221908"/>
</kw>
<arg>bookmoduleresource.To click book option</arg>
<doc>Runs the given keyword with the given arguments and ignores possible error.</doc>
<status status="PASS" start="2024-07-15T23:19:19.669647" elapsed="1.221908"/>
</kw>
<kw name="Run Keyword And Ignore Error" owner="BuiltIn">
<kw name="To click book option" owner="bookmoduleresource">
<try>
<branch type="TRY">
<kw name="Click Link" owner="SeleniumLibrary">
<msg time="2024-07-15T23:19:20.891555" level="INFO">Clicking link 'xpath:(//li/a)[5]'.</msg>
<arg>${book_l}</arg>
<doc>Clicks a link identified by ``locator``.</doc>
<status status="PASS" start="2024-07-15T23:19:20.891555" elapsed="0.572532"/>
</kw>
<status status="PASS" start="2024-07-15T23:19:20.891555" elapsed="0.572532"/>
</branch>
<branch type="EXCEPT">
<kw name="Log To Console" owner="BuiltIn">
<arg>Error clicking book option: ${book_l}</arg>
<doc>Logs the given message to the console.</doc>
<status status="NOT RUN" start="2024-07-15T23:19:21.464087" elapsed="0.000000"/>
</kw>
<status status="NOT RUN" start="2024-07-15T23:19:21.464087" elapsed="0.000000"/>
</branch>
<status status="PASS" start="2024-07-15T23:19:20.891555" elapsed="0.572532"/>
</try>
<status status="PASS" start="2024-07-15T23:19:20.891555" elapsed="0.572532"/>
</kw>
<arg>bookmoduleresource.To click book option</arg>
<doc>Runs the given keyword with the given arguments and ignores possible error.</doc>
<status status="PASS" start="2024-07-15T23:19:20.891555" elapsed="0.572532"/>
</kw>
<status status="PASS" start="2024-07-15T23:19:19.194710" elapsed="2.269377"/>
</kw>
<kw name="Close Browser Session" owner="GenericResources" type="TEARDOWN">
<kw name="Close Browser" owner="SeleniumLibrary">
<doc>Closes the current browser.</doc>
<status status="PASS" start="2024-07-15T23:19:21.464087" elapsed="2.122542"/>
</kw>
<status status="PASS" start="2024-07-15T23:19:21.464087" elapsed="2.122542"/>
</kw>
<tag>smoketest</tag>
<status status="PASS" start="2024-07-15T23:19:13.882105" elapsed="9.704524"/>
</test>
<doc>Test case for sitemap page</doc>
<status status="PASS" start="2024-07-15T23:19:13.882105" elapsed="9.704524"/>
</suite>
<status status="PASS" start="2024-07-15T23:06:58.601933" elapsed="744.984696"/>
</suite>
<status status="PASS" start="2024-07-15T23:06:58.570671" elapsed="745.015958"/>
</suite>
<statistics>
<total>
<stat pass="59" fail="0" skip="0">All Tests</stat>
</total>
<tag>
<stat pass="1" fail="0" skip="0">regreesion</stat>
<stat pass="3" fail="0" skip="0">regression</stat>
<stat pass="4" fail="0" skip="0">Regression test</stat>
<stat pass="1" fail="0" skip="0">retest</stat>
<stat pass="6" fail="0" skip="0">smoke</stat>
<stat pass="9" fail="0" skip="0">smoketest</stat>
</tag>
<suite>
<stat pass="59" fail="0" skip="0" id="s1" name="PilotProject DemoWebShop Jayasuriyarepo">PilotProject DemoWebShop Jayasuriyarepo</stat>
<stat pass="59" fail="0" skip="0" id="s1-s1" name="TestCase">PilotProject DemoWebShop Jayasuriyarepo.TestCase</stat>
<stat pass="5" fail="0" skip="0" id="s1-s1-s1" name="JewelryTest">PilotProject DemoWebShop Jayasuriyarepo.TestCase.JewelryTest</stat>
<stat pass="1" fail="0" skip="0" id="s1-s1-s2" name="MyAccountTest BackInStockSubscriptions">PilotProject DemoWebShop Jayasuriyarepo.TestCase.MyAccountTest BackInStockSubscriptions</stat>
<stat pass="1" fail="0" skip="0" id="s1-s1-s3" name="MyAccountTest ChangePassword">PilotProject DemoWebShop Jayasuriyarepo.TestCase.MyAccountTest ChangePassword</stat>
<stat pass="1" fail="0" skip="0" id="s1-s1-s4" name="MyAccountTest CustomerAddress">PilotProject DemoWebShop Jayasuriyarepo.TestCase.MyAccountTest CustomerAddress</stat>
<stat pass="1" fail="0" skip="0" id="s1-s1-s5" name="MyAccountTest EditCustomerAddress">PilotProject DemoWebShop Jayasuriyarepo.TestCase.MyAccountTest EditCustomerAddress</stat>
<stat pass="1" fail="0" skip="0" id="s1-s1-s6" name="MyAccountTest Login">PilotProject DemoWebShop Jayasuriyarepo.TestCase.MyAccountTest Login</stat>
<stat pass="1" fail="0" skip="0" id="s1-s1-s7" name="MyAccountTest RewardPoints">PilotProject DemoWebShop Jayasuriyarepo.TestCase.MyAccountTest RewardPoints</stat>
<stat pass="1" fail="0" skip="0" id="s1-s1-s8" name="MyAddressTest Orders">PilotProject DemoWebShop Jayasuriyarepo.TestCase.MyAddressTest Orders</stat>
<stat pass="5" fail="0" skip="0" id="s1-s1-s9" name="Test Appeal">PilotProject DemoWebShop Jayasuriyarepo.TestCase.Test Appeal</stat>
<stat pass="3" fail="0" skip="0" id="s1-s1-s10" name="Test Computers">PilotProject DemoWebShop Jayasuriyarepo.TestCase.Test Computers</stat>
<stat pass="9" fail="0" skip="0" id="s1-s1-s11" name="Test Computerservice">PilotProject DemoWebShop Jayasuriyarepo.TestCase.Test Computerservice</stat>
<stat pass="5" fail="0" skip="0" id="s1-s1-s12" name="Test contact">PilotProject DemoWebShop Jayasuriyarepo.TestCase.Test contact</stat>
<stat pass="1" fail="0" skip="0" id="s1-s1-s13" name="Test Forgotpass">PilotProject DemoWebShop Jayasuriyarepo.TestCase.Test Forgotpass</stat>
<stat pass="4" fail="0" skip="0" id="s1-s1-s14" name="Test InvalidLogin">PilotProject DemoWebShop Jayasuriyarepo.TestCase.Test InvalidLogin</stat>
<stat pass="1" fail="0" skip="0" id="s1-s1-s15" name="Test Register Female">PilotProject DemoWebShop Jayasuriyarepo.TestCase.Test Register Female</stat>
<stat pass="1" fail="0" skip="0" id="s1-s1-s16" name="Test Register Invalid">PilotProject DemoWebShop Jayasuriyarepo.TestCase.Test Register Invalid</stat>
<stat pass="1" fail="0" skip="0" id="s1-s1-s17" name="Test Register Male">PilotProject DemoWebShop Jayasuriyarepo.TestCase.Test Register Male</stat>
<stat pass="1" fail="0" skip="0" id="s1-s1-s18" name="Test ValidLogin">PilotProject DemoWebShop Jayasuriyarepo.TestCase.Test ValidLogin</stat>
<stat pass="1" fail="0" skip="0" id="s1-s1-s19" name="TestBookmoduleaddtocart">PilotProject DemoWebShop Jayasuriyarepo.TestCase.TestBookmoduleaddtocart</stat>
<stat pass="1" fail="0" skip="0" id="s1-s1-s20" name="TestBookmoduleclickproduct">PilotProject DemoWebShop Jayasuriyarepo.TestCase.TestBookmoduleclickproduct</stat>
<stat pass="1" fail="0" skip="0" id="s1-s1-s21" name="TestBookmoduleclickshoppingcart">PilotProject DemoWebShop Jayasuriyarepo.TestCase.TestBookmoduleclickshoppingcart</stat>
<stat pass="1" fail="0" skip="0" id="s1-s1-s22" name="TestBookmoduledisplay">PilotProject DemoWebShop Jayasuriyarepo.TestCase.TestBookmoduledisplay</stat>
<stat pass="1" fail="0" skip="0" id="s1-s1-s23" name="TestBookmodulefilterprice">PilotProject DemoWebShop Jayasuriyarepo.TestCase.TestBookmodulefilterprice</stat>
<stat pass="1" fail="0" skip="0" id="s1-s1-s24" name="TestBookmodulelogin">PilotProject DemoWebShop Jayasuriyarepo.TestCase.TestBookmodulelogin</stat>
<stat pass="1" fail="0" skip="0" id="s1-s1-s25" name="TestBookmoduleremovefilter">PilotProject DemoWebShop Jayasuriyarepo.TestCase.TestBookmoduleremovefilter</stat>
<stat pass="1" fail="0" skip="0" id="s1-s1-s26" name="TestBookmodulesortby">PilotProject DemoWebShop Jayasuriyarepo.TestCase.TestBookmodulesortby</stat>
<stat pass="1" fail="0" skip="0" id="s1-s1-s27" name="TestBookmodulesortbyprice">PilotProject DemoWebShop Jayasuriyarepo.TestCase.TestBookmodulesortbyprice</stat>
<stat pass="1" fail="0" skip="0" id="s1-s1-s28" name="TestBookmoduleview">PilotProject DemoWebShop Jayasuriyarepo.TestCase.TestBookmoduleview</stat>
<stat pass="1" fail="0" skip="0" id="s1-s1-s29" name="TestInformationmoduleaboutus">PilotProject DemoWebShop Jayasuriyarepo.TestCase.TestInformationmoduleaboutus</stat>
<stat pass="1" fail="0" skip="0" id="s1-s1-s30" name="TestInformationmodulecondition">PilotProject DemoWebShop Jayasuriyarepo.TestCase.TestInformationmodulecondition</stat>
<stat pass="1" fail="0" skip="0" id="s1-s1-s31" name="TestInformationmodulecontactus">PilotProject DemoWebShop Jayasuriyarepo.TestCase.TestInformationmodulecontactus</stat>
<stat pass="1" fail="0" skip="0" id="s1-s1-s32" name="TestInformationmoduleprivacy">PilotProject DemoWebShop Jayasuriyarepo.TestCase.TestInformationmoduleprivacy</stat>
<stat pass="1" fail="0" skip="0" id="s1-s1-s33" name="TestInformationmoduleshipping">PilotProject DemoWebShop Jayasuriyarepo.TestCase.TestInformationmoduleshipping</stat>
<stat pass="1" fail="0" skip="0" id="s1-s1-s34" name="TestInformationmodulesitemap">PilotProject DemoWebShop Jayasuriyarepo.TestCase.TestInformationmodulesitemap</stat>
</suite>
</statistics>
<errors>
<msg time="2024-07-15T23:15:29.475230" level="WARN">Multiple tests with name 'Invalid Login test' executed in suite 'PilotProject DemoWebShop Jayasuriyarepo.TestCase.Test InvalidLogin'.</msg>
<msg time="2024-07-15T23:15:38.407628" level="WARN">Multiple tests with name 'Invalid Login test' executed in suite 'PilotProject DemoWebShop Jayasuriyarepo.TestCase.Test InvalidLogin'.</msg>
<msg time="2024-07-15T23:15:48.233184" level="WARN">Multiple tests with name 'Invalid Login test' executed in suite 'PilotProject DemoWebShop Jayasuriyarepo.TestCase.Test InvalidLogin'.</msg>
</errors>
</robot>
