<?xml version="1.0" encoding="UTF-8"?>
<robot generator="Robot 7.0 (Python 3.12.2 on win32)" generated="2024-07-18T16:23:04.665970" rpa="false" schemaversion="5">
<suite id="s1" name="PilotProject DemoWebShop Jayasuriyarepo" source="E:\EXPLEO\Expleo Project\PilotProject_DemoWebShop_Jayasuriyarepo">
<suite id="s1-s1" name="TestCase" source="E:\EXPLEO\Expleo Project\PilotProject_DemoWebShop_Jayasuriyarepo\TestCase">
<suite id="s1-s1-s1" name="JewelryTest" source="E:\EXPLEO\Expleo Project\PilotProject_DemoWebShop_Jayasuriyarepo\TestCase\JewelryTest.robot">
<test id="s1-s1-s1-t1" name="Validate the jewelry functionality" line="11">
<kw name="Open the Browser" owner="GenericResources" type="SETUP">
<kw name="Open Browser" owner="SeleniumLibrary">
<msg time="2024-07-18T16:23:05.234833" level="INFO">Opening browser 'Chrome' to base url 'https://demowebshop.tricentis.com/'.</msg>
<arg>${url}</arg>
<arg>${browser_name}</arg>
<doc>Opens a new browser instance to the optional ``url``.</doc>
<status status="PASS" start="2024-07-18T16:23:05.234833" elapsed="6.869448"/>
</kw>
<kw name="Maximize Browser Window" owner="SeleniumLibrary">
<doc>Maximizes current browser window.</doc>
<status status="PASS" start="2024-07-18T16:23:12.104792" elapsed="2.571135"/>
</kw>
<kw name="Set Selenium Implicit Wait" owner="SeleniumLibrary">
<arg>10 seconds</arg>
<doc>Sets the implicit wait value used by Selenium.</doc>
<status status="PASS" start="2024-07-18T16:23:14.675927" elapsed="0.003035"/>
</kw>
<status status="PASS" start="2024-07-18T16:23:05.233793" elapsed="9.445169"/>
</kw>
<kw name="Click the jewelry element" owner="JewelryResources">
<kw name="Click Element" owner="SeleniumLibrary">
<msg time="2024-07-18T16:23:14.697353" level="INFO">Clicking element 'xpath:(//a[@href='/jewelry'])[1]'.</msg>
<arg>${jewelry_button}</arg>
<doc>Click the element identified by ``locator``.</doc>
<status status="PASS" start="2024-07-18T16:23:14.678962" elapsed="0.783879"/>
</kw>
<status status="PASS" start="2024-07-18T16:23:14.678962" elapsed="0.785953"/>
</kw>
<kw name="Check whether the jewelry is visible" owner="JewelryResources">
<kw name="Element Text Should Be" owner="SeleniumLibrary">
<msg time="2024-07-18T16:23:15.465830" level="INFO">Verifying element 'xpath://div[@class='page-title']//h1' contains exact text 'Jewelry'.</msg>
<arg>${visible_jewelry}</arg>
<arg>Jewelry</arg>
<doc>Verifies that element ``locator`` contains exact the text ``expected``.</doc>
<status status="PASS" start="2024-07-18T16:23:15.465830" elapsed="0.030457"/>
</kw>
<status status="PASS" start="2024-07-18T16:23:15.464915" elapsed="0.031372"/>
</kw>
<kw name="Click the sort by dropdown button" owner="JewelryResources">
<kw name="Click Element" owner="SeleniumLibrary">
<msg time="2024-07-18T16:23:15.496287" level="INFO">Clicking element 'xpath://select[@id='products-orderby']'.</msg>
<arg>${click_dropdown}</arg>
<doc>Click the element identified by ``locator``.</doc>
<status status="PASS" start="2024-07-18T16:23:15.496287" elapsed="0.069669"/>
</kw>
<status status="PASS" start="2024-07-18T16:23:15.496287" elapsed="0.071187"/>
</kw>
<kw name="Click A to Z option in the dropdown list" owner="JewelryResources">
<kw name="Click Element" owner="SeleniumLibrary">
<msg time="2024-07-18T16:23:15.567474" level="INFO">Clicking element 'xpath:(//select[@id='products-orderby']//option)[2]'.</msg>
<arg>${click_A_to_Z_product}</arg>
<doc>Click the element identified by ``locator``.</doc>
<status status="PASS" start="2024-07-18T16:23:15.567474" elapsed="0.659653"/>
</kw>
<status status="PASS" start="2024-07-18T16:23:15.567474" elapsed="0.662643"/>
</kw>
<kw name="Verify whether Sorting Order in A to Z" owner="JewelryResources">
<kw name="Element Should Be Visible" owner="SeleniumLibrary">
<msg time="2024-07-18T16:23:16.264752" level="INFO">Element 'xpath://h2[@class='product-title']/a' is displayed.</msg>
<arg>${visible_product}</arg>
<arg>Black &amp; White Diamond Heart</arg>
<doc>Verifies that the element identified by ``locator`` is visible.</doc>
<status status="PASS" start="2024-07-18T16:23:16.230117" elapsed="0.034635"/>
</kw>
<status status="PASS" start="2024-07-18T16:23:16.230117" elapsed="0.036173"/>
</kw>
<kw name="Click the first product" owner="JewelryResources">
<kw name="Click Element" owner="SeleniumLibrary">
<msg time="2024-07-18T16:23:16.268642" level="INFO">Clicking element 'xpath://h2[@class='product-title']/a'.</msg>
<arg>${click_first_product}</arg>
<doc>Click the element identified by ``locator``.</doc>
<status status="PASS" start="2024-07-18T16:23:16.267571" elapsed="1.893089"/>
</kw>
<status status="PASS" start="2024-07-18T16:23:16.267571" elapsed="1.897111"/>
</kw>
<kw name="Close Browser Session" owner="GenericResources" type="TEARDOWN">
<kw name="Close Browser" owner="SeleniumLibrary">
<doc>Closes the current browser.</doc>
<status status="PASS" start="2024-07-18T16:23:18.164682" elapsed="2.178018"/>
</kw>
<status status="PASS" start="2024-07-18T16:23:18.164682" elapsed="2.179043"/>
</kw>
<doc>This test case will validate the sort by functionality</doc>
<tag>smoke</tag>
<status status="PASS" start="2024-07-18T16:23:05.230773" elapsed="15.112952"/>
</test>
<test id="s1-s1-s1-t2" name="Validate the jewelry functionality without filtering" line="21">
<kw name="Open the Browser" owner="GenericResources" type="SETUP">
<kw name="Open Browser" owner="SeleniumLibrary">
<msg time="2024-07-18T16:23:20.351605" level="INFO">Opening browser 'Chrome' to base url 'https://demowebshop.tricentis.com/'.</msg>
<arg>${url}</arg>
<arg>${browser_name}</arg>
<doc>Opens a new browser instance to the optional ``url``.</doc>
<status status="PASS" start="2024-07-18T16:23:20.348908" elapsed="9.945969"/>
</kw>
<kw name="Maximize Browser Window" owner="SeleniumLibrary">
<doc>Maximizes current browser window.</doc>
<status status="PASS" start="2024-07-18T16:23:30.297192" elapsed="0.022510"/>
</kw>
<kw name="Set Selenium Implicit Wait" owner="SeleniumLibrary">
<arg>10 seconds</arg>
<doc>Sets the implicit wait value used by Selenium.</doc>
<status status="PASS" start="2024-07-18T16:23:30.322895" elapsed="0.001523"/>
</kw>
<status status="PASS" start="2024-07-18T16:23:20.348908" elapsed="9.975510"/>
</kw>
<kw name="Click the jewelry element" owner="JewelryResources">
<kw name="Click Element" owner="SeleniumLibrary">
<msg time="2024-07-18T16:23:30.325445" level="INFO">Clicking element 'xpath:(//a[@href='/jewelry'])[1]'.</msg>
<arg>${jewelry_button}</arg>
<doc>Click the element identified by ``locator``.</doc>
<status status="PASS" start="2024-07-18T16:23:30.325445" elapsed="1.598318"/>
</kw>
<status status="PASS" start="2024-07-18T16:23:30.324418" elapsed="1.600358"/>
</kw>
<kw name="Check whether the jewelry is visible" owner="JewelryResources">
<kw name="Element Text Should Be" owner="SeleniumLibrary">
<msg time="2024-07-18T16:23:31.924776" level="INFO">Verifying element 'xpath://div[@class='page-title']//h1' contains exact text 'Jewelry'.</msg>
<arg>${visible_jewelry}</arg>
<arg>Jewelry</arg>
<doc>Verifies that element ``locator`` contains exact the text ``expected``.</doc>
<status status="PASS" start="2024-07-18T16:23:31.924776" elapsed="0.033283"/>
</kw>
<status status="PASS" start="2024-07-18T16:23:31.924776" elapsed="0.033283"/>
</kw>
<kw name="Click the first product" owner="JewelryResources">
<kw name="Click Element" owner="SeleniumLibrary">
<msg time="2024-07-18T16:23:31.958059" level="INFO">Clicking element 'xpath://h2[@class='product-title']/a'.</msg>
<arg>${click_first_product}</arg>
<doc>Click the element identified by ``locator``.</doc>
<status status="PASS" start="2024-07-18T16:23:31.958059" elapsed="2.280267"/>
</kw>
<status status="PASS" start="2024-07-18T16:23:31.958059" elapsed="2.280267"/>
</kw>
<kw name="Close Browser Session" owner="GenericResources" type="TEARDOWN">
<kw name="Close Browser" owner="SeleniumLibrary">
<doc>Closes the current browser.</doc>
<status status="PASS" start="2024-07-18T16:23:34.243846" elapsed="2.165813"/>
</kw>
<status status="PASS" start="2024-07-18T16:23:34.238326" elapsed="2.171333"/>
</kw>
<doc>This test case will validate that without sort by product</doc>
<tag>regression</tag>
<status status="PASS" start="2024-07-18T16:23:20.348908" elapsed="16.060751"/>
</test>
<test id="s1-s1-s1-t3" name="Validate the jewelry functionality with filtering all product" line="28">
<kw name="Open the Browser" owner="GenericResources" type="SETUP">
<kw name="Open Browser" owner="SeleniumLibrary">
<msg time="2024-07-18T16:23:36.426135" level="INFO">Opening browser 'Chrome' to base url 'https://demowebshop.tricentis.com/'.</msg>
<arg>${url}</arg>
<arg>${browser_name}</arg>
<doc>Opens a new browser instance to the optional ``url``.</doc>
<status status="PASS" start="2024-07-18T16:23:36.426135" elapsed="8.409257"/>
</kw>
<kw name="Maximize Browser Window" owner="SeleniumLibrary">
<doc>Maximizes current browser window.</doc>
<status status="PASS" start="2024-07-18T16:23:44.837476" elapsed="0.026952"/>
</kw>
<kw name="Set Selenium Implicit Wait" owner="SeleniumLibrary">
<arg>10 seconds</arg>
<doc>Sets the implicit wait value used by Selenium.</doc>
<status status="PASS" start="2024-07-18T16:23:44.864428" elapsed="0.001323"/>
</kw>
<status status="PASS" start="2024-07-18T16:23:36.426135" elapsed="8.439616"/>
</kw>
<kw name="Click the jewelry element" owner="JewelryResources">
<kw name="Click Element" owner="SeleniumLibrary">
<msg time="2024-07-18T16:23:44.868320" level="INFO">Clicking element 'xpath:(//a[@href='/jewelry'])[1]'.</msg>
<arg>${jewelry_button}</arg>
<doc>Click the element identified by ``locator``.</doc>
<status status="PASS" start="2024-07-18T16:23:44.868320" elapsed="1.046362"/>
</kw>
<status status="PASS" start="2024-07-18T16:23:44.868320" elapsed="1.047700"/>
</kw>
<kw name="Check whether the jewelry is visible" owner="JewelryResources">
<kw name="Element Text Should Be" owner="SeleniumLibrary">
<msg time="2024-07-18T16:23:45.918175" level="INFO">Verifying element 'xpath://div[@class='page-title']//h1' contains exact text 'Jewelry'.</msg>
<arg>${visible_jewelry}</arg>
<arg>Jewelry</arg>
<doc>Verifies that element ``locator`` contains exact the text ``expected``.</doc>
<status status="PASS" start="2024-07-18T16:23:45.918175" elapsed="0.032948"/>
</kw>
<status status="PASS" start="2024-07-18T16:23:45.917668" elapsed="0.033455"/>
</kw>
<kw name="Click the sort by dropdown button" owner="JewelryResources">
<kw name="Click Element" owner="SeleniumLibrary">
<msg time="2024-07-18T16:23:45.953629" level="INFO">Clicking element 'xpath://select[@id='products-orderby']'.</msg>
<arg>${click_dropdown}</arg>
<doc>Click the element identified by ``locator``.</doc>
<status status="PASS" start="2024-07-18T16:23:45.953629" elapsed="0.071654"/>
</kw>
<status status="PASS" start="2024-07-18T16:23:45.951123" elapsed="0.077838"/>
</kw>
<kw name="Click A to Z option in the dropdown list" owner="JewelryResources">
<kw name="Click Element" owner="SeleniumLibrary">
<msg time="2024-07-18T16:23:46.030367" level="INFO">Clicking element 'xpath:(//select[@id='products-orderby']//option)[2]'.</msg>
<arg>${click_A_to_Z_product}</arg>
<doc>Click the element identified by ``locator``.</doc>
<status status="PASS" start="2024-07-18T16:23:46.030367" elapsed="0.663478"/>
</kw>
<status status="PASS" start="2024-07-18T16:23:46.028961" elapsed="0.667297"/>
</kw>
<kw name="Verify whether Sorting Order in A to Z" owner="JewelryResources">
<kw name="Element Should Be Visible" owner="SeleniumLibrary">
<msg time="2024-07-18T16:23:46.730505" level="INFO">Element 'xpath://h2[@class='product-title']/a' is displayed.</msg>
<arg>${visible_product}</arg>
<arg>Black &amp; White Diamond Heart</arg>
<doc>Verifies that the element identified by ``locator`` is visible.</doc>
<status status="PASS" start="2024-07-18T16:23:46.696956" elapsed="0.033549"/>
</kw>
<status status="PASS" start="2024-07-18T16:23:46.696956" elapsed="0.036593"/>
</kw>
<kw name="Click dropdown display" owner="JewelryResources">
<kw name="Click Element" owner="SeleniumLibrary">
<msg time="2024-07-18T16:23:46.734587" level="INFO">Clicking element 'xpath://select[@id='products-pagesize']'.</msg>
<arg>${click_dropdown_display}</arg>
<doc>Click the element identified by ``locator``.</doc>
<status status="PASS" start="2024-07-18T16:23:46.734587" elapsed="0.073060"/>
</kw>
<status status="PASS" start="2024-07-18T16:23:46.733549" elapsed="0.076286"/>
</kw>
<kw name="Select the option in the display dropdown" owner="JewelryResources">
<kw name="Click Element" owner="SeleniumLibrary">
<msg time="2024-07-18T16:23:46.811355" level="INFO">Clicking element 'xpath:(//select[@id='products-pagesize']//option)[2]'.</msg>
<arg>${select_4_in display_option}</arg>
<doc>Click the element identified by ``locator``.</doc>
<status status="PASS" start="2024-07-18T16:23:46.811355" elapsed="0.037290"/>
</kw>
<status status="PASS" start="2024-07-18T16:23:46.809835" elapsed="0.038810"/>
</kw>
<kw name="Click view as option" owner="JewelryResources">
<kw name="Click Element" owner="SeleniumLibrary">
<msg time="2024-07-18T16:23:46.850658" level="INFO">Clicking element 'xpath://select[@id='products-viewmode']'.</msg>
<arg>${click_view_as}</arg>
<doc>Click the element identified by ``locator``.</doc>
<status status="PASS" start="2024-07-18T16:23:46.850658" elapsed="0.074062"/>
</kw>
<status status="PASS" start="2024-07-18T16:23:46.850658" elapsed="0.075821"/>
</kw>
<kw name="Select list in the view as option" owner="JewelryResources">
<kw name="Click Element" owner="SeleniumLibrary">
<msg time="2024-07-18T16:23:46.926479" level="INFO">Clicking element 'xpath://select[@id='products-viewmode']/option[text()='List']'.</msg>
<arg>${select_view_as}</arg>
<doc>Click the element identified by ``locator``.</doc>
<status status="PASS" start="2024-07-18T16:23:46.926479" elapsed="0.661858"/>
</kw>
<status status="PASS" start="2024-07-18T16:23:46.926479" elapsed="0.668305"/>
</kw>
<kw name="Check whether product are listed in one by one" owner="JewelryResources">
<kw name="Element Should Be Visible" owner="SeleniumLibrary">
<msg time="2024-07-18T16:23:47.633306" level="INFO">Element 'xpath://div[contains(@class, 'product-list')]' is displayed.</msg>
<arg>${list_visible}</arg>
<doc>Verifies that the element identified by ``locator`` is visible.</doc>
<status status="PASS" start="2024-07-18T16:23:47.596248" elapsed="0.037058"/>
</kw>
<status status="PASS" start="2024-07-18T16:23:47.594784" elapsed="0.041032"/>
</kw>
<kw name="Close Browser Session" owner="GenericResources" type="TEARDOWN">
<kw name="Close Browser" owner="SeleniumLibrary">
<doc>Closes the current browser.</doc>
<status status="PASS" start="2024-07-18T16:23:47.635816" elapsed="2.167824"/>
</kw>
<status status="PASS" start="2024-07-18T16:23:47.635816" elapsed="2.168830"/>
</kw>
<doc>This test case will validate that product</doc>
<tag>regression</tag>
<status status="PASS" start="2024-07-18T16:23:36.426135" elapsed="13.378511"/>
</test>
<test id="s1-s1-s1-t4" name="Validate the jewelry with add to cart" line="42">
<kw name="Open the Browser" owner="GenericResources" type="SETUP">
<kw name="Open Browser" owner="SeleniumLibrary">
<msg time="2024-07-18T16:23:49.819338" level="INFO">Opening browser 'Chrome' to base url 'https://demowebshop.tricentis.com/'.</msg>
<arg>${url}</arg>
<arg>${browser_name}</arg>
<doc>Opens a new browser instance to the optional ``url``.</doc>
<status status="PASS" start="2024-07-18T16:23:49.819338" elapsed="6.339151"/>
</kw>
<kw name="Maximize Browser Window" owner="SeleniumLibrary">
<doc>Maximizes current browser window.</doc>
<status status="PASS" start="2024-07-18T16:23:56.158489" elapsed="0.032203"/>
</kw>
<kw name="Set Selenium Implicit Wait" owner="SeleniumLibrary">
<arg>10 seconds</arg>
<doc>Sets the implicit wait value used by Selenium.</doc>
<status status="PASS" start="2024-07-18T16:23:56.190692" elapsed="0.003686"/>
</kw>
<status status="PASS" start="2024-07-18T16:23:49.819338" elapsed="6.375040"/>
</kw>
<kw name="Click the jewelry element" owner="JewelryResources">
<kw name="Click Element" owner="SeleniumLibrary">
<msg time="2024-07-18T16:23:56.195533" level="INFO">Clicking element 'xpath:(//a[@href='/jewelry'])[1]'.</msg>
<arg>${jewelry_button}</arg>
<doc>Click the element identified by ``locator``.</doc>
<status status="PASS" start="2024-07-18T16:23:56.195533" elapsed="1.162718"/>
</kw>
<status status="PASS" start="2024-07-18T16:23:56.194378" elapsed="1.169149"/>
</kw>
<kw name="Click the sort by dropdown button" owner="JewelryResources">
<kw name="Click Element" owner="SeleniumLibrary">
<msg time="2024-07-18T16:23:57.365699" level="INFO">Clicking element 'xpath://select[@id='products-orderby']'.</msg>
<arg>${click_dropdown}</arg>
<doc>Click the element identified by ``locator``.</doc>
<status status="PASS" start="2024-07-18T16:23:57.364543" elapsed="0.060498"/>
</kw>
<status status="PASS" start="2024-07-18T16:23:57.364543" elapsed="0.061967"/>
</kw>
<kw name="Click low to high option in the dropdown list" owner="JewelryResources">
<kw name="Click Element" owner="SeleniumLibrary">
<msg time="2024-07-18T16:23:57.428359" level="INFO">Clicking element 'xpath:(//select[@id='products-orderby']//option)[4]'.</msg>
<arg>${click_low_to_high}</arg>
<doc>Click the element identified by ``locator``.</doc>
<status status="PASS" start="2024-07-18T16:23:57.426510" elapsed="0.585398"/>
</kw>
<status status="PASS" start="2024-07-18T16:23:57.426510" elapsed="0.587104"/>
</kw>
<kw name="Click second product in low to high" owner="JewelryResources">
<kw name="Click Link" owner="SeleniumLibrary">
<msg time="2024-07-18T16:23:58.014634" level="INFO">Clicking link 'xpath://a[text()='Black &amp; White Diamond Heart']'.</msg>
<arg>${click_product_inLowToHigh}</arg>
<doc>Clicks a link identified by ``locator``.</doc>
<status status="PASS" start="2024-07-18T16:23:58.014634" elapsed="1.559795"/>
</kw>
<status status="PASS" start="2024-07-18T16:23:58.014634" elapsed="1.560852"/>
</kw>
<kw name="Click add to cart button" owner="JewelryResources">
<kw name="Click Element" owner="SeleniumLibrary">
<msg time="2024-07-18T16:23:59.577009" level="INFO">Clicking element 'xpath://input[@id='add-to-cart-button-14']'.</msg>
<arg>${click_add_to_cart}</arg>
<doc>Click the element identified by ``locator``.</doc>
<status status="PASS" start="2024-07-18T16:23:59.575486" elapsed="0.070618"/>
</kw>
<status status="PASS" start="2024-07-18T16:23:59.575486" elapsed="0.072804"/>
</kw>
<kw name="Check whether selected product in cart" owner="JewelryResources">
<kw name="Element Text Should Be" owner="SeleniumLibrary">
<msg time="2024-07-18T16:23:59.650087" level="INFO">Verifying element 'xpath://p[@class='content']' contains exact text 'The product has been added to your shopping cart'.</msg>
<arg>${add_to_cart_notifi}</arg>
<arg>The product has been added to your shopping cart</arg>
<doc>Verifies that element ``locator`` contains exact the text ``expected``.</doc>
<status status="PASS" start="2024-07-18T16:23:59.649360" elapsed="0.392902"/>
</kw>
<status status="PASS" start="2024-07-18T16:23:59.649360" elapsed="0.399131"/>
</kw>
<kw name="Close Browser Session" owner="GenericResources" type="TEARDOWN">
<kw name="Close Browser" owner="SeleniumLibrary">
<doc>Closes the current browser.</doc>
<status status="PASS" start="2024-07-18T16:24:00.048491" elapsed="2.138673"/>
</kw>
<status status="PASS" start="2024-07-18T16:24:00.048491" elapsed="2.139139"/>
</kw>
<doc>This test case will validate that product with add to cart</doc>
<tag>smoke</tag>
<status status="PASS" start="2024-07-18T16:23:49.819338" elapsed="12.368292"/>
</test>
<test id="s1-s1-s1-t5" name="Validate the price with range" line="52">
<kw name="Open the Browser" owner="GenericResources" type="SETUP">
<kw name="Open Browser" owner="SeleniumLibrary">
<msg time="2024-07-18T16:24:02.206485" level="INFO">Opening browser 'Chrome' to base url 'https://demowebshop.tricentis.com/'.</msg>
<arg>${url}</arg>
<arg>${browser_name}</arg>
<doc>Opens a new browser instance to the optional ``url``.</doc>
<status status="PASS" start="2024-07-18T16:24:02.205968" elapsed="6.851629"/>
</kw>
<kw name="Maximize Browser Window" owner="SeleniumLibrary">
<doc>Maximizes current browser window.</doc>
<status status="PASS" start="2024-07-18T16:24:09.074996" elapsed="0.020883"/>
</kw>
<kw name="Set Selenium Implicit Wait" owner="SeleniumLibrary">
<arg>10 seconds</arg>
<doc>Sets the implicit wait value used by Selenium.</doc>
<status status="PASS" start="2024-07-18T16:24:09.096967" elapsed="0.000000"/>
</kw>
<status status="PASS" start="2024-07-18T16:24:02.204467" elapsed="6.894037"/>
</kw>
<kw name="Click the jewelry element" owner="JewelryResources">
<kw name="Click Element" owner="SeleniumLibrary">
<msg time="2024-07-18T16:24:09.099510" level="INFO">Clicking element 'xpath:(//a[@href='/jewelry'])[1]'.</msg>
<arg>${jewelry_button}</arg>
<doc>Click the element identified by ``locator``.</doc>
<status status="PASS" start="2024-07-18T16:24:09.098504" elapsed="1.057702"/>
</kw>
<status status="PASS" start="2024-07-18T16:24:09.098504" elapsed="1.058328"/>
</kw>
<kw name="Click the sort by dropdown button" owner="JewelryResources">
<kw name="Click Element" owner="SeleniumLibrary">
<msg time="2024-07-18T16:24:10.158580" level="INFO">Clicking element 'xpath://select[@id='products-orderby']'.</msg>
<arg>${click_dropdown}</arg>
<doc>Click the element identified by ``locator``.</doc>
<status status="PASS" start="2024-07-18T16:24:10.156832" elapsed="0.062636"/>
</kw>
<status status="PASS" start="2024-07-18T16:24:10.156832" elapsed="0.064533"/>
</kw>
<kw name="Click low to high option in the dropdown list" owner="JewelryResources">
<kw name="Click Element" owner="SeleniumLibrary">
<msg time="2024-07-18T16:24:10.221365" level="INFO">Clicking element 'xpath:(//select[@id='products-orderby']//option)[4]'.</msg>
<arg>${click_low_to_high}</arg>
<doc>Click the element identified by ``locator``.</doc>
<status status="PASS" start="2024-07-18T16:24:10.221365" elapsed="0.686464"/>
</kw>
<status status="PASS" start="2024-07-18T16:24:10.221365" elapsed="0.687677"/>
</kw>
<kw name="Click A to Z option in the dropdown list" owner="JewelryResources">
<kw name="Click Element" owner="SeleniumLibrary">
<msg time="2024-07-18T16:24:10.909042" level="INFO">Clicking element 'xpath:(//select[@id='products-orderby']//option)[2]'.</msg>
<arg>${click_A_to_Z_product}</arg>
<doc>Click the element identified by ``locator``.</doc>
<status status="PASS" start="2024-07-18T16:24:10.909042" elapsed="0.621228"/>
</kw>
<status status="PASS" start="2024-07-18T16:24:10.909042" elapsed="0.622279"/>
</kw>
<kw name="Click between 0 to 500 range" owner="JewelryResources">
<kw name="Click Link" owner="SeleniumLibrary">
<msg time="2024-07-18T16:24:11.531321" level="INFO">Clicking link 'xpath://a[contains(@href, 'price=0-500')]'.</msg>
<arg>${click_first_range_price}</arg>
<doc>Clicks a link identified by ``locator``.</doc>
<status status="PASS" start="2024-07-18T16:24:11.531321" elapsed="0.675090"/>
</kw>
<status status="PASS" start="2024-07-18T16:24:11.531321" elapsed="0.676286"/>
</kw>
<kw name="Close Browser Session" owner="GenericResources" type="TEARDOWN">
<kw name="Close Browser" owner="SeleniumLibrary">
<doc>Closes the current browser.</doc>
<status status="PASS" start="2024-07-18T16:24:12.207607" elapsed="2.176640"/>
</kw>
<status status="PASS" start="2024-07-18T16:24:12.207607" elapsed="2.177169"/>
</kw>
<doc>This test case will validate the price</doc>
<tag>regression</tag>
<status status="PASS" start="2024-07-18T16:24:02.202950" elapsed="12.181826"/>
</test>
<doc>To validate Profile information</doc>
<status status="PASS" start="2024-07-18T16:23:04.835766" elapsed="69.564770"/>
</suite>
<suite id="s1-s1-s2" name="MyAccountTest BackInStockSubscriptions" source="E:\EXPLEO\Expleo Project\PilotProject_DemoWebShop_Jayasuriyarepo\TestCase\MyAccountTest_BackInStockSubscriptions.robot">
<test id="s1-s1-s2-t1" name="Validate the back in stock subscriptions" line="10">
<kw name="Open the Browser" owner="GenericResources" type="SETUP">
<kw name="Open Browser" owner="SeleniumLibrary">
<msg time="2024-07-18T16:24:14.433761" level="INFO">Opening browser 'Chrome' to base url 'https://demowebshop.tricentis.com/'.</msg>
<arg>${url}</arg>
<arg>${browser_name}</arg>
<doc>Opens a new browser instance to the optional ``url``.</doc>
<status status="PASS" start="2024-07-18T16:24:14.429601" elapsed="6.842504"/>
</kw>
<kw name="Maximize Browser Window" owner="SeleniumLibrary">
<doc>Maximizes current browser window.</doc>
<status status="PASS" start="2024-07-18T16:24:21.274625" elapsed="0.034882"/>
</kw>
<kw name="Set Selenium Implicit Wait" owner="SeleniumLibrary">
<arg>10 seconds</arg>
<doc>Sets the implicit wait value used by Selenium.</doc>
<status status="PASS" start="2024-07-18T16:24:21.309507" elapsed="0.000000"/>
</kw>
<status status="PASS" start="2024-07-18T16:24:14.429601" elapsed="6.879906"/>
</kw>
<kw name="Fill login email" owner="MyAccountResources">
<kw name="Click Link" owner="SeleniumLibrary">
<msg time="2024-07-18T16:24:21.311881" level="INFO">Clicking link 'xpath=//a[text()='Log in']'.</msg>
<arg>${login}</arg>
<doc>Clicks a link identified by ``locator``.</doc>
<status status="PASS" start="2024-07-18T16:24:21.311881" elapsed="0.928917"/>
</kw>
<kw name="Input Text" owner="SeleniumLibrary">
<msg time="2024-07-18T16:24:22.243525" level="INFO">Typing text 'narayanasamy04082002@gmail.com' into text field 'xpath://input[@id='Email']'.</msg>
<arg>${login_email}</arg>
<arg>narayanasamy04082002@gmail.com</arg>
<doc>Types the given ``text`` into the text field identified by ``locator``.</doc>
<status status="PASS" start="2024-07-18T16:24:22.242514" elapsed="0.117968"/>
</kw>
<kw name="Input Text" owner="SeleniumLibrary">
<msg time="2024-07-18T16:24:22.365232" level="INFO">Typing text 'narayana' into text field 'xpath://input[@id='Password']'.</msg>
<arg>${login_pass}</arg>
<arg>narayana</arg>
<doc>Types the given ``text`` into the text field identified by ``locator``.</doc>
<status status="PASS" start="2024-07-18T16:24:22.364577" elapsed="0.110607"/>
</kw>
<kw name="Click Button" owner="SeleniumLibrary">
<msg time="2024-07-18T16:24:22.476401" level="INFO">Clicking button 'xpath=//input[@class='button-1 login-button']'.</msg>
<arg>${login_btn}</arg>
<doc>Clicks the button identified by ``locator``.</doc>
<status status="PASS" start="2024-07-18T16:24:22.476401" elapsed="1.077190"/>
</kw>
<status status="PASS" start="2024-07-18T16:24:21.311881" elapsed="2.243260"/>
</kw>
<kw name="Click account" owner="MyAccountResources">
<kw name="Click Link" owner="SeleniumLibrary">
<msg time="2024-07-18T16:24:23.557371" level="INFO">Clicking link 'xpath:(//li/a)[1]'.</msg>
<arg>${clickaccount}</arg>
<doc>Clicks a link identified by ``locator``.</doc>
<status status="PASS" start="2024-07-18T16:24:23.556351" elapsed="0.703842"/>
</kw>
<status status="PASS" start="2024-07-18T16:24:23.556351" elapsed="0.705490"/>
</kw>
<kw name="Click the back in stock subscriptions button" owner="MyAccountResources">
<kw name="Click Element" owner="SeleniumLibrary">
<msg time="2024-07-18T16:24:24.263847" level="INFO">Clicking element 'xpath://a[text()='Back in stock subscriptions']'.</msg>
<arg>${back_in_subscription}</arg>
<doc>Click the element identified by ``locator``.</doc>
<status status="PASS" start="2024-07-18T16:24:24.261841" elapsed="0.592000"/>
</kw>
<status status="PASS" start="2024-07-18T16:24:24.261841" elapsed="0.594836"/>
</kw>
<kw name="Close All Browsers" owner="SeleniumLibrary" type="TEARDOWN">
<doc>Closes all open browsers and resets the browser cache.</doc>
<status status="PASS" start="2024-07-18T16:24:24.856677" elapsed="6.261282"/>
</kw>
<status status="PASS" start="2024-07-18T16:24:14.429601" elapsed="16.688358"/>
</test>
<doc>To validate back in stock subscriptions</doc>
<status status="PASS" start="2024-07-18T16:24:14.412602" elapsed="16.711960"/>
</suite>
<suite id="s1-s1-s3" name="MyAccountTest ChangePassword" source="E:\EXPLEO\Expleo Project\PilotProject_DemoWebShop_Jayasuriyarepo\TestCase\MyAccountTest_ChangePassword.robot">
<test id="s1-s1-s3-t1" name="Validate the change password" line="11">
<kw name="Open the Browser" owner="GenericResources" type="SETUP">
<kw name="Open Browser" owner="SeleniumLibrary">
<msg time="2024-07-18T16:24:31.138340" level="INFO">Opening browser 'Chrome' to base url 'https://demowebshop.tricentis.com/'.</msg>
<arg>${url}</arg>
<arg>${browser_name}</arg>
<doc>Opens a new browser instance to the optional ``url``.</doc>
<status status="PASS" start="2024-07-18T16:24:31.138340" elapsed="8.423489"/>
</kw>
<kw name="Maximize Browser Window" owner="SeleniumLibrary">
<doc>Maximizes current browser window.</doc>
<status status="PASS" start="2024-07-18T16:24:39.565829" elapsed="0.023995"/>
</kw>
<kw name="Set Selenium Implicit Wait" owner="SeleniumLibrary">
<arg>10 seconds</arg>
<doc>Sets the implicit wait value used by Selenium.</doc>
<status status="PASS" start="2024-07-18T16:24:39.589824" elapsed="0.004006"/>
</kw>
<status status="PASS" start="2024-07-18T16:24:31.138340" elapsed="8.456049"/>
</kw>
<kw name="Fill login email" owner="MyAccountResources">
<kw name="Click Link" owner="SeleniumLibrary">
<msg time="2024-07-18T16:24:39.594919" level="INFO">Clicking link 'xpath=//a[text()='Log in']'.</msg>
<arg>${login}</arg>
<doc>Clicks a link identified by ``locator``.</doc>
<status status="PASS" start="2024-07-18T16:24:39.594919" elapsed="0.599663"/>
</kw>
<kw name="Input Text" owner="SeleniumLibrary">
<msg time="2024-07-18T16:24:40.197474" level="INFO">Typing text 'narayanasamy04082002@gmail.com' into text field 'xpath://input[@id='Email']'.</msg>
<arg>${login_email}</arg>
<arg>narayanasamy04082002@gmail.com</arg>
<doc>Types the given ``text`` into the text field identified by ``locator``.</doc>
<status status="PASS" start="2024-07-18T16:24:40.195983" elapsed="0.128741"/>
</kw>
<kw name="Input Text" owner="SeleniumLibrary">
<msg time="2024-07-18T16:24:40.329294" level="INFO">Typing text 'narayana' into text field 'xpath://input[@id='Password']'.</msg>
<arg>${login_pass}</arg>
<arg>narayana</arg>
<doc>Types the given ``text`` into the text field identified by ``locator``.</doc>
<status status="PASS" start="2024-07-18T16:24:40.329294" elapsed="0.115424"/>
</kw>
<kw name="Click Button" owner="SeleniumLibrary">
<msg time="2024-07-18T16:24:40.447642" level="INFO">Clicking button 'xpath=//input[@class='button-1 login-button']'.</msg>
<arg>${login_btn}</arg>
<doc>Clicks the button identified by ``locator``.</doc>
<status status="PASS" start="2024-07-18T16:24:40.445774" elapsed="1.090870"/>
</kw>
<status status="PASS" start="2024-07-18T16:24:39.594389" elapsed="1.949537"/>
</kw>
<kw name="Click account" owner="MyAccountResources">
<kw name="Click Link" owner="SeleniumLibrary">
<msg time="2024-07-18T16:24:41.545798" level="INFO">Clicking link 'xpath:(//li/a)[1]'.</msg>
<arg>${clickaccount}</arg>
<doc>Clicks a link identified by ``locator``.</doc>
<status status="PASS" start="2024-07-18T16:24:41.545470" elapsed="0.574404"/>
</kw>
<status status="PASS" start="2024-07-18T16:24:41.544441" elapsed="0.575433"/>
</kw>
<kw name="Click change password button" owner="MyAccountResources">
<kw name="Click Element" owner="SeleniumLibrary">
<msg time="2024-07-18T16:24:42.119874" level="INFO">Clicking element 'xpath://a[text()='Change password']'.</msg>
<arg>${change_password_path}</arg>
<doc>Click the element identified by ``locator``.</doc>
<status status="PASS" start="2024-07-18T16:24:42.119874" elapsed="0.601700"/>
</kw>
<status status="PASS" start="2024-07-18T16:24:42.119874" elapsed="0.603829"/>
</kw>
<kw name="Enter old password in the old password field" owner="MyAccountResources">
<kw name="Input Text" owner="SeleniumLibrary">
<msg time="2024-07-18T16:24:42.724717" level="INFO">Typing text 'narayana' into text field 'xpath://input[@id='OldPassword']'.</msg>
<arg>${old_password_path}</arg>
<arg>narayana</arg>
<doc>Types the given ``text`` into the text field identified by ``locator``.</doc>
<status status="PASS" start="2024-07-18T16:24:42.724717" elapsed="0.104299"/>
</kw>
<status status="PASS" start="2024-07-18T16:24:42.723703" elapsed="0.109825"/>
</kw>
<kw name="Enter new password in the new password field" owner="MyAccountResources">
<kw name="Input Text" owner="SeleniumLibrary">
<msg time="2024-07-18T16:24:42.835440" level="INFO">Typing text 'narayana' into text field 'xpath://input[@id='NewPassword']'.</msg>
<arg>${new_password_path}</arg>
<arg>narayana</arg>
<doc>Types the given ``text`` into the text field identified by ``locator``.</doc>
<status status="PASS" start="2024-07-18T16:24:42.834852" elapsed="0.111082"/>
</kw>
<status status="PASS" start="2024-07-18T16:24:42.833528" elapsed="0.112406"/>
</kw>
<kw name="Enter confirm password in the confirm password field" owner="MyAccountResources">
<kw name="Input Text" owner="SeleniumLibrary">
<msg time="2024-07-18T16:24:42.945934" level="INFO">Typing text 'narayana' into text field 'xpath://input[@id='ConfirmNewPassword']'.</msg>
<arg>${confirm_new_password_path}</arg>
<arg>narayana</arg>
<doc>Types the given ``text`` into the text field identified by ``locator``.</doc>
<status status="PASS" start="2024-07-18T16:24:42.945934" elapsed="0.107806"/>
</kw>
<status status="PASS" start="2024-07-18T16:24:42.945934" elapsed="0.110029"/>
</kw>
<kw name="Click change password button" owner="MyAccountResources">
<kw name="Click Element" owner="SeleniumLibrary">
<msg time="2024-07-18T16:24:43.057435" level="INFO">Clicking element 'xpath://a[text()='Change password']'.</msg>
<arg>${change_password_path}</arg>
<doc>Click the element identified by ``locator``.</doc>
<status status="PASS" start="2024-07-18T16:24:43.057435" elapsed="0.629883"/>
</kw>
<status status="PASS" start="2024-07-18T16:24:43.057435" elapsed="0.633956"/>
</kw>
<kw name="Close All Browsers" owner="SeleniumLibrary" type="TEARDOWN">
<doc>Closes all open browsers and resets the browser cache.</doc>
<status status="PASS" start="2024-07-18T16:24:43.691391" elapsed="6.223048"/>
</kw>
<status status="PASS" start="2024-07-18T16:24:31.136203" elapsed="18.778236"/>
</test>
<doc>To validate change password functionality</doc>
<status status="PASS" start="2024-07-18T16:24:31.127767" elapsed="18.791677"/>
</suite>
<suite id="s1-s1-s4" name="MyAccountTest CustomerAddress" source="E:\EXPLEO\Expleo Project\PilotProject_DemoWebShop_Jayasuriyarepo\TestCase\MyAccountTest_CustomerAddress.robot">
<test id="s1-s1-s4-t1" name="Validate the Customer Address" line="22">
<kw name="Open the Browser" owner="GenericResources" type="SETUP">
<kw name="Open Browser" owner="SeleniumLibrary">
<msg time="2024-07-18T16:24:51.570402" level="INFO">Opening browser 'Chrome' to base url 'https://demowebshop.tricentis.com/'.</msg>
<arg>${url}</arg>
<arg>${browser_name}</arg>
<doc>Opens a new browser instance to the optional ``url``.</doc>
<status status="PASS" start="2024-07-18T16:24:51.570402" elapsed="9.313512"/>
</kw>
<kw name="Maximize Browser Window" owner="SeleniumLibrary">
<doc>Maximizes current browser window.</doc>
<status status="PASS" start="2024-07-18T16:25:00.887045" elapsed="0.028714"/>
</kw>
<kw name="Set Selenium Implicit Wait" owner="SeleniumLibrary">
<arg>10 seconds</arg>
<doc>Sets the implicit wait value used by Selenium.</doc>
<status status="PASS" start="2024-07-18T16:25:00.917463" elapsed="0.001516"/>
</kw>
<status status="PASS" start="2024-07-18T16:24:51.570402" elapsed="9.348577"/>
</kw>
<kw name="Validate the Customer Address">
<kw name="Fill login email" owner="MyAccountResources">
<kw name="Click Link" owner="SeleniumLibrary">
<msg time="2024-07-18T16:25:00.921998" level="INFO">Clicking link 'xpath=//a[text()='Log in']'.</msg>
<arg>${login}</arg>
<doc>Clicks a link identified by ``locator``.</doc>
<status status="PASS" start="2024-07-18T16:25:00.918979" elapsed="0.591237"/>
</kw>
<kw name="Input Text" owner="SeleniumLibrary">
<msg time="2024-07-18T16:25:01.513798" level="INFO">Typing text 'narayanasamy04082002@gmail.com' into text field 'xpath://input[@id='Email']'.</msg>
<arg>${login_email}</arg>
<arg>narayanasamy04082002@gmail.com</arg>
<doc>Types the given ``text`` into the text field identified by ``locator``.</doc>
<status status="PASS" start="2024-07-18T16:25:01.513798" elapsed="0.127088"/>
</kw>
<kw name="Input Text" owner="SeleniumLibrary">
<msg time="2024-07-18T16:25:01.642672" level="INFO">Typing text 'narayana' into text field 'xpath://input[@id='Password']'.</msg>
<arg>${login_pass}</arg>
<arg>narayana</arg>
<doc>Types the given ``text`` into the text field identified by ``locator``.</doc>
<status status="PASS" start="2024-07-18T16:25:01.642672" elapsed="0.113459"/>
</kw>
<kw name="Click Button" owner="SeleniumLibrary">
<msg time="2024-07-18T16:25:01.757907" level="INFO">Clicking button 'xpath=//input[@class='button-1 login-button']'.</msg>
<arg>${login_btn}</arg>
<doc>Clicks the button identified by ``locator``.</doc>
<status status="PASS" start="2024-07-18T16:25:01.757907" elapsed="1.686730"/>
</kw>
<status status="PASS" start="2024-07-18T16:25:00.918979" elapsed="2.527677"/>
</kw>
<kw name="Click account" owner="MyAccountResources">
<kw name="Click Link" owner="SeleniumLibrary">
<msg time="2024-07-18T16:25:03.448391" level="INFO">Clicking link 'xpath:(//li/a)[1]'.</msg>
<arg>${clickaccount}</arg>
<doc>Clicks a link identified by ``locator``.</doc>
<status status="PASS" start="2024-07-18T16:25:03.448391" elapsed="0.609079"/>
</kw>
<status status="PASS" start="2024-07-18T16:25:03.448391" elapsed="0.609079"/>
</kw>
<kw name="Click the addresses button" owner="MyAccountResources">
<kw name="Click Element" owner="SeleniumLibrary">
<msg time="2024-07-18T16:25:04.057470" level="INFO">Clicking element 'xpath:(//a[text()='Addresses'])[1]'.</msg>
<arg>${addresses_path}</arg>
<doc>Click the element identified by ``locator``.</doc>
<status status="PASS" start="2024-07-18T16:25:04.057470" elapsed="9.972103"/>
</kw>
<status status="PASS" start="2024-07-18T16:25:04.057470" elapsed="9.974220"/>
</kw>
<kw name="Click new address button in the address page" owner="MyAccountResources">
<kw name="Click Button" owner="SeleniumLibrary">
<msg time="2024-07-18T16:25:14.032777" level="INFO">Clicking button 'css:input[class='button-1 add-address-button']'.</msg>
<arg>${click_button_path}</arg>
<doc>Clicks the button identified by ``locator``.</doc>
<status status="PASS" start="2024-07-18T16:25:14.032777" elapsed="0.779352"/>
</kw>
<status status="PASS" start="2024-07-18T16:25:14.031690" elapsed="0.780439"/>
</kw>
<kw name="Check whether the Add new address is visible" owner="MyAccountResources">
<kw name="Click Element" owner="SeleniumLibrary">
<msg time="2024-07-18T16:25:14.813635" level="INFO">Clicking element 'xpath://input[@id='Address_City']'.</msg>
<arg>${add_city}</arg>
<doc>Click the element identified by ``locator``.</doc>
<status status="PASS" start="2024-07-18T16:25:14.813635" elapsed="0.069252"/>
</kw>
<status status="PASS" start="2024-07-18T16:25:14.813635" elapsed="0.070768"/>
</kw>
<kw name="Enter the first name in the company field" owner="MyAccountResources">
<kw name="Input Text" owner="SeleniumLibrary">
<msg time="2024-07-18T16:25:14.886393" level="INFO">Typing text 'narayana' into text field 'xpath://input[@id='Address_FirstName']'.</msg>
<arg>${add_firstname}</arg>
<arg>${firstname1}</arg>
<doc>Types the given ``text`` into the text field identified by ``locator``.</doc>
<status status="PASS" start="2024-07-18T16:25:14.886393" elapsed="0.094679"/>
</kw>
<arg>${_firstname}</arg>
<status status="PASS" start="2024-07-18T16:25:14.886393" elapsed="0.097262"/>
</kw>
<kw name="Enter the last name in the company field" owner="MyAccountResources">
<kw name="Input Text" owner="SeleniumLibrary">
<msg time="2024-07-18T16:25:14.984670" level="INFO">Typing text 'samy' into text field 'xpath://input[@id='Address_LastName']'.</msg>
<arg>${add_lastname}</arg>
<arg>${lastname1}</arg>
<doc>Types the given ``text`` into the text field identified by ``locator``.</doc>
<status status="PASS" start="2024-07-18T16:25:14.984670" elapsed="0.095975"/>
</kw>
<arg>${_lastname}</arg>
<status status="PASS" start="2024-07-18T16:25:14.983655" elapsed="0.096990"/>
</kw>
<kw name="Enter the email in the company field" owner="MyAccountResources">
<kw name="Input Text" owner="SeleniumLibrary">
<msg time="2024-07-18T16:25:15.083881" level="INFO">Typing text 'narayanasamy04082002@gmail.com' into text field 'xpath://input[@id='Address_Email']'.</msg>
<arg>${add_email}</arg>
<arg>${email1}</arg>
<doc>Types the given ``text`` into the text field identified by ``locator``.</doc>
<status status="PASS" start="2024-07-18T16:25:15.080645" elapsed="0.114105"/>
</kw>
<arg>${_email}</arg>
<status status="PASS" start="2024-07-18T16:25:15.080645" elapsed="0.115707"/>
</kw>
<kw name="Enter company in the company field" owner="MyAccountResources">
<kw name="Input Text" owner="SeleniumLibrary">
<msg time="2024-07-18T16:25:15.196352" level="INFO">Typing text 'expleo' into text field 'xpath://input[@id='Address_Company']'.</msg>
<arg>${add_company}</arg>
<arg>${company}</arg>
<doc>Types the given ``text`` into the text field identified by ``locator``.</doc>
<status status="PASS" start="2024-07-18T16:25:15.196352" elapsed="0.111596"/>
</kw>
<arg>${_company}</arg>
<status status="PASS" start="2024-07-18T16:25:15.196352" elapsed="0.115774"/>
</kw>
<kw name="Click country in the dropdown" owner="MyAccountResources">
<kw name="Click Element" owner="SeleniumLibrary">
<msg time="2024-07-18T16:25:15.313631" level="INFO">Clicking element 'xpath://select[@id='Address_CountryId']'.</msg>
<arg>${add_country}</arg>
<doc>Click the element identified by ``locator``.</doc>
<status status="PASS" start="2024-07-18T16:25:15.312126" elapsed="0.077464"/>
</kw>
<status status="PASS" start="2024-07-18T16:25:15.312126" elapsed="0.077464"/>
</kw>
<kw name="Select country in the dropdown" owner="MyAccountResources">
<kw name="Click Element" owner="SeleniumLibrary">
<msg time="2024-07-18T16:25:15.389590" level="INFO">Clicking element 'xpath://option[@value='41']'.</msg>
<arg>${select_country}</arg>
<doc>Click the element identified by ``locator``.</doc>
<status status="PASS" start="2024-07-18T16:25:15.389590" elapsed="0.056410"/>
</kw>
<status status="PASS" start="2024-07-18T16:25:15.389590" elapsed="0.057416"/>
</kw>
<kw name="Enter city in the city text field" owner="MyAccountResources">
<kw name="Input Text" owner="SeleniumLibrary">
<msg time="2024-07-18T16:25:15.447006" level="INFO">Typing text 'salem' into text field 'xpath://input[@id='Address_City']'.</msg>
<arg>${add_city}</arg>
<arg>${city}</arg>
<doc>Types the given ``text`` into the text field identified by ``locator``.</doc>
<status status="PASS" start="2024-07-18T16:25:15.447006" elapsed="0.094853"/>
</kw>
<arg>${_city}</arg>
<status status="PASS" start="2024-07-18T16:25:15.447006" elapsed="0.096864"/>
</kw>
<kw name="Enter address1 in the address field" owner="MyAccountResources">
<kw name="Input Text" owner="SeleniumLibrary">
<msg time="2024-07-18T16:25:15.544419" level="INFO">Typing text '2-25 erusa street' into text field 'xpath://input[@id='Address_Address1']'.</msg>
<arg>${add_address}</arg>
<arg>${address}</arg>
<doc>Types the given ``text`` into the text field identified by ``locator``.</doc>
<status status="PASS" start="2024-07-18T16:25:15.544419" elapsed="0.111930"/>
</kw>
<arg>${_address}</arg>
<status status="PASS" start="2024-07-18T16:25:15.544419" elapsed="0.112954"/>
</kw>
<kw name="Enter zip or postal number in the field" owner="MyAccountResources">
<kw name="Input Text" owner="SeleniumLibrary">
<msg time="2024-07-18T16:25:15.657373" level="INFO">Typing text '123456' into text field 'xpath://input[@id='Address_ZipPostalCode']'.</msg>
<arg>${add_zip}</arg>
<arg>${zip}</arg>
<doc>Types the given ``text`` into the text field identified by ``locator``.</doc>
<status status="PASS" start="2024-07-18T16:25:15.657373" elapsed="0.099680"/>
</kw>
<arg>${_zip}</arg>
<status status="PASS" start="2024-07-18T16:25:15.657373" elapsed="0.103236"/>
</kw>
<kw name="Enter phone number in the phone number field" owner="MyAccountResources">
<kw name="Input Text" owner="SeleniumLibrary">
<msg time="2024-07-18T16:25:15.760609" level="INFO">Typing text '7766554433' into text field 'xpath://input[@id='Address_PhoneNumber']'.</msg>
<arg>${add_phonenumber}</arg>
<arg>${phone}</arg>
<doc>Types the given ``text`` into the text field identified by ``locator``.</doc>
<status status="PASS" start="2024-07-18T16:25:15.760609" elapsed="0.101296"/>
</kw>
<arg>${_phone}</arg>
<status status="PASS" start="2024-07-18T16:25:15.760609" elapsed="0.101296"/>
</kw>
<kw name="Click save button" owner="MyAccountResources">
<kw name="Click Button" owner="SeleniumLibrary">
<msg time="2024-07-18T16:25:15.863914" level="INFO">Clicking button 'xpath://input[@value='Save']'.</msg>
<arg>${save_path}</arg>
<doc>Clicks the button identified by ``locator``.</doc>
<status status="PASS" start="2024-07-18T16:25:15.863914" elapsed="5.765343"/>
</kw>
<status status="PASS" start="2024-07-18T16:25:15.861905" elapsed="5.770490"/>
</kw>
<arg>_firstname=narayana</arg>
<arg>_lastname=samy</arg>
<arg>_email=narayanasamy04082002@gmail.com</arg>
<arg>_company=expleo</arg>
<arg>_city=salem</arg>
<arg>_address=2-25 erusa street</arg>
<arg>_zip=123456</arg>
<arg>_phone=7766554433</arg>
<doc>This test case will validate the customer address</doc>
<status status="PASS" start="2024-07-18T16:25:00.918979" elapsed="20.713416"/>
</kw>
<kw name="Close All Browsers" owner="SeleniumLibrary" type="TEARDOWN">
<doc>Closes all open browsers and resets the browser cache.</doc>
<status status="PASS" start="2024-07-18T16:25:21.632395" elapsed="6.244764"/>
</kw>
<status status="PASS" start="2024-07-18T16:24:51.569386" elapsed="36.307773"/>
</test>
<doc>To validate customer address information</doc>
<status status="PASS" start="2024-07-18T16:24:49.925450" elapsed="37.959422"/>
</suite>
<suite id="s1-s1-s5" name="MyAccountTest EditCustomerAddress" source="E:\EXPLEO\Expleo Project\PilotProject_DemoWebShop_Jayasuriyarepo\TestCase\MyAccountTest_EditCustomerAddress.robot">
<test id="s1-s1-s5-t1" name="Validate that edit the customer address" line="15">
<kw name="Open the Browser" owner="GenericResources" type="SETUP">
<kw name="Open Browser" owner="SeleniumLibrary">
<msg time="2024-07-18T16:25:27.959909" level="INFO">Opening browser 'Chrome' to base url 'https://demowebshop.tricentis.com/'.</msg>
<arg>${url}</arg>
<arg>${browser_name}</arg>
<doc>Opens a new browser instance to the optional ``url``.</doc>
<status status="PASS" start="2024-07-18T16:25:27.959909" elapsed="7.144818"/>
</kw>
<kw name="Maximize Browser Window" owner="SeleniumLibrary">
<doc>Maximizes current browser window.</doc>
<status status="PASS" start="2024-07-18T16:25:35.110184" elapsed="0.031087"/>
</kw>
<kw name="Set Selenium Implicit Wait" owner="SeleniumLibrary">
<arg>10 seconds</arg>
<doc>Sets the implicit wait value used by Selenium.</doc>
<status status="PASS" start="2024-07-18T16:25:35.144021" elapsed="0.000525"/>
</kw>
<status status="PASS" start="2024-07-18T16:25:27.959909" elapsed="7.184637"/>
</kw>
<kw name="Validate that edit the customer address">
<kw name="Fill login email" owner="MyAccountResources">
<kw name="Click Link" owner="SeleniumLibrary">
<msg time="2024-07-18T16:25:35.146888" level="INFO">Clicking link 'xpath=//a[text()='Log in']'.</msg>
<arg>${login}</arg>
<doc>Clicks a link identified by ``locator``.</doc>
<status status="PASS" start="2024-07-18T16:25:35.144546" elapsed="0.593411"/>
</kw>
<kw name="Input Text" owner="SeleniumLibrary">
<msg time="2024-07-18T16:25:35.744507" level="INFO">Typing text 'narayanasamy04082002@gmail.com' into text field 'xpath://input[@id='Email']'.</msg>
<arg>${login_email}</arg>
<arg>narayanasamy04082002@gmail.com</arg>
<doc>Types the given ``text`` into the text field identified by ``locator``.</doc>
<status status="PASS" start="2024-07-18T16:25:35.744507" elapsed="0.121221"/>
</kw>
<kw name="Input Text" owner="SeleniumLibrary">
<msg time="2024-07-18T16:25:35.867201" level="INFO">Typing text 'narayana' into text field 'xpath://input[@id='Password']'.</msg>
<arg>${login_pass}</arg>
<arg>narayana</arg>
<doc>Types the given ``text`` into the text field identified by ``locator``.</doc>
<status status="PASS" start="2024-07-18T16:25:35.867201" elapsed="0.107348"/>
</kw>
<kw name="Click Button" owner="SeleniumLibrary">
<msg time="2024-07-18T16:25:35.987839" level="INFO">Clicking button 'xpath=//input[@class='button-1 login-button']'.</msg>
<arg>${login_btn}</arg>
<doc>Clicks the button identified by ``locator``.</doc>
<status status="PASS" start="2024-07-18T16:25:35.985111" elapsed="1.034261"/>
</kw>
<status status="PASS" start="2024-07-18T16:25:35.144546" elapsed="1.876069"/>
</kw>
<kw name="Click account" owner="MyAccountResources">
<kw name="Click Link" owner="SeleniumLibrary">
<msg time="2024-07-18T16:25:37.020615" level="INFO">Clicking link 'xpath:(//li/a)[1]'.</msg>
<arg>${clickaccount}</arg>
<doc>Clicks a link identified by ``locator``.</doc>
<status status="PASS" start="2024-07-18T16:25:37.020615" elapsed="0.702155"/>
</kw>
<status status="PASS" start="2024-07-18T16:25:37.020615" elapsed="0.704050"/>
</kw>
<kw name="Click the addresses button" owner="MyAccountResources">
<kw name="Click Element" owner="SeleniumLibrary">
<msg time="2024-07-18T16:25:37.724665" level="INFO">Clicking element 'xpath:(//a[text()='Addresses'])[1]'.</msg>
<arg>${addresses_path}</arg>
<doc>Click the element identified by ``locator``.</doc>
<status status="PASS" start="2024-07-18T16:25:37.724665" elapsed="5.111372"/>
</kw>
<status status="PASS" start="2024-07-18T16:25:37.724665" elapsed="5.116473"/>
</kw>
<kw name="Click edit button in the address page" owner="MyAccountResources">
<kw name="Click Button" owner="SeleniumLibrary">
<msg time="2024-07-18T16:25:42.841138" level="INFO">Clicking button 'xpath:(//input[@value='Edit'])[1]'.</msg>
<arg>${edit_button}</arg>
<doc>Clicks the button identified by ``locator``.</doc>
<status status="PASS" start="2024-07-18T16:25:42.841138" elapsed="0.753492"/>
</kw>
<status status="PASS" start="2024-07-18T16:25:42.841138" elapsed="0.765508"/>
</kw>
<kw name="Enter address1 in the address field" owner="MyAccountResources">
<kw name="Input Text" owner="SeleniumLibrary">
<msg time="2024-07-18T16:25:43.608657" level="INFO">Typing text '2-25 erusa street' into text field 'xpath://input[@id='Address_Address1']'.</msg>
<arg>${add_address}</arg>
<arg>${address}</arg>
<doc>Types the given ``text`` into the text field identified by ``locator``.</doc>
<status status="PASS" start="2024-07-18T16:25:43.608657" elapsed="0.117521"/>
</kw>
<arg>${_address}</arg>
<status status="PASS" start="2024-07-18T16:25:43.606646" elapsed="0.122717"/>
</kw>
<kw name="Click save button" owner="MyAccountResources">
<kw name="Click Button" owner="SeleniumLibrary">
<msg time="2024-07-18T16:25:43.729363" level="INFO">Clicking button 'xpath://input[@value='Save']'.</msg>
<arg>${save_path}</arg>
<doc>Clicks the button identified by ``locator``.</doc>
<status status="PASS" start="2024-07-18T16:25:43.729363" elapsed="5.696273"/>
</kw>
<status status="PASS" start="2024-07-18T16:25:43.729363" elapsed="5.700805"/>
</kw>
<arg>_address=2-25 erusa street</arg>
<status status="PASS" start="2024-07-18T16:25:35.144546" elapsed="14.285622"/>
</kw>
<kw name="Close All Browsers" owner="SeleniumLibrary" type="TEARDOWN">
<doc>Closes all open browsers and resets the browser cache.</doc>
<status status="PASS" start="2024-07-18T16:25:49.431190" elapsed="6.292822"/>
</kw>
<status status="PASS" start="2024-07-18T16:25:27.959909" elapsed="27.765990"/>
</test>
<doc>To validate editing customer address</doc>
<status status="PASS" start="2024-07-18T16:25:27.887369" elapsed="27.847221"/>
</suite>
<suite id="s1-s1-s6" name="MyAccountTest Login" source="E:\EXPLEO\Expleo Project\PilotProject_DemoWebShop_Jayasuriyarepo\TestCase\MyAccountTest_Login.robot">
<test id="s1-s1-s6-t1" name="Validate MyAccount Information" line="17">
<kw name="Open the Browser" owner="GenericResources" type="SETUP">
<kw name="Open Browser" owner="SeleniumLibrary">
<msg time="2024-07-18T16:25:55.800505" level="INFO">Opening browser 'Chrome' to base url 'https://demowebshop.tricentis.com/'.</msg>
<arg>${url}</arg>
<arg>${browser_name}</arg>
<doc>Opens a new browser instance to the optional ``url``.</doc>
<status status="PASS" start="2024-07-18T16:25:55.799011" elapsed="6.943385"/>
</kw>
<kw name="Maximize Browser Window" owner="SeleniumLibrary">
<doc>Maximizes current browser window.</doc>
<status status="PASS" start="2024-07-18T16:26:02.743901" elapsed="0.021253"/>
</kw>
<kw name="Set Selenium Implicit Wait" owner="SeleniumLibrary">
<arg>10 seconds</arg>
<doc>Sets the implicit wait value used by Selenium.</doc>
<status status="PASS" start="2024-07-18T16:26:02.766168" elapsed="0.001006"/>
</kw>
<status status="PASS" start="2024-07-18T16:25:55.799011" elapsed="6.968163"/>
</kw>
<kw name="Validate the MyAccount information">
<kw name="Fill login email" owner="MyAccountResources">
<kw name="Click Link" owner="SeleniumLibrary">
<msg time="2024-07-18T16:26:02.769324" level="INFO">Clicking link 'xpath=//a[text()='Log in']'.</msg>
<arg>${login}</arg>
<doc>Clicks a link identified by ``locator``.</doc>
<status status="PASS" start="2024-07-18T16:26:02.767174" elapsed="0.625604"/>
</kw>
<kw name="Input Text" owner="SeleniumLibrary">
<msg time="2024-07-18T16:26:03.394830" level="INFO">Typing text 'narayanasamy04082002@gmail.com' into text field 'xpath://input[@id='Email']'.</msg>
<arg>${login_email}</arg>
<arg>narayanasamy04082002@gmail.com</arg>
<doc>Types the given ``text`` into the text field identified by ``locator``.</doc>
<status status="PASS" start="2024-07-18T16:26:03.394830" elapsed="0.122919"/>
</kw>
<kw name="Input Text" owner="SeleniumLibrary">
<msg time="2024-07-18T16:26:03.519727" level="INFO">Typing text 'narayana' into text field 'xpath://input[@id='Password']'.</msg>
<arg>${login_pass}</arg>
<arg>narayana</arg>
<doc>Types the given ``text`` into the text field identified by ``locator``.</doc>
<status status="PASS" start="2024-07-18T16:26:03.519727" elapsed="0.112441"/>
</kw>
<kw name="Click Button" owner="SeleniumLibrary">
<msg time="2024-07-18T16:26:03.644730" level="INFO">Clicking button 'xpath=//input[@class='button-1 login-button']'.</msg>
<arg>${login_btn}</arg>
<doc>Clicks the button identified by ``locator``.</doc>
<status status="PASS" start="2024-07-18T16:26:03.643690" elapsed="1.053009"/>
</kw>
<status status="PASS" start="2024-07-18T16:26:02.767174" elapsed="1.931309"/>
</kw>
<kw name="Click account" owner="MyAccountResources">
<kw name="Click Link" owner="SeleniumLibrary">
<msg time="2024-07-18T16:26:04.700633" level="INFO">Clicking link 'xpath:(//li/a)[1]'.</msg>
<arg>${clickaccount}</arg>
<doc>Clicks a link identified by ``locator``.</doc>
<status status="PASS" start="2024-07-18T16:26:04.700633" elapsed="0.640402"/>
</kw>
<status status="PASS" start="2024-07-18T16:26:04.700633" elapsed="0.641742"/>
</kw>
<kw name="Click the gender in checkbox field" owner="MyAccountResources">
<kw name="Click Element" owner="SeleniumLibrary">
<msg time="2024-07-18T16:26:05.344394" level="INFO">Clicking element 'xpath://input[@id='gender-male']'.</msg>
<arg>${gender_male_path}</arg>
<doc>Click the element identified by ``locator``.</doc>
<status status="PASS" start="2024-07-18T16:26:05.343881" elapsed="0.066720"/>
</kw>
<status status="PASS" start="2024-07-18T16:26:05.342375" elapsed="0.068226"/>
</kw>
<kw name="Enter first name in the firstname field" owner="MyAccountResources">
<kw name="Input Text" owner="SeleniumLibrary">
<msg time="2024-07-18T16:26:05.413737" level="INFO">Typing text 'narayana' into text field 'xpath://input[@id='FirstName']'.</msg>
<arg>${firstname_path}</arg>
<arg>${firstname}</arg>
<doc>Types the given ``text`` into the text field identified by ``locator``.</doc>
<status status="PASS" start="2024-07-18T16:26:05.413190" elapsed="0.098344"/>
</kw>
<arg>${_firstname}</arg>
<status status="PASS" start="2024-07-18T16:26:05.410601" elapsed="0.111003"/>
</kw>
<kw name="Enter last name in the lastname field" owner="MyAccountResources">
<kw name="Input Text" owner="SeleniumLibrary">
<msg time="2024-07-18T16:26:05.522860" level="INFO">Typing text 'samy' into text field 'xpath://input[@id='LastName']'.</msg>
<arg>${lastname_path}</arg>
<arg>${lastname}</arg>
<doc>Types the given ``text`` into the text field identified by ``locator``.</doc>
<status status="PASS" start="2024-07-18T16:26:05.522860" elapsed="0.091727"/>
</kw>
<kw name="Input Password" owner="SeleniumLibrary">
<msg time="2024-07-18T16:26:05.617985" level="INFO">Typing password into text field 'xpath://input[@id='LastName']'.</msg>
<msg time="2024-07-18T16:26:05.653752" level="INFO">Temporally setting log level to: NONE</msg>
<arg>${lastname_path}</arg>
<arg>${lastname}</arg>
<doc>Types the given password into the text field identified by ``locator``.</doc>
<status status="PASS" start="2024-07-18T16:26:05.616861" elapsed="0.084554"/>
</kw>
<arg>${_lastname}</arg>
<status status="PASS" start="2024-07-18T16:26:05.521604" elapsed="0.182907"/>
</kw>
<kw name="Enter email id in the email field" owner="MyAccountResources">
<kw name="Input Text" owner="SeleniumLibrary">
<msg time="2024-07-18T16:26:05.705800" level="INFO">Typing text 'narayanasamy04082002@gmail.com' into text field 'xpath://input[@id='Email']'.</msg>
<arg>${email_path}</arg>
<arg>${email}</arg>
<doc>Types the given ``text`` into the text field identified by ``locator``.</doc>
<status status="PASS" start="2024-07-18T16:26:05.704511" elapsed="0.106014"/>
</kw>
<arg>${_email}</arg>
<status status="PASS" start="2024-07-18T16:26:05.704511" elapsed="0.110175"/>
</kw>
<kw name="Click save button" owner="MyAccountResources">
<kw name="Click Button" owner="SeleniumLibrary">
<msg time="2024-07-18T16:26:05.815857" level="INFO">Clicking button 'xpath://input[@value='Save']'.</msg>
<arg>${save_path}</arg>
<doc>Clicks the button identified by ``locator``.</doc>
<status status="PASS" start="2024-07-18T16:26:05.815857" elapsed="1.021934"/>
</kw>
<status status="PASS" start="2024-07-18T16:26:05.814971" elapsed="1.025224"/>
</kw>
<arg>_firstname=narayana</arg>
<arg>_lastname=samy</arg>
<arg>_email=narayanasamy04082002@gmail.com</arg>
<doc>This test case will validate the customer info</doc>
<status status="PASS" start="2024-07-18T16:26:02.767174" elapsed="4.074902"/>
</kw>
<kw name="Close All Browsers" owner="SeleniumLibrary" type="TEARDOWN">
<doc>Closes all open browsers and resets the browser cache.</doc>
<status status="PASS" start="2024-07-18T16:26:06.842076" elapsed="6.216310"/>
</kw>
<status status="PASS" start="2024-07-18T16:25:55.794494" elapsed="17.263892"/>
</test>
<doc>To validate login and profile information</doc>
<status status="PASS" start="2024-07-18T16:25:55.745638" elapsed="17.318796"/>
</suite>
<suite id="s1-s1-s7" name="MyAccountTest RewardPoints" source="E:\EXPLEO\Expleo Project\PilotProject_DemoWebShop_Jayasuriyarepo\TestCase\MyAccountTest_RewardPoints.robot">
<test id="s1-s1-s7-t1" name="Validate the Reward points" line="10">
<kw name="Open the Browser" owner="GenericResources" type="SETUP">
<kw name="Open Browser" owner="SeleniumLibrary">
<msg time="2024-07-18T16:26:13.074773" level="INFO">Opening browser 'Chrome' to base url 'https://demowebshop.tricentis.com/'.</msg>
<arg>${url}</arg>
<arg>${browser_name}</arg>
<doc>Opens a new browser instance to the optional ``url``.</doc>
<status status="PASS" start="2024-07-18T16:26:13.074773" elapsed="13.769015"/>
</kw>
<kw name="Maximize Browser Window" owner="SeleniumLibrary">
<doc>Maximizes current browser window.</doc>
<status status="PASS" start="2024-07-18T16:26:26.847270" elapsed="0.030279"/>
</kw>
<kw name="Set Selenium Implicit Wait" owner="SeleniumLibrary">
<arg>10 seconds</arg>
<doc>Sets the implicit wait value used by Selenium.</doc>
<status status="PASS" start="2024-07-18T16:26:26.877549" elapsed="0.002712"/>
</kw>
<status status="PASS" start="2024-07-18T16:26:13.074773" elapsed="13.805488"/>
</kw>
<kw name="Fill login email" owner="MyAccountResources">
<kw name="Click Link" owner="SeleniumLibrary">
<msg time="2024-07-18T16:26:26.883158" level="INFO">Clicking link 'xpath=//a[text()='Log in']'.</msg>
<arg>${login}</arg>
<doc>Clicks a link identified by ``locator``.</doc>
<status status="PASS" start="2024-07-18T16:26:26.882256" elapsed="0.671463"/>
</kw>
<kw name="Input Text" owner="SeleniumLibrary">
<msg time="2024-07-18T16:26:27.556100" level="INFO">Typing text 'narayanasamy04082002@gmail.com' into text field 'xpath://input[@id='Email']'.</msg>
<arg>${login_email}</arg>
<arg>narayanasamy04082002@gmail.com</arg>
<doc>Types the given ``text`` into the text field identified by ``locator``.</doc>
<status status="PASS" start="2024-07-18T16:26:27.556100" elapsed="0.114074"/>
</kw>
<kw name="Input Text" owner="SeleniumLibrary">
<msg time="2024-07-18T16:26:27.670174" level="INFO">Typing text 'narayana' into text field 'xpath://input[@id='Password']'.</msg>
<arg>${login_pass}</arg>
<arg>narayana</arg>
<doc>Types the given ``text`` into the text field identified by ``locator``.</doc>
<status status="PASS" start="2024-07-18T16:26:27.670174" elapsed="0.104198"/>
</kw>
<kw name="Click Button" owner="SeleniumLibrary">
<msg time="2024-07-18T16:26:27.776693" level="INFO">Clicking button 'xpath=//input[@class='button-1 login-button']'.</msg>
<arg>${login_btn}</arg>
<doc>Clicks the button identified by ``locator``.</doc>
<status status="PASS" start="2024-07-18T16:26:27.775685" elapsed="1.101315"/>
</kw>
<status status="PASS" start="2024-07-18T16:26:26.882256" elapsed="1.998752"/>
</kw>
<kw name="Click account" owner="MyAccountResources">
<kw name="Click Link" owner="SeleniumLibrary">
<msg time="2024-07-18T16:26:28.881008" level="INFO">Clicking link 'xpath:(//li/a)[1]'.</msg>
<arg>${clickaccount}</arg>
<doc>Clicks a link identified by ``locator``.</doc>
<status status="PASS" start="2024-07-18T16:26:28.881008" elapsed="0.837189"/>
</kw>
<status status="PASS" start="2024-07-18T16:26:28.881008" elapsed="0.843767"/>
</kw>
<kw name="Click Reward points button" owner="MyAccountResources">
<kw name="Click Element" owner="SeleniumLibrary">
<msg time="2024-07-18T16:26:29.726386" level="INFO">Clicking element 'css:a[class='active']'.</msg>
<arg>${reward_points}</arg>
<doc>Click the element identified by ``locator``.</doc>
<status status="PASS" start="2024-07-18T16:26:29.726386" elapsed="0.602587"/>
</kw>
<status status="PASS" start="2024-07-18T16:26:29.724775" elapsed="0.606694"/>
</kw>
<kw name="Close All Browsers" owner="SeleniumLibrary" type="TEARDOWN">
<doc>Closes all open browsers and resets the browser cache.</doc>
<status status="PASS" start="2024-07-18T16:26:30.331469" elapsed="6.257134"/>
</kw>
<status status="PASS" start="2024-07-18T16:26:13.074773" elapsed="23.513830"/>
</test>
<doc>To validate reward points</doc>
<status status="PASS" start="2024-07-18T16:26:13.065648" elapsed="23.529011"/>
</suite>
<suite id="s1-s1-s8" name="MyAddressTest Orders" source="E:\EXPLEO\Expleo Project\PilotProject_DemoWebShop_Jayasuriyarepo\TestCase\MyAddressTest_Orders.robot">
<test id="s1-s1-s8-t1" name="Validate the order" line="12">
<kw name="Open the Browser" owner="GenericResources" type="SETUP">
<kw name="Open Browser" owner="SeleniumLibrary">
<msg time="2024-07-18T16:26:36.604478" level="INFO">Opening browser 'Chrome' to base url 'https://demowebshop.tricentis.com/'.</msg>
<arg>${url}</arg>
<arg>${browser_name}</arg>
<doc>Opens a new browser instance to the optional ``url``.</doc>
<status status="PASS" start="2024-07-18T16:26:36.604478" elapsed="7.782549"/>
</kw>
<kw name="Maximize Browser Window" owner="SeleniumLibrary">
<doc>Maximizes current browser window.</doc>
<status status="PASS" start="2024-07-18T16:26:44.387027" elapsed="0.026520"/>
</kw>
<kw name="Set Selenium Implicit Wait" owner="SeleniumLibrary">
<arg>10 seconds</arg>
<doc>Sets the implicit wait value used by Selenium.</doc>
<status status="PASS" start="2024-07-18T16:26:44.414559" elapsed="0.002228"/>
</kw>
<status status="PASS" start="2024-07-18T16:26:36.604478" elapsed="7.812309"/>
</kw>
<kw name="Fill login email" owner="MyAccountResources">
<kw name="Click Link" owner="SeleniumLibrary">
<msg time="2024-07-18T16:26:44.418794" level="INFO">Clicking link 'xpath=//a[text()='Log in']'.</msg>
<arg>${login}</arg>
<doc>Clicks a link identified by ``locator``.</doc>
<status status="PASS" start="2024-07-18T16:26:44.416787" elapsed="0.615564"/>
</kw>
<kw name="Input Text" owner="SeleniumLibrary">
<msg time="2024-07-18T16:26:45.034654" level="INFO">Typing text 'narayanasamy04082002@gmail.com' into text field 'xpath://input[@id='Email']'.</msg>
<arg>${login_email}</arg>
<arg>narayanasamy04082002@gmail.com</arg>
<doc>Types the given ``text`` into the text field identified by ``locator``.</doc>
<status status="PASS" start="2024-07-18T16:26:45.033642" elapsed="0.108769"/>
</kw>
<kw name="Input Text" owner="SeleniumLibrary">
<msg time="2024-07-18T16:26:45.144484" level="INFO">Typing text 'narayana' into text field 'xpath://input[@id='Password']'.</msg>
<arg>${login_pass}</arg>
<arg>narayana</arg>
<doc>Types the given ``text`` into the text field identified by ``locator``.</doc>
<status status="PASS" start="2024-07-18T16:26:45.144484" elapsed="0.105167"/>
</kw>
<kw name="Click Button" owner="SeleniumLibrary">
<msg time="2024-07-18T16:26:45.252203" level="INFO">Clicking button 'xpath=//input[@class='button-1 login-button']'.</msg>
<arg>${login_btn}</arg>
<doc>Clicks the button identified by ``locator``.</doc>
<status status="PASS" start="2024-07-18T16:26:45.250676" elapsed="1.112123"/>
</kw>
<status status="PASS" start="2024-07-18T16:26:44.416787" elapsed="1.948803"/>
</kw>
<kw name="Click account" owner="MyAccountResources">
<kw name="Click Link" owner="SeleniumLibrary">
<msg time="2024-07-18T16:26:46.367822" level="INFO">Clicking link 'xpath:(//li/a)[1]'.</msg>
<arg>${clickaccount}</arg>
<doc>Clicks a link identified by ``locator``.</doc>
<status status="PASS" start="2024-07-18T16:26:46.365590" elapsed="0.647025"/>
</kw>
<status status="PASS" start="2024-07-18T16:26:46.365590" elapsed="0.648081"/>
</kw>
<kw name="Click order button" owner="MyAccountResources">
<kw name="Click Element" owner="SeleniumLibrary">
<msg time="2024-07-18T16:26:47.014680" level="INFO">Clicking element 'xpath:(//a[text()='Orders'])[1]'.</msg>
<arg>${order_path}</arg>
<doc>Click the element identified by ``locator``.</doc>
<status status="PASS" start="2024-07-18T16:26:47.014680" elapsed="0.570416"/>
</kw>
<status status="PASS" start="2024-07-18T16:26:47.013671" elapsed="0.573343"/>
</kw>
<kw name="Close All Browsers" owner="SeleniumLibrary" type="TEARDOWN">
<doc>Closes all open browsers and resets the browser cache.</doc>
<status status="PASS" start="2024-07-18T16:26:47.587014" elapsed="6.256677"/>
</kw>
<status status="PASS" start="2024-07-18T16:26:36.604478" elapsed="17.239213"/>
</test>
<doc>To validate order information</doc>
<status status="PASS" start="2024-07-18T16:26:36.595891" elapsed="17.248836"/>
</suite>
<suite id="s1-s1-s9" name="Test Appeal" source="E:\EXPLEO\Expleo Project\PilotProject_DemoWebShop_Jayasuriyarepo\TestCase\Test_Appeal.robot">
<test id="s1-s1-s9-t1" name="verify the element of A to Z" line="10">
<kw name="Open the Browser" owner="GenericResources" type="SETUP">
<kw name="Open Browser" owner="SeleniumLibrary">
<msg time="2024-07-18T16:26:53.864490" level="INFO">Opening browser 'Chrome' to base url 'https://demowebshop.tricentis.com/'.</msg>
<arg>${url}</arg>
<arg>${browser_name}</arg>
<doc>Opens a new browser instance to the optional ``url``.</doc>
<status status="PASS" start="2024-07-18T16:26:53.864490" elapsed="6.908738"/>
</kw>
<kw name="Maximize Browser Window" owner="SeleniumLibrary">
<doc>Maximizes current browser window.</doc>
<status status="PASS" start="2024-07-18T16:27:00.774759" elapsed="0.029729"/>
</kw>
<kw name="Set Selenium Implicit Wait" owner="SeleniumLibrary">
<arg>10 seconds</arg>
<doc>Sets the implicit wait value used by Selenium.</doc>
<status status="PASS" start="2024-07-18T16:27:00.804488" elapsed="0.000000"/>
</kw>
<status status="PASS" start="2024-07-18T16:26:53.864490" elapsed="6.939998"/>
</kw>
<kw name="click the appereal A to z" owner="ApparealResources">
<kw name="Click Link" owner="SeleniumLibrary">
<msg time="2024-07-18T16:27:00.809337" level="INFO">Clicking link 'css:a[href='/apparel-shoes']'.</msg>
<arg>${appereal}</arg>
<doc>Clicks a link identified by ``locator``.</doc>
<status status="PASS" start="2024-07-18T16:27:00.809337" elapsed="1.058691"/>
</kw>
<kw name="Select From List By Label" owner="SeleniumLibrary">
<msg time="2024-07-18T16:27:01.869532" level="INFO">Selecting options from selection list 'id:products-orderby' by label Name: A to Z.</msg>
<arg>id:products-orderby</arg>
<arg>Name: A to Z</arg>
<doc>Selects options from selection list ``locator`` by ``labels``.</doc>
<status status="PASS" start="2024-07-18T16:27:01.869532" elapsed="0.728288"/>
</kw>
<kw name="Select From List By Label" owner="SeleniumLibrary">
<msg time="2024-07-18T16:27:02.597820" level="INFO">Selecting options from selection list 'id:products-pagesize' by label 4.</msg>
<arg>id:products-pagesize</arg>
<arg>4</arg>
<doc>Selects options from selection list ``locator`` by ``labels``.</doc>
<status status="PASS" start="2024-07-18T16:27:02.597820" elapsed="0.688190"/>
</kw>
<kw name="Select From List By Label" owner="SeleniumLibrary">
<msg time="2024-07-18T16:27:03.289875" level="INFO">Selecting options from selection list 'id:products-viewmode' by label Grid.</msg>
<arg>id:products-viewmode</arg>
<arg>Grid</arg>
<doc>Selects options from selection list ``locator`` by ``labels``.</doc>
<status status="PASS" start="2024-07-18T16:27:03.289875" elapsed="0.054778"/>
</kw>
<kw name="Click Element" owner="SeleniumLibrary">
<msg time="2024-07-18T16:27:03.346096" level="INFO">Clicking element 'xpath=//h2[@class='product-title']'.</msg>
<arg>${click}</arg>
<doc>Click the element identified by ``locator``.</doc>
<status status="PASS" start="2024-07-18T16:27:03.346096" elapsed="1.902595"/>
</kw>
<kw name="Element Text Should Be" owner="SeleniumLibrary">
<msg time="2024-07-18T16:27:05.250025" level="INFO">Verifying element 'xpath=//div[@class='product-name']' contains exact text '50's Rockabilly Polka Dot Top JR Plus Size'.</msg>
<arg>${select_prod}</arg>
<arg>50's Rockabilly Polka Dot Top JR Plus Size</arg>
<doc>Verifies that element ``locator`` contains exact the text ``expected``.</doc>
<status status="PASS" start="2024-07-18T16:27:05.250025" elapsed="0.029001"/>
</kw>
<status status="PASS" start="2024-07-18T16:27:00.804488" elapsed="4.480090"/>
</kw>
<kw name="Close Browser Session" owner="GenericResources" type="TEARDOWN">
<kw name="Close Browser" owner="SeleniumLibrary">
<doc>Closes the current browser.</doc>
<status status="PASS" start="2024-07-18T16:27:05.284578" elapsed="2.157525"/>
</kw>
<status status="PASS" start="2024-07-18T16:27:05.284578" elapsed="2.157525"/>
</kw>
<tag>smoke</tag>
<status status="PASS" start="2024-07-18T16:26:53.864490" elapsed="13.578872"/>
</test>
<test id="s1-s1-s9-t2" name="Verify the element of Z to A" line="14">
<kw name="Open the Browser" owner="GenericResources" type="SETUP">
<kw name="Open Browser" owner="SeleniumLibrary">
<msg time="2024-07-18T16:27:07.450039" level="INFO">Opening browser 'Chrome' to base url 'https://demowebshop.tricentis.com/'.</msg>
<arg>${url}</arg>
<arg>${browser_name}</arg>
<doc>Opens a new browser instance to the optional ``url``.</doc>
<status status="PASS" start="2024-07-18T16:27:07.450039" elapsed="6.157413"/>
</kw>
<kw name="Maximize Browser Window" owner="SeleniumLibrary">
<doc>Maximizes current browser window.</doc>
<status status="PASS" start="2024-07-18T16:27:13.607452" elapsed="0.028661"/>
</kw>
<kw name="Set Selenium Implicit Wait" owner="SeleniumLibrary">
<arg>10 seconds</arg>
<doc>Sets the implicit wait value used by Selenium.</doc>
<status status="PASS" start="2024-07-18T16:27:13.636113" elapsed="0.002636"/>
</kw>
<status status="PASS" start="2024-07-18T16:27:07.448032" elapsed="6.190717"/>
</kw>
<kw name="click the appereal z to A" owner="ApparealResources">
<kw name="Click Link" owner="SeleniumLibrary">
<msg time="2024-07-18T16:27:13.640253" level="INFO">Clicking link 'css:a[href='/apparel-shoes']'.</msg>
<arg>${appereal}</arg>
<doc>Clicks a link identified by ``locator``.</doc>
<status status="PASS" start="2024-07-18T16:27:13.638749" elapsed="1.322686"/>
</kw>
<kw name="Select From List By Label" owner="SeleniumLibrary">
<msg time="2024-07-18T16:27:14.964231" level="INFO">Selecting options from selection list 'id:products-orderby' by label Name: Z to A.</msg>
<arg>id:products-orderby</arg>
<arg>Name: Z to A</arg>
<doc>Selects options from selection list ``locator`` by ``labels``.</doc>
<status status="PASS" start="2024-07-18T16:27:14.964231" elapsed="0.817895"/>
</kw>
<kw name="Select From List By Label" owner="SeleniumLibrary">
<msg time="2024-07-18T16:27:15.785702" level="INFO">Selecting options from selection list 'id:products-pagesize' by label 4.</msg>
<arg>id:products-pagesize</arg>
<arg>4</arg>
<doc>Selects options from selection list ``locator`` by ``labels``.</doc>
<status status="PASS" start="2024-07-18T16:27:15.784650" elapsed="0.663165"/>
</kw>
<kw name="Select From List By Label" owner="SeleniumLibrary">
<msg time="2024-07-18T16:27:16.457203" level="INFO">Selecting options from selection list 'id:products-viewmode' by label Grid.</msg>
<arg>id:products-viewmode</arg>
<arg>Grid</arg>
<doc>Selects options from selection list ``locator`` by ``labels``.</doc>
<status status="PASS" start="2024-07-18T16:27:16.456198" elapsed="0.057441"/>
</kw>
<kw name="Click Element" owner="SeleniumLibrary">
<msg time="2024-07-18T16:27:16.516073" level="INFO">Clicking element 'xpath=//h2[@class='product-title']'.</msg>
<arg>${click_Z to A}</arg>
<doc>Click the element identified by ``locator``.</doc>
<status status="PASS" start="2024-07-18T16:27:16.514691" elapsed="1.881266"/>
</kw>
<kw name="Element Text Should Be" owner="SeleniumLibrary">
<msg time="2024-07-18T16:27:18.395957" level="INFO">Verifying element 'css:div[class='product-name']' contains exact text 'Wool Hat'.</msg>
<arg>${check_pro}</arg>
<arg>Wool Hat</arg>
<doc>Verifies that element ``locator`` contains exact the text ``expected``.</doc>
<status status="PASS" start="2024-07-18T16:27:18.395957" elapsed="0.033186"/>
</kw>
<status status="PASS" start="2024-07-18T16:27:13.638749" elapsed="4.790394"/>
</kw>
<kw name="Close Browser Session" owner="GenericResources" type="TEARDOWN">
<kw name="Close Browser" owner="SeleniumLibrary">
<doc>Closes the current browser.</doc>
<status status="PASS" start="2024-07-18T16:27:18.429143" elapsed="2.154523"/>
</kw>
<status status="PASS" start="2024-07-18T16:27:18.429143" elapsed="2.155562"/>
</kw>
<tag>smoke</tag>
<status status="PASS" start="2024-07-18T16:27:07.448032" elapsed="13.136673"/>
</test>
<test id="s1-s1-s9-t3" name="verify the element of low to high" line="18">
<kw name="Open the Browser" owner="GenericResources" type="SETUP">
<kw name="Open Browser" owner="SeleniumLibrary">
<msg time="2024-07-18T16:27:20.601307" level="INFO">Opening browser 'Chrome' to base url 'https://demowebshop.tricentis.com/'.</msg>
<arg>${url}</arg>
<arg>${browser_name}</arg>
<doc>Opens a new browser instance to the optional ``url``.</doc>
<status status="PASS" start="2024-07-18T16:27:20.599865" elapsed="6.610276"/>
</kw>
<kw name="Maximize Browser Window" owner="SeleniumLibrary">
<doc>Maximizes current browser window.</doc>
<status status="PASS" start="2024-07-18T16:27:27.210141" elapsed="0.035788"/>
</kw>
<kw name="Set Selenium Implicit Wait" owner="SeleniumLibrary">
<arg>10 seconds</arg>
<doc>Sets the implicit wait value used by Selenium.</doc>
<status status="PASS" start="2024-07-18T16:27:27.245929" elapsed="0.000000"/>
</kw>
<status status="PASS" start="2024-07-18T16:27:20.599865" elapsed="6.646064"/>
</kw>
<kw name="click the appereal low to high" owner="ApparealResources">
<kw name="Click Link" owner="SeleniumLibrary">
<msg time="2024-07-18T16:27:27.249786" level="INFO">Clicking link 'css:a[href='/apparel-shoes']'.</msg>
<arg>${appereal}</arg>
<doc>Clicks a link identified by ``locator``.</doc>
<status status="PASS" start="2024-07-18T16:27:27.245929" elapsed="1.122563"/>
</kw>
<kw name="Select From List By Label" owner="SeleniumLibrary">
<msg time="2024-07-18T16:27:28.372262" level="INFO">Selecting options from selection list 'id:products-orderby' by label Price: Low to High.</msg>
<arg>id:products-orderby</arg>
<arg>Price: Low to High</arg>
<doc>Selects options from selection list ``locator`` by ``labels``.</doc>
<status status="PASS" start="2024-07-18T16:27:28.371183" elapsed="0.814845"/>
</kw>
<kw name="Select From List By Label" owner="SeleniumLibrary">
<msg time="2024-07-18T16:27:29.191586" level="INFO">Selecting options from selection list 'id:products-pagesize' by label 4.</msg>
<arg>id:products-pagesize</arg>
<arg>4</arg>
<doc>Selects options from selection list ``locator`` by ``labels``.</doc>
<status status="PASS" start="2024-07-18T16:27:29.191586" elapsed="0.725144"/>
</kw>
<kw name="Select From List By Label" owner="SeleniumLibrary">
<msg time="2024-07-18T16:27:29.923673" level="INFO">Selecting options from selection list 'id:products-viewmode' by label Grid.</msg>
<arg>id:products-viewmode</arg>
<arg>Grid</arg>
<doc>Selects options from selection list ``locator`` by ``labels``.</doc>
<status status="PASS" start="2024-07-18T16:27:29.923673" elapsed="0.062466"/>
</kw>
<kw name="Click Element" owner="SeleniumLibrary">
<msg time="2024-07-18T16:27:29.986139" level="INFO">Clicking element 'css:h2[class='product-title']'.</msg>
<arg>${price}</arg>
<doc>Click the element identified by ``locator``.</doc>
<status status="PASS" start="2024-07-18T16:27:29.986139" elapsed="2.348669"/>
</kw>
<kw name="Element Text Should Be" owner="SeleniumLibrary">
<msg time="2024-07-18T16:27:32.336824" level="INFO">Verifying element 'css:div.product-price' contains exact text '1.00'.</msg>
<arg>${pro_price}</arg>
<arg>1.00</arg>
<doc>Verifies that element ``locator`` contains exact the text ``expected``.</doc>
<status status="PASS" start="2024-07-18T16:27:32.336824" elapsed="0.033093"/>
</kw>
<status status="PASS" start="2024-07-18T16:27:27.245929" elapsed="5.123988"/>
</kw>
<kw name="Close Browser Session" owner="GenericResources" type="TEARDOWN">
<kw name="Close Browser" owner="SeleniumLibrary">
<doc>Closes the current browser.</doc>
<status status="PASS" start="2024-07-18T16:27:32.369917" elapsed="2.172968"/>
</kw>
<status status="PASS" start="2024-07-18T16:27:32.369917" elapsed="2.172968"/>
</kw>
<status status="PASS" start="2024-07-18T16:27:20.598861" elapsed="13.944024"/>
</test>
<test id="s1-s1-s9-t4" name="verify the element of high to low" line="21">
<kw name="Open the Browser" owner="GenericResources" type="SETUP">
<kw name="Open Browser" owner="SeleniumLibrary">
<msg time="2024-07-18T16:27:34.555793" level="INFO">Opening browser 'Chrome' to base url 'https://demowebshop.tricentis.com/'.</msg>
<arg>${url}</arg>
<arg>${browser_name}</arg>
<doc>Opens a new browser instance to the optional ``url``.</doc>
<status status="PASS" start="2024-07-18T16:27:34.555793" elapsed="6.320081"/>
</kw>
<kw name="Maximize Browser Window" owner="SeleniumLibrary">
<doc>Maximizes current browser window.</doc>
<status status="PASS" start="2024-07-18T16:27:40.880908" elapsed="0.035262"/>
</kw>
<kw name="Set Selenium Implicit Wait" owner="SeleniumLibrary">
<arg>10 seconds</arg>
[...]
</suite>
<suite id="s1-s1-s32" name="TestInformationmoduleprivacy" source="E:\EXPLEO\Expleo Project\PilotProject_DemoWebShop_Jayasuriyarepo\TestCase\TestInformationmoduleprivacy.robot">
<test id="s1-s1-s32-t1" name="Verifying for Privacy notice page" line="16">
<kw name="Open the Browser" owner="GenericResources" type="SETUP">
<kw name="Open Browser" owner="SeleniumLibrary">
<msg time="2024-07-18T16:36:38.784845" level="INFO">Opening browser 'Chrome' to base url 'https://demowebshop.tricentis.com/'.</msg>
<arg>${url}</arg>
<arg>${browser_name}</arg>
<doc>Opens a new browser instance to the optional ``url``.</doc>
<status status="PASS" start="2024-07-18T16:36:38.784845" elapsed="7.788169"/>
</kw>
<kw name="Maximize Browser Window" owner="SeleniumLibrary">
<doc>Maximizes current browser window.</doc>
<status status="PASS" start="2024-07-18T16:36:46.576091" elapsed="0.029659"/>
</kw>
<kw name="Set Selenium Implicit Wait" owner="SeleniumLibrary">
<arg>10 seconds</arg>
<doc>Sets the implicit wait value used by Selenium.</doc>
<status status="PASS" start="2024-07-18T16:36:46.605750" elapsed="0.000000"/>
</kw>
<status status="PASS" start="2024-07-18T16:36:38.783806" elapsed="7.821944"/>
</kw>
<kw name="To assert the Privacy notice page">
<kw name="Run Keyword And Ignore Error" owner="BuiltIn">
<kw name="To click on privacy option" owner="Informationmoduleresource">
<kw name="Click Link" owner="SeleniumLibrary">
<msg time="2024-07-18T16:36:46.614463" level="INFO">Clicking link 'xpath://a[text()="Privacy Notice"]'.</msg>
<arg>${privacy_l}</arg>
<doc>Clicks a link identified by ``locator``.</doc>
<status status="PASS" start="2024-07-18T16:36:46.614463" elapsed="1.142401"/>
</kw>
<status status="PASS" start="2024-07-18T16:36:46.613945" elapsed="1.157773"/>
</kw>
<arg>Informationmoduleresource.To click on privacy option</arg>
<doc>Runs the given keyword with the given arguments and ignores possible error.</doc>
<status status="PASS" start="2024-07-18T16:36:46.605750" elapsed="1.165968"/>
</kw>
<kw name="Run Keyword And Ignore Error" owner="BuiltIn">
<kw name="To verify privacy page" owner="Informationmoduleresource">
<kw name="Element Text Should Be" owner="SeleniumLibrary">
<msg time="2024-07-18T16:36:47.773997" level="INFO">Verifying element 'xpath://div[@class="page-title"]/h1' contains exact text 'Privacy policy'.</msg>
<arg>${pagetitle}</arg>
<arg>Privacy policy</arg>
<doc>Verifies that element ``locator`` contains exact the text ``expected``.</doc>
<status status="PASS" start="2024-07-18T16:36:47.771718" elapsed="0.033876"/>
</kw>
<status status="PASS" start="2024-07-18T16:36:47.771718" elapsed="0.039933"/>
</kw>
<arg>Informationmoduleresource.To verify privacy page</arg>
<doc>Runs the given keyword with the given arguments and ignores possible error.</doc>
<status status="PASS" start="2024-07-18T16:36:47.771718" elapsed="0.039933"/>
</kw>
<status status="PASS" start="2024-07-18T16:36:46.605750" elapsed="1.205901"/>
</kw>
<kw name="Close Browser Session" owner="GenericResources" type="TEARDOWN">
<kw name="Close Browser" owner="SeleniumLibrary">
<doc>Closes the current browser.</doc>
<status status="PASS" start="2024-07-18T16:36:47.813626" elapsed="2.146397"/>
</kw>
<status status="PASS" start="2024-07-18T16:36:47.813626" elapsed="2.146397"/>
</kw>
<tag>smoketest</tag>
<status status="PASS" start="2024-07-18T16:36:38.782787" elapsed="11.177236"/>
</test>
<doc>Test case for sitemap page</doc>
<status status="PASS" start="2024-07-18T16:36:38.775002" elapsed="11.190686"/>
</suite>
<suite id="s1-s1-s33" name="TestInformationmoduleshipping" source="E:\EXPLEO\Expleo Project\PilotProject_DemoWebShop_Jayasuriyarepo\TestCase\TestInformationmoduleshipping.robot">
<test id="s1-s1-s33-t1" name="Verifying for shipping and return page" line="15">
<kw name="Open the Browser" owner="GenericResources" type="SETUP">
<kw name="Open Browser" owner="SeleniumLibrary">
<msg time="2024-07-18T16:36:49.977445" level="INFO">Opening browser 'Chrome' to base url 'https://demowebshop.tricentis.com/'.</msg>
<arg>${url}</arg>
<arg>${browser_name}</arg>
<doc>Opens a new browser instance to the optional ``url``.</doc>
<status status="PASS" start="2024-07-18T16:36:49.977445" elapsed="9.486227"/>
</kw>
<kw name="Maximize Browser Window" owner="SeleniumLibrary">
<doc>Maximizes current browser window.</doc>
<status status="PASS" start="2024-07-18T16:36:59.470958" elapsed="0.024033"/>
</kw>
<kw name="Set Selenium Implicit Wait" owner="SeleniumLibrary">
<arg>10 seconds</arg>
<doc>Sets the implicit wait value used by Selenium.</doc>
<status status="PASS" start="2024-07-18T16:36:59.494991" elapsed="0.001554"/>
</kw>
<status status="PASS" start="2024-07-18T16:36:49.977445" elapsed="9.519100"/>
</kw>
<kw name="To assert the shipping and return page">
<kw name="Run Keyword And Ignore Error" owner="BuiltIn">
<kw name="To click on shipping option" owner="Informationmoduleresource">
<kw name="Click Link" owner="SeleniumLibrary">
<msg time="2024-07-18T16:36:59.498653" level="INFO">Clicking link 'xpath://a[text()="Shipping &amp; Returns"]'.</msg>
<arg>${shipping_l}</arg>
<doc>Clicks a link identified by ``locator``.</doc>
<status status="PASS" start="2024-07-18T16:36:59.498653" elapsed="0.584523"/>
</kw>
<status status="PASS" start="2024-07-18T16:36:59.498653" elapsed="0.585890"/>
</kw>
<arg>Informationmoduleresource.To click on shipping option</arg>
<doc>Runs the given keyword with the given arguments and ignores possible error.</doc>
<status status="PASS" start="2024-07-18T16:36:59.496545" elapsed="0.587998"/>
</kw>
<kw name="Run Keyword And Ignore Error" owner="BuiltIn">
<kw name="To verify shipping page" owner="Informationmoduleresource">
<kw name="Element Text Should Be" owner="SeleniumLibrary">
<msg time="2024-07-18T16:37:00.085846" level="INFO">Verifying element 'xpath://div[@class="page-title"]/h1' contains exact text 'Shipping &amp; Returns'.</msg>
<arg>${pagetitle}</arg>
<arg>Shipping &amp; Returns</arg>
<doc>Verifies that element ``locator`` contains exact the text ``expected``.</doc>
<status status="PASS" start="2024-07-18T16:37:00.085846" elapsed="0.028612"/>
</kw>
<status status="PASS" start="2024-07-18T16:37:00.085846" elapsed="0.030116"/>
</kw>
<arg>Informationmoduleresource.To verify shipping page</arg>
<doc>Runs the given keyword with the given arguments and ignores possible error.</doc>
<status status="PASS" start="2024-07-18T16:37:00.084543" elapsed="0.031419"/>
</kw>
<status status="PASS" start="2024-07-18T16:36:59.496545" elapsed="0.619417"/>
</kw>
<kw name="Close Browser Session" owner="GenericResources" type="TEARDOWN">
<kw name="Close Browser" owner="SeleniumLibrary">
<doc>Closes the current browser.</doc>
<status status="PASS" start="2024-07-18T16:37:00.117617" elapsed="2.141500"/>
</kw>
<status status="PASS" start="2024-07-18T16:37:00.117617" elapsed="2.141500"/>
</kw>
<tag>smoketest</tag>
<status status="PASS" start="2024-07-18T16:36:49.976302" elapsed="12.282815"/>
</test>
<doc>Test case to click shipping and return page</doc>
<status status="PASS" start="2024-07-18T16:36:49.968441" elapsed="12.296831"/>
</suite>
<suite id="s1-s1-s34" name="TestInformationmodulesitemap" source="E:\EXPLEO\Expleo Project\PilotProject_DemoWebShop_Jayasuriyarepo\TestCase\TestInformationmodulesitemap.robot">
<test id="s1-s1-s34-t1" name="Verifying for site map page" line="15">
<kw name="Open the Browser" owner="GenericResources" type="SETUP">
<kw name="Open Browser" owner="SeleniumLibrary">
<msg time="2024-07-18T16:37:02.290432" level="INFO">Opening browser 'Chrome' to base url 'https://demowebshop.tricentis.com/'.</msg>
<arg>${url}</arg>
<arg>${browser_name}</arg>
<doc>Opens a new browser instance to the optional ``url``.</doc>
<status status="PASS" start="2024-07-18T16:37:02.290432" elapsed="7.424418"/>
</kw>
<kw name="Maximize Browser Window" owner="SeleniumLibrary">
<doc>Maximizes current browser window.</doc>
<status status="PASS" start="2024-07-18T16:37:09.714850" elapsed="0.033836"/>
</kw>
<kw name="Set Selenium Implicit Wait" owner="SeleniumLibrary">
<arg>10 seconds</arg>
<doc>Sets the implicit wait value used by Selenium.</doc>
<status status="PASS" start="2024-07-18T16:37:09.748686" elapsed="0.003005"/>
</kw>
<status status="PASS" start="2024-07-18T16:37:02.285394" elapsed="7.466297"/>
</kw>
<kw name="To assert the site map page">
<kw name="Run Keyword And Ignore Error" owner="BuiltIn">
<kw name="To click on sitemap option" owner="Informationmoduleresource">
<kw name="Click Link" owner="SeleniumLibrary">
<msg time="2024-07-18T16:37:09.753808" level="INFO">Clicking link 'xpath://a[text()="Sitemap"]'.</msg>
<arg>${sitemap_l}</arg>
<doc>Clicks a link identified by ``locator``.</doc>
<status status="PASS" start="2024-07-18T16:37:09.753510" elapsed="0.841326"/>
</kw>
<status status="PASS" start="2024-07-18T16:37:09.751691" elapsed="0.844965"/>
</kw>
<arg>Informationmoduleresource.To click on sitemap option</arg>
<doc>Runs the given keyword with the given arguments and ignores possible error.</doc>
<status status="PASS" start="2024-07-18T16:37:09.751691" elapsed="0.844965"/>
</kw>
<kw name="Run Keyword And Ignore Error" owner="BuiltIn">
<kw name="To verify sitepage" owner="Informationmoduleresource">
<kw name="Element Text Should Be" owner="SeleniumLibrary">
<msg time="2024-07-18T16:37:10.598812" level="INFO">Verifying element 'xpath://div[@class="page-title"]/h1' contains exact text 'Sitemap'.</msg>
<arg>${pagetitle}</arg>
<arg>Sitemap</arg>
<doc>Verifies that element ``locator`` contains exact the text ``expected``.</doc>
<status status="PASS" start="2024-07-18T16:37:10.598812" elapsed="0.035778"/>
</kw>
<status status="PASS" start="2024-07-18T16:37:10.598812" elapsed="0.041615"/>
</kw>
<arg>Informationmoduleresource.To verify sitepage</arg>
<doc>Runs the given keyword with the given arguments and ignores possible error.</doc>
<status status="PASS" start="2024-07-18T16:37:10.596656" elapsed="0.043771"/>
</kw>
<kw name="Run Keyword And Ignore Error" owner="BuiltIn">
<kw name="To click book option" owner="bookmoduleresource">
<try>
<branch type="TRY">
<kw name="Click Link" owner="SeleniumLibrary">
<msg time="2024-07-18T16:37:10.640427" level="INFO">Clicking link 'xpath:(//li/a)[5]'.</msg>
<arg>${book_l}</arg>
<doc>Clicks a link identified by ``locator``.</doc>
<status status="PASS" start="2024-07-18T16:37:10.640427" elapsed="1.038736"/>
</kw>
<status status="PASS" start="2024-07-18T16:37:10.640427" elapsed="1.038736"/>
</branch>
<branch type="EXCEPT">
<kw name="Log To Console" owner="BuiltIn">
<arg>Error clicking book option: ${book_l}</arg>
<doc>Logs the given message to the console.</doc>
<status status="NOT RUN" start="2024-07-18T16:37:11.679163" elapsed="0.000000"/>
</kw>
<status status="NOT RUN" start="2024-07-18T16:37:11.679163" elapsed="0.000000"/>
</branch>
<status status="PASS" start="2024-07-18T16:37:10.640427" elapsed="1.038736"/>
</try>
<status status="PASS" start="2024-07-18T16:37:10.640427" elapsed="1.038736"/>
</kw>
<arg>bookmoduleresource.To click book option</arg>
<doc>Runs the given keyword with the given arguments and ignores possible error.</doc>
<status status="PASS" start="2024-07-18T16:37:10.640427" elapsed="1.038736"/>
</kw>
<kw name="Run Keyword And Ignore Error" owner="BuiltIn">
<kw name="To click book option" owner="bookmoduleresource">
<try>
<branch type="TRY">
<kw name="Click Link" owner="SeleniumLibrary">
<msg time="2024-07-18T16:37:11.684467" level="INFO">Clicking link 'xpath:(//li/a)[5]'.</msg>
<arg>${book_l}</arg>
<doc>Clicks a link identified by ``locator``.</doc>
<status status="PASS" start="2024-07-18T16:37:11.684467" elapsed="0.610020"/>
</kw>
<status status="PASS" start="2024-07-18T16:37:11.683936" elapsed="0.610551"/>
</branch>
<branch type="EXCEPT">
<kw name="Log To Console" owner="BuiltIn">
<arg>Error clicking book option: ${book_l}</arg>
<doc>Logs the given message to the console.</doc>
<status status="NOT RUN" start="2024-07-18T16:37:12.298035" elapsed="0.000000"/>
</kw>
<status status="NOT RUN" start="2024-07-18T16:37:12.298035" elapsed="0.000000"/>
</branch>
<status status="PASS" start="2024-07-18T16:37:11.683936" elapsed="0.614099"/>
</try>
<status status="PASS" start="2024-07-18T16:37:11.683936" elapsed="0.614099"/>
</kw>
<arg>bookmoduleresource.To click book option</arg>
<doc>Runs the given keyword with the given arguments and ignores possible error.</doc>
<status status="PASS" start="2024-07-18T16:37:11.679163" elapsed="0.618872"/>
</kw>
<status status="PASS" start="2024-07-18T16:37:09.751691" elapsed="2.546344"/>
</kw>
<kw name="Close Browser Session" owner="GenericResources" type="TEARDOWN">
<kw name="Close Browser" owner="SeleniumLibrary">
<doc>Closes the current browser.</doc>
<status status="PASS" start="2024-07-18T16:37:12.298035" elapsed="2.183644"/>
</kw>
<status status="PASS" start="2024-07-18T16:37:12.298035" elapsed="2.183644"/>
</kw>
<tag>smoketest</tag>
<status status="PASS" start="2024-07-18T16:37:02.285394" elapsed="12.196285"/>
</test>
<doc>Test case for sitemap page</doc>
<status status="PASS" start="2024-07-18T16:37:02.276714" elapsed="12.209298"/>
</suite>
<status status="PASS" start="2024-07-18T16:23:04.833941" elapsed="849.652071"/>
</suite>
<status status="PASS" start="2024-07-18T16:23:04.812351" elapsed="849.673661"/>
</suite>
<statistics>
<total>
<stat pass="59" fail="0" skip="0">All Tests</stat>
</total>
<tag>
<stat pass="1" fail="0" skip="0">regreesion</stat>
<stat pass="3" fail="0" skip="0">regression</stat>
<stat pass="4" fail="0" skip="0">Regression test</stat>
<stat pass="1" fail="0" skip="0">retest</stat>
<stat pass="6" fail="0" skip="0">smoke</stat>
<stat pass="9" fail="0" skip="0">smoketest</stat>
</tag>
<suite>
<stat pass="59" fail="0" skip="0" id="s1" name="PilotProject DemoWebShop Jayasuriyarepo">PilotProject DemoWebShop Jayasuriyarepo</stat>
<stat pass="59" fail="0" skip="0" id="s1-s1" name="TestCase">PilotProject DemoWebShop Jayasuriyarepo.TestCase</stat>
<stat pass="5" fail="0" skip="0" id="s1-s1-s1" name="JewelryTest">PilotProject DemoWebShop Jayasuriyarepo.TestCase.JewelryTest</stat>
<stat pass="1" fail="0" skip="0" id="s1-s1-s2" name="MyAccountTest BackInStockSubscriptions">PilotProject DemoWebShop Jayasuriyarepo.TestCase.MyAccountTest BackInStockSubscriptions</stat>
<stat pass="1" fail="0" skip="0" id="s1-s1-s3" name="MyAccountTest ChangePassword">PilotProject DemoWebShop Jayasuriyarepo.TestCase.MyAccountTest ChangePassword</stat>
<stat pass="1" fail="0" skip="0" id="s1-s1-s4" name="MyAccountTest CustomerAddress">PilotProject DemoWebShop Jayasuriyarepo.TestCase.MyAccountTest CustomerAddress</stat>
<stat pass="1" fail="0" skip="0" id="s1-s1-s5" name="MyAccountTest EditCustomerAddress">PilotProject DemoWebShop Jayasuriyarepo.TestCase.MyAccountTest EditCustomerAddress</stat>
<stat pass="1" fail="0" skip="0" id="s1-s1-s6" name="MyAccountTest Login">PilotProject DemoWebShop Jayasuriyarepo.TestCase.MyAccountTest Login</stat>
<stat pass="1" fail="0" skip="0" id="s1-s1-s7" name="MyAccountTest RewardPoints">PilotProject DemoWebShop Jayasuriyarepo.TestCase.MyAccountTest RewardPoints</stat>
<stat pass="1" fail="0" skip="0" id="s1-s1-s8" name="MyAddressTest Orders">PilotProject DemoWebShop Jayasuriyarepo.TestCase.MyAddressTest Orders</stat>
<stat pass="5" fail="0" skip="0" id="s1-s1-s9" name="Test Appeal">PilotProject DemoWebShop Jayasuriyarepo.TestCase.Test Appeal</stat>
<stat pass="3" fail="0" skip="0" id="s1-s1-s10" name="Test Computers">PilotProject DemoWebShop Jayasuriyarepo.TestCase.Test Computers</stat>
<stat pass="9" fail="0" skip="0" id="s1-s1-s11" name="Test Computerservice">PilotProject DemoWebShop Jayasuriyarepo.TestCase.Test Computerservice</stat>
<stat pass="5" fail="0" skip="0" id="s1-s1-s12" name="Test contact">PilotProject DemoWebShop Jayasuriyarepo.TestCase.Test contact</stat>
<stat pass="1" fail="0" skip="0" id="s1-s1-s13" name="Test Forgotpass">PilotProject DemoWebShop Jayasuriyarepo.TestCase.Test Forgotpass</stat>
<stat pass="4" fail="0" skip="0" id="s1-s1-s14" name="Test InvalidLogin">PilotProject DemoWebShop Jayasuriyarepo.TestCase.Test InvalidLogin</stat>
<stat pass="1" fail="0" skip="0" id="s1-s1-s15" name="Test Register Female">PilotProject DemoWebShop Jayasuriyarepo.TestCase.Test Register Female</stat>
<stat pass="1" fail="0" skip="0" id="s1-s1-s16" name="Test Register Invalid">PilotProject DemoWebShop Jayasuriyarepo.TestCase.Test Register Invalid</stat>
<stat pass="1" fail="0" skip="0" id="s1-s1-s17" name="Test Register Male">PilotProject DemoWebShop Jayasuriyarepo.TestCase.Test Register Male</stat>
<stat pass="1" fail="0" skip="0" id="s1-s1-s18" name="Test ValidLogin">PilotProject DemoWebShop Jayasuriyarepo.TestCase.Test ValidLogin</stat>
<stat pass="1" fail="0" skip="0" id="s1-s1-s19" name="TestBookmoduleaddtocart">PilotProject DemoWebShop Jayasuriyarepo.TestCase.TestBookmoduleaddtocart</stat>
<stat pass="1" fail="0" skip="0" id="s1-s1-s20" name="TestBookmoduleclickproduct">PilotProject DemoWebShop Jayasuriyarepo.TestCase.TestBookmoduleclickproduct</stat>
<stat pass="1" fail="0" skip="0" id="s1-s1-s21" name="TestBookmoduleclickshoppingcart">PilotProject DemoWebShop Jayasuriyarepo.TestCase.TestBookmoduleclickshoppingcart</stat>
<stat pass="1" fail="0" skip="0" id="s1-s1-s22" name="TestBookmoduledisplay">PilotProject DemoWebShop Jayasuriyarepo.TestCase.TestBookmoduledisplay</stat>
<stat pass="1" fail="0" skip="0" id="s1-s1-s23" name="TestBookmodulefilterprice">PilotProject DemoWebShop Jayasuriyarepo.TestCase.TestBookmodulefilterprice</stat>
<stat pass="1" fail="0" skip="0" id="s1-s1-s24" name="TestBookmodulelogin">PilotProject DemoWebShop Jayasuriyarepo.TestCase.TestBookmodulelogin</stat>
<stat pass="1" fail="0" skip="0" id="s1-s1-s25" name="TestBookmoduleremovefilter">PilotProject DemoWebShop Jayasuriyarepo.TestCase.TestBookmoduleremovefilter</stat>
<stat pass="1" fail="0" skip="0" id="s1-s1-s26" name="TestBookmodulesortby">PilotProject DemoWebShop Jayasuriyarepo.TestCase.TestBookmodulesortby</stat>
<stat pass="1" fail="0" skip="0" id="s1-s1-s27" name="TestBookmodulesortbyprice">PilotProject DemoWebShop Jayasuriyarepo.TestCase.TestBookmodulesortbyprice</stat>
<stat pass="1" fail="0" skip="0" id="s1-s1-s28" name="TestBookmoduleview">PilotProject DemoWebShop Jayasuriyarepo.TestCase.TestBookmoduleview</stat>
<stat pass="1" fail="0" skip="0" id="s1-s1-s29" name="TestInformationmoduleaboutus">PilotProject DemoWebShop Jayasuriyarepo.TestCase.TestInformationmoduleaboutus</stat>
<stat pass="1" fail="0" skip="0" id="s1-s1-s30" name="TestInformationmodulecondition">PilotProject DemoWebShop Jayasuriyarepo.TestCase.TestInformationmodulecondition</stat>
<stat pass="1" fail="0" skip="0" id="s1-s1-s31" name="TestInformationmodulecontactus">PilotProject DemoWebShop Jayasuriyarepo.TestCase.TestInformationmodulecontactus</stat>
<stat pass="1" fail="0" skip="0" id="s1-s1-s32" name="TestInformationmoduleprivacy">PilotProject DemoWebShop Jayasuriyarepo.TestCase.TestInformationmoduleprivacy</stat>
<stat pass="1" fail="0" skip="0" id="s1-s1-s33" name="TestInformationmoduleshipping">PilotProject DemoWebShop Jayasuriyarepo.TestCase.TestInformationmoduleshipping</stat>
<stat pass="1" fail="0" skip="0" id="s1-s1-s34" name="TestInformationmodulesitemap">PilotProject DemoWebShop Jayasuriyarepo.TestCase.TestInformationmodulesitemap</stat>
</suite>
</statistics>
<errors>
<msg time="2024-07-18T16:32:24.124575" level="WARN">Multiple tests with name 'Invalid Login test' executed in suite 'PilotProject DemoWebShop Jayasuriyarepo.TestCase.Test InvalidLogin'.</msg>
<msg time="2024-07-18T16:32:34.935940" level="WARN">Multiple tests with name 'Invalid Login test' executed in suite 'PilotProject DemoWebShop Jayasuriyarepo.TestCase.Test InvalidLogin'.</msg>
<msg time="2024-07-18T16:32:46.124986" level="WARN">Multiple tests with name 'Invalid Login test' executed in suite 'PilotProject DemoWebShop Jayasuriyarepo.TestCase.Test InvalidLogin'.</msg>
</errors>
</robot>
